[WARN ] 2021-10-08T02:30:34,014Z [sshd-SshServer[13dc6649](port=2222)-nio2-thread-2] session.ServerSessionImpl. - exceptionCaught(ServerSessionImpl[null@/162.142.125.43:56792])[state=Opened] IOException: Connection reset by peer
[WARN ] 2021-10-08T03:07:10,258Z [sshd-SshServer[13dc6649](port=2222)-nio2-thread-3] session.ServerSessionImpl. - exceptionCaught(ServerSessionImpl[null@/87.251.64.20:65211])[state=Opened] IllegalStateException: Incorrect identification (null characters not allowed) -  at line 1 character #2 after ''
[WARN ] 2021-10-08T04:40:00,345Z [sshd-SshServer[13dc6649](port=2222)-nio2-thread-3] session.ServerSessionImpl. - exceptionCaught(ServerSessionImpl[null@/87.251.64.20:65243])[state=Opened] IllegalStateException: Incorrect identification (null characters not allowed) -  at line 1 character #2 after ''
[WARN ] 2021-10-08T08:19:49,048Z [sshd-SshServer[13dc6649](port=2222)-nio2-thread-3] session.ServerSessionImpl. - exceptionCaught(ServerSessionImpl[null@/80.82.77.33:49442])[state=Opened] SshException: Unable to negotiate key exchange for kex algorithms (client: diffie-hellman-group1-sha1,diffie-hellman-group14-sha1,diffie-hellman-group-exchange-sha1,diffie-hellman-group-exchange-sha256 / server: ecdh-sha2-nistp521,ecdh-sha2-nistp384,ecdh-sha2-nistp256,diffie-hellman-group14-sha256,diffie-hellman-group16-sha512,diffie-hellman-group18-sha512)
[INFO ] 2021-10-08T08:19:49,071Z [sshd-SshServer[13dc6649](port=2222)-nio2-thread-3] session.ServerSessionImpl. - Disconnecting(ServerSessionImpl[null@/80.82.77.33:49442]): SSH2_DISCONNECT_KEY_EXCHANGE_FAILED - Unable to negotiate key exchange for kex algorithms (client: diffie-hellman-group1-sha1,diffie-hellman-group14-sha1,diffie-hellman-group-exchange-sha1,diffie-hellman-group-exchange-sha256 / server: ecdh-sha2-nistp521,ecdh-sha2-nistp384,ecdh-sha2-nistp256,diffie-hellman-group14-sha256,diffie-hellman-group16-sha512,diffie-hellman-group18-sha512)
[WARN ] 2021-10-08T08:19:50,678Z [sshd-SshServer[13dc6649](port=2222)-nio2-thread-2] session.ServerSessionImpl. - exceptionCaught(ServerSessionImpl[null@/80.82.77.33:51054])[state=Opened] SshException: Unable to negotiate key exchange for kex algorithms (client: diffie-hellman-group1-sha1,diffie-hellman-group14-sha1,diffie-hellman-group-exchange-sha1,diffie-hellman-group-exchange-sha256 / server: ecdh-sha2-nistp521,ecdh-sha2-nistp384,ecdh-sha2-nistp256,diffie-hellman-group14-sha256,diffie-hellman-group16-sha512,diffie-hellman-group18-sha512)
[INFO ] 2021-10-08T08:19:50,678Z [sshd-SshServer[13dc6649](port=2222)-nio2-thread-2] session.ServerSessionImpl. - Disconnecting(ServerSessionImpl[null@/80.82.77.33:51054]): SSH2_DISCONNECT_KEY_EXCHANGE_FAILED - Unable to negotiate key exchange for kex algorithms (client: diffie-hellman-group1-sha1,diffie-hellman-group14-sha1,diffie-hellman-group-exchange-sha1,diffie-hellman-group-exchange-sha256 / server: ecdh-sha2-nistp521,ecdh-sha2-nistp384,ecdh-sha2-nistp256,diffie-hellman-group14-sha256,diffie-hellman-group16-sha512,diffie-hellman-group18-sha512)
[INFO ] 2021-10-08T19:30:10,410Z [main] cliutils.CordaCliWrapper. - Application Args: --base-directory /opt/corda --config-file /etc/corda/node.conf
[INFO ] 2021-10-08T19:30:20,024Z [main] manifests.Manifests. - 131 attributes loaded from 167 stream(s) in 925ms, 131 saved, 2694 ignored: ["ActiveMQ-Version", "Agent-Class", "Ant-Version", "Application-Class", "Application-ID", "Application-Library-Allowable-Codebase", "Application-Name", "Application-Version", "Apr-Version", "Archiver-Version", "Automatic-Module-Name", "Bnd-LastModified", "BoringSSL-Branch", "BoringSSL-Revision", "Branch", "Build-Date", "Build-Host", "Build-Id", "Build-Java-Version", "Build-Jdk", "Build-Jdk-Spec", "Build-Job", "Build-Number", "Build-Time", "Build-Timestamp", "Build-Version", "Built-By", "Built-OS", "Built-Status", "Bundle-Activator", "Bundle-Category", "Bundle-ClassPath", "Bundle-Copyright", "Bundle-Description", "Bundle-DocURL", "Bundle-License", "Bundle-ManifestVersion", "Bundle-Name", "Bundle-NativeCode", "Bundle-RequiredExecutionEnvironment", "Bundle-SymbolicName", "Bundle-Vendor", "Bundle-Version", "Caller-Allowable-Codebase", "Can-Redefine-Classes", "Can-Retransform-Classes", "Can-Set-Native-Method-Prefix", "Caplets", "Change", "Class-Path", "Codebase", "Corda-DJVM-Dependencies", "Corda-Deterministic-Classpath", "Corda-Deterministic-Runtime", "Corda-Docs-Link", "Corda-Platform-Version", "Corda-Release-Version", "Corda-Revision", "Corda-Vendor", "Created-By", "DynamicImport-Package", "Eclipse-BuddyPolicy", "Eclipse-LazyStart", "Export-Package", "Extension-Name", "Fragment-Host", "Git-Revision", "Git-Url", "Gradle-Version", "Hibernate-JpaVersion", "Hibernate-VersionFamily", "Implementation-Build", "Implementation-Build-Date", "Implementation-Build-Id", "Implementation-Title", "Implementation-URL", "Implementation-Url", "Implementation-Vendor", "Implementation-Vendor-Id", "Implementation-Version", "Import-Package", "Include-Resource", "JCabi-Build", "JCabi-Date", "JCabi-Version", "JVM-Args", "Java-Agents", "Java-Vendor", "Java-Version", "Kotlin-Runtime-Component", "Kotlin-Version", "Liquibase-Package", "Log4jReleaseKey", "Log4jReleaseManager", "Log4jReleaseVersion", "Main-Class", "Main-class", "Major-Version", "Manifest-Version", "Min-Java-Version", "Min-Update-Version", "Module-Email", "Module-Origin", "Module-Owner", "Module-Source", "Multi-Release", "Originally-Created-By", "Os-Arch", "Os-Name", "Os-Version", "Permissions", "Premain-Class", "Private-Package", "Provide-Capability", "Require-Capability", "SCM-Revision", "SCM-url", "Scm-Connection", "Scm-Revision", "Scm-Url", "Sealed", "Service-Component", "Specification-Title", "Specification-Vendor", "Specification-Version", "System-Properties", "Tool", "Trusted-Library", "URL", "X-Compile-Source-JDK", "X-Compile-Target-JDK"]
[INFO ] 2021-10-08T19:30:20,356Z [main] BasicInfo. - Logs can be found in                    : /opt/corda/logs
[INFO ] 2021-10-08T19:30:27,000Z [main] subcommands.ValidateConfigurationCli. - Actual configuration:
{
    "additionalNodeInfoPollingFrequencyMsec" : 5000,
    "additionalP2PAddresses" : [],
    "attachmentCacheBound" : 1024,
    "baseDirectory" : "/opt/corda",
    "blacklistedAttachmentSigningKeys" : [],
    "certificateChainCheckPolicies" : [],
    "cordappSignerKeyFingerprintBlacklist" : [
        "56CA54E803CB87C8472EBD3FBC6A2F1876E814CEEBF74860BD46997F40729367",
        "83088052AF16700457AE2C978A7D8AC38DD6A7C713539D00B897CD03A5E5D31D",
        "6F6696296C3F58B55FB6CA865A025A3A6CC27AD17C4AFABA1E8EF062E0A82739"
    ],
    "crlCheckArtemisServer" : false,
    "crlCheckSoftFail" : true,
    "dataSourceProperties" : "*****",
    "database" : {
        "exportHibernateJMXStatistics" : false,
        "mappedSchemaCacheSize" : 100
    },
    "detectPublicIp" : false,
    "devMode" : true,
    "emailAddress" : "admin@company.com",
    "extraNetworkMapKeys" : [],
    "flowExternalOperationThreadPoolSize" : 2,
    "flowMonitorPeriodMillis" : {
        "nanos" : 0,
        "seconds" : 60
    },
    "flowMonitorSuspensionLoggingThresholdMillis" : {
        "nanos" : 0,
        "seconds" : 60
    },
    "flowTimeout" : {
        "backoffBase" : 1.8,
        "maxRestartCount" : 6,
        "timeout" : {
            "nanos" : 0,
            "seconds" : 30
        }
    },
    "jarDirs" : [
        "../../../drivers"
    ],
    "jmxReporterType" : "JOLOKIA",
    "keyStorePassword" : "*****",
    "lazyBridgeStart" : true,
    "localShellAllowExitInSafeMode" : true,
    "localShellUnsafe" : false,
    "myLegalName" : "CN=PartyA,O=PartyA,L=Boston,C=US",
    "networkParameterAcceptanceSettings" : {
        "autoAcceptEnabled" : true,
        "excludedAutoAcceptableParameters" : []
    },
    "noLocalShell" : false,
    "p2pAddress" : "partya:10002",
    "quasarExcludePackages" : [],
    "reloadCheckpointAfterSuspend" : false,
    "rpcSettings" : {
        "address" : "partya:10012",
        "adminAddress" : "partya:10042",
        "standAloneBroker" : false,
        "useSsl" : false
    },
    "rpcUsers" : [],
    "security" : {
        "authService" : {
            "dataSource" : {
                "passwordEncryption" : "NONE",
                "type" : "INMEMORY",
                "users" : [
                    {
                        "ignoresFallbacks" : false,
                        "resolved" : true,
                        "value" : {
                            "loadFactor" : 0.75,
                            "modCount" : 3,
                            "size" : 3,
                            "table" : {},
                            "threshold" : 3
                        }
                    }
                ]
            }
        }
    },
    "sshd" : {
        "port" : 2222
    },
    "trustStorePassword" : "*****",
    "useTestClock" : false,
    "verifierType" : "InMemory"
}

[INFO ] 2021-10-08T19:30:27,216Z [main] internal.Node. - Vendor: Corda Open Source
[INFO ] 2021-10-08T19:30:27,216Z [main] internal.Node. - Release: 4.7
[INFO ] 2021-10-08T19:30:27,216Z [main] internal.Node. - Platform Version: 9
[INFO ] 2021-10-08T19:30:27,217Z [main] internal.Node. - Revision: 75618ca7e3150b74de7f6708bda54f56fc6b1cae
[INFO ] 2021-10-08T19:30:27,217Z [main] internal.Node. - PID: 20
[INFO ] 2021-10-08T19:30:27,217Z [main] internal.Node. - Main class: /opt/corda/.capsule/apps/net.corda.node.Corda_4.7/corda-node-4.7.jar
[INFO ] 2021-10-08T19:30:27,217Z [main] internal.Node. - CommandLine Args: -Xmx512m -XX:+UseG1GC -XX:+HeapDumpOnOutOfMemoryError -XX:+CrashOnOutOfMemoryError -XX:+UnlockExperimentalVMOptions -XX:+UseCGroupMemoryLimitForHeap -javaagent:/opt/corda/.capsule/apps/net.corda.node.Corda_4.7/quasar-core-0.7.13_r3.jar=x(antlr**;bftsmart**;co.paralleluniverse**;com.codahale**;com.esotericsoftware**;com.fasterxml**;com.google**;com.ibm**;com.intellij**;com.jcabi**;com.nhaarman**;com.opengamma**;com.typesafe**;com.zaxxer**;de.javakaffee**;groovy**;groovyjarjarantlr**;groovyjarjarasm**;io.atomix**;io.github**;io.netty**;jdk**;kotlin**;net.corda.djvm**;djvm**;net.bytebuddy**;net.i2p**;org.apache**;org.bouncycastle**;org.codehaus**;org.crsh**;org.dom4j**;org.fusesource**;org.h2**;org.hibernate**;org.jboss**;org.jcp**;org.joda**;org.objectweb**;org.objenesis**;org.slf4j**;org.w3c**;org.xml**;org.yaml**;reflectasm**;rx**;org.jolokia**;com.lmax**;picocli**;liquibase**;com.github.benmanes**;org.json**;org.postgresql**;nonapi.io.github.classgraph**)l(net.corda.djvm.**;net.corda.core.serialization.internal.**) -Dvisualvm.display.name=Corda -Djava.library.path=/usr/java/packages/lib/amd64:/usr/lib64:/lib64:/lib:/usr/lib:/opt/corda/.capsule/apps/net.corda.node.Corda_4.7 -Dcapsule.app=net.corda.node.Corda_4.7 -Dcapsule.dir=/opt/corda/.capsule/apps/net.corda.node.Corda_4.7 -Dcapsule.jar=/opt/corda/bin/corda.jar -Djava.security.egd=file:/dev/./urandom
[INFO ] 2021-10-08T19:30:27,217Z [main] internal.Node. - bootclasspath: /usr/lib/jvm/zulu-8-amd64/jre/lib/resources.jar:/usr/lib/jvm/zulu-8-amd64/jre/lib/rt.jar:/usr/lib/jvm/zulu-8-amd64/jre/lib/sunrsasign.jar:/usr/lib/jvm/zulu-8-amd64/jre/lib/jsse.jar:/usr/lib/jvm/zulu-8-amd64/jre/lib/jce.jar:/usr/lib/jvm/zulu-8-amd64/jre/lib/charsets.jar:/usr/lib/jvm/zulu-8-amd64/jre/lib/jfr.jar:/usr/lib/jvm/zulu-8-amd64/jre/classes
[INFO ] 2021-10-08T19:30:27,217Z [main] internal.Node. - classpath: /opt/corda/bin/corda.jar:/opt/corda/.capsule/apps/net.corda.node.Corda_4.7/corda-shell-4.7.jar:/opt/corda/.capsule/apps/net.corda.node.Corda_4.7/corda-rpc-4.7.jar:/opt/corda/.capsule/apps/net.corda.node.Corda_4.7/corda-node-api-4.7.jar:/opt/corda/.capsule/apps/net.corda.node.Corda_4.7/corda-tools-cliutils-4.7.jar:/opt/corda/.capsule/apps/net.corda.node.Corda_4.7/corda-common-configuration-parsing-4.7.jar:/opt/corda/.capsule/apps/net.corda.node.Corda_4.7/corda-common-validation-4.7.jar:/opt/corda/.capsule/apps/net.corda.node.Corda_4.7/corda-common-logging-4.7.jar:/opt/corda/.capsule/apps/net.corda.node.Corda_4.7/corda-confidential-identities-4.7.jar:/opt/corda/.capsule/apps/net.corda.node.Corda_4.7/log4j-slf4j-impl-2.13.3.jar:/opt/corda/.capsule/apps/net.corda.node.Corda_4.7/log4j-web-2.13.3.jar:/opt/corda/.capsule/apps/net.corda.node.Corda_4.7/jul-to-slf4j-1.7.30.jar:/opt/corda/.capsule/apps/net.corda.node.Corda_4.7/corda-serialization-djvm-4.7.jar:/opt/corda/.capsule/apps/net.corda.node.Corda_4.7/corda-djvm-1.1.1.jar:/opt/corda/.capsule/apps/net.corda.node.Corda_4.7/corda-jackson-4.7.jar:/opt/corda/.capsule/apps/net.corda.node.Corda_4.7/corda-serialization-4.7.jar:/opt/corda/.capsule/apps/net.corda.node.Corda_4.7/corda-core-4.7.jar:/opt/corda/.capsule/apps/net.corda.node.Corda_4.7/kotlin-stdlib-jdk8-1.2.71.jar:/opt/corda/.capsule/apps/net.corda.node.Corda_4.7/jackson-module-kotlin-2.9.7.jar:/opt/corda/.capsule/apps/net.corda.node.Corda_4.7/kotlin-reflect-1.2.71.jar:/opt/corda/.capsule/apps/net.corda.node.Corda_4.7/jansi-1.18.jar:/opt/corda/.capsule/apps/net.corda.node.Corda_4.7/metrics-new-relic-1.1.1.jar:/opt/corda/.capsule/apps/net.corda.node.Corda_4.7/quasar-core-0.7.13_r3.jar:/opt/corda/.capsule/apps/net.corda.node.Corda_4.7/guava-28.0-jre.jar:/opt/corda/.capsule/apps/net.corda.node.Corda_4.7/caffeine-2.7.0.jar:/opt/corda/.capsule/apps/net.corda.node.Corda_4.7/disruptor-3.4.2.jar:/opt/corda/.capsule/apps/net.corda.node.Corda_4.7/commons-collections4-4.3.jar:/opt/corda/.capsule/apps/net.corda.node.Corda_4.7/artemis-amqp-protocol-2.6.2.jar:/opt/corda/.capsule/apps/net.corda.node.Corda_4.7/artemis-server-2.6.2.jar:/opt/corda/.capsule/apps/net.corda.node.Corda_4.7/artemis-jdbc-store-2.6.2.jar:/opt/corda/.capsule/apps/net.corda.node.Corda_4.7/artemis-jms-client-2.6.2.jar:/opt/corda/.capsule/apps/net.corda.node.Corda_4.7/artemis-core-client-2.6.2.jar:/opt/corda/.capsule/apps/net.corda.node.Corda_4.7/artemis-journal-2.6.2.jar:/opt/corda/.capsule/apps/net.corda.node.Corda_4.7/artemis-commons-2.6.2.jar:/opt/corda/.capsule/apps/net.corda.node.Corda_4.7/shiro-core-1.4.1.jar:/opt/corda/.capsule/apps/net.corda.node.Corda_4.7/shiro-config-ogdl-1.4.1.jar:/opt/corda/.capsule/apps/net.corda.node.Corda_4.7/commons-beanutils-1.9.4.jar:/opt/corda/.capsule/apps/net.corda.node.Corda_4.7/jcabi-manifests-1.1.jar:/opt/corda/.capsule/apps/net.corda.node.Corda_4.7/metrics-jmx-4.1.0.jar:/opt/corda/.capsule/apps/net.corda.node.Corda_4.7/config-1.3.4.jar:/opt/corda/.capsule/apps/net.corda.node.Corda_4.7/corda-node-djvm-4.7.jar:/opt/corda/.capsule/apps/net.corda.node.Corda_4.7/h2-1.4.199.jar:/opt/corda/.capsule/apps/net.corda.node.Corda_4.7/HikariCP-3.3.1.jar:/opt/corda/.capsule/apps/net.corda.node.Corda_4.7/hibernate-java8-5.4.3.Final.jar:/opt/corda/.capsule/apps/net.corda.node.Corda_4.7/hibernate-core-5.4.3.Final.jar:/opt/corda/.capsule/apps/net.corda.node.Corda_4.7/okhttp-3.14.2.jar:/opt/corda/.capsule/apps/net.corda.node.Corda_4.7/picocli-3.9.6.jar:/opt/corda/.capsule/apps/net.corda.node.Corda_4.7/library-master-v1.1-beta-g6215ec8-87.jar:/opt/corda/.capsule/apps/net.corda.node.Corda_4.7/commons-codec-1.13.jar:/opt/corda/.capsule/apps/net.corda.node.Corda_4.7/copycat-client-1.2.3.jar:/opt/corda/.capsule/apps/net.corda.node.Corda_4.7/copycat-server-1.2.3.jar:/opt/corda/.capsule/apps/net.corda.node.Corda_4.7/catalyst-netty-1.1.2.jar:/opt/corda/.capsule/apps/net.corda.node.Corda_4.7/jolokia-jvm-1.6.1-agent.jar:/opt/corda/.capsule/apps/net.corda.node.Corda_4.7/netty-tcnative-boringssl-static-2.0.29.Final.jar:/opt/corda/.capsule/apps/net.corda.node.Corda_4.7/kotlin-stdlib-jre8-1.2.71.jar:/opt/corda/.capsule/apps/net.corda.node.Corda_4.7/netty-handler-proxy-4.1.46.Final.jar:/opt/corda/.capsule/apps/net.corda.node.Corda_4.7/proton-j-0.33.0.jar:/opt/corda/.capsule/apps/net.corda.node.Corda_4.7/classgraph-4.8.90.jar:/opt/corda/.capsule/apps/net.corda.node.Corda_4.7/kryo-serializers-0.43.jar:/opt/corda/.capsule/apps/net.corda.node.Corda_4.7/kryo-4.0.2.jar:/opt/corda/.capsule/apps/net.corda.node.Corda_4.7/liquibase-core-3.6.3.jar:/opt/corda/.capsule/apps/net.corda.node.Corda_4.7/jackson-datatype-jsr310-2.9.7.jar:/opt/corda/.capsule/apps/net.corda.node.Corda_4.7/jackson-databind-2.9.7.jar:/opt/corda/.capsule/apps/net.corda.node.Corda_4.7/liquibase-slf4j-2.0.0.jar:/opt/corda/.capsule/apps/net.corda.node.Corda_4.7/crash.connectors.ssh-1.7.4.jar:/opt/corda/.capsule/apps/net.corda.node.Corda_4.7/crash.shell-1.7.4.jar:/opt/corda/.capsule/apps/net.corda.node.Corda_4.7/log4j-core-2.13.3.jar:/opt/corda/.capsule/apps/net.corda.node.Corda_4.7/commons-io-2.6.jar:/opt/corda/.capsule/apps/net.corda.node.Corda_4.7/jcabi-log-0.14.jar:/opt/corda/.capsule/apps/net.corda.node.Corda_4.7/metrics-core-4.1.0.jar:/opt/corda/.capsule/apps/net.corda.node.Corda_4.7/shiro-cache-1.4.1.jar:/opt/corda/.capsule/apps/net.corda.node.Corda_4.7/shiro-crypto-hash-1.4.1.jar:/opt/corda/.capsule/apps/net.corda.node.Corda_4.7/shiro-crypto-cipher-1.4.1.jar:/opt/corda/.capsule/apps/net.corda.node.Corda_4.7/shiro-config-core-1.4.1.jar:/opt/corda/.capsule/apps/net.corda.node.Corda_4.7/shiro-event-1.4.1.jar:/opt/corda/.capsule/apps/net.corda.node.Corda_4.7/shiro-crypto-core-1.4.1.jar:/opt/corda/.capsule/apps/net.corda.node.Corda_4.7/shiro-lang-1.4.1.jar:/opt/corda/.capsule/apps/net.corda.node.Corda_4.7/copycat-protocol-1.2.3.jar:/opt/corda/.capsule/apps/net.corda.node.Corda_4.7/catalyst-transport-1.1.2.jar:/opt/corda/.capsule/apps/net.corda.node.Corda_4.7/jcl-over-slf4j-1.7.30.jar:/opt/corda/.capsule/apps/net.corda.node.Corda_4.7/mina-core-2.0.16.jar:/opt/corda/.capsule/apps/net.corda.node.Corda_4.7/catalyst-concurrent-1.1.2.jar:/opt/corda/.capsule/apps/net.corda.node.Corda_4.7/catalyst-serializer-1.1.2.jar:/opt/corda/.capsule/apps/net.corda.node.Corda_4.7/catalyst-buffer-1.1.2.jar:/opt/corda/.capsule/apps/net.corda.node.Corda_4.7/catalyst-common-1.1.2.jar:/opt/corda/.capsule/apps/net.corda.node.Corda_4.7/slf4j-api-1.7.30.jar:/opt/corda/.capsule/apps/net.corda.node.Corda_4.7/log4j-api-2.13.3.jar:/opt/corda/.capsule/apps/net.corda.node.Corda_4.7/kotlin-stdlib-jdk7-1.2.71.jar:/opt/corda/.capsule/apps/net.corda.node.Corda_4.7/kotlin-stdlib-jre7-1.2.71.jar:/opt/corda/.capsule/apps/net.corda.node.Corda_4.7/kotlin-stdlib-1.2.71.jar:/opt/corda/.capsule/apps/net.corda.node.Corda_4.7/failureaccess-1.0.1.jar:/opt/corda/.capsule/apps/net.corda.node.Corda_4.7/listenablefuture-9999.0-empty-to-avoid-conflict-with-guava.jar:/opt/corda/.capsule/apps/net.corda.node.Corda_4.7/jsr305-3.0.2.jar:/opt/corda/.capsule/apps/net.corda.node.Corda_4.7/checker-qual-2.8.1.jar:/opt/corda/.capsule/apps/net.corda.node.Corda_4.7/error_prone_annotations-2.3.3.jar:/opt/corda/.capsule/apps/net.corda.node.Corda_4.7/j2objc-annotations-1.3.jar:/opt/corda/.capsule/apps/net.corda.node.Corda_4.7/animal-sniffer-annotations-1.17.jar:/opt/corda/.capsule/apps/net.corda.node.Corda_4.7/commons-collections-3.2.2.jar:/opt/corda/.capsule/apps/net.corda.node.Corda_4.7/artemis-native-2.6.2.jar:/opt/corda/.capsule/apps/net.corda.node.Corda_4.7/hibernate-commons-annotations-5.1.0.Final.jar:/opt/corda/.capsule/apps/net.corda.node.Corda_4.7/jboss-logging-3.3.2.Final.jar:/opt/corda/.capsule/apps/net.corda.node.Corda_4.7/artemis-selector-2.6.2.jar:/opt/corda/.capsule/apps/net.corda.node.Corda_4.7/netty-codec-http-4.1.46.Final.jar:/opt/corda/.capsule/apps/net.corda.node.Corda_4.7/netty-handler-4.1.46.Final.jar:/opt/corda/.capsule/apps/net.corda.node.Corda_4.7/netty-transport-native-epoll-4.1.46.Final-linux-x86_64.jar:/opt/corda/.capsule/apps/net.corda.node.Corda_4.7/netty-transport-native-kqueue-4.1.46.Final-osx-x86_64.jar:/opt/corda/.capsule/apps/net.corda.node.Corda_4.7/netty-codec-socks-4.1.46.Final.jar:/opt/corda/.capsule/apps/net.corda.node.Corda_4.7/netty-codec-4.1.46.Final.jar:/opt/corda/.capsule/apps/net.corda.node.Corda_4.7/netty-transport-native-unix-common-4.1.46.Final.jar:/opt/corda/.capsule/apps/net.corda.node.Corda_4.7/netty-transport-4.1.46.Final.jar:/opt/corda/.capsule/apps/net.corda.node.Corda_4.7/netty-buffer-4.1.46.Final.jar:/opt/corda/.capsule/apps/net.corda.node.Corda_4.7/netty-resolver-4.1.46.Final.jar:/opt/corda/.capsule/apps/net.corda.node.Corda_4.7/netty-common-4.1.46.Final.jar:/opt/corda/.capsule/apps/net.corda.node.Corda_4.7/geronimo-json_1.0_spec-1.0-alpha-1.jar:/opt/corda/.capsule/apps/net.corda.node.Corda_4.7/jgroups-3.6.13.Final.jar:/opt/corda/.capsule/apps/net.corda.node.Corda_4.7/johnzon-core-0.9.5.jar:/opt/corda/.capsule/apps/net.corda.node.Corda_4.7/corda-deserializers-djvm-4.7.jar:/opt/corda/.capsule/apps/net.corda.node.Corda_4.7/javax.persistence-api-2.2.jar:/opt/corda/.capsule/apps/net.corda.node.Corda_4.7/javassist-3.24.0-GA.jar:/opt/corda/.capsule/apps/net.corda.node.Corda_4.7/byte-buddy-1.9.10.jar:/opt/corda/.capsule/apps/net.corda.node.Corda_4.7/antlr-2.7.7.jar:/opt/corda/.capsule/apps/net.corda.node.Corda_4.7/jboss-transaction-api_1.2_spec-1.1.1.Final.jar:/opt/corda/.capsule/apps/net.corda.node.Corda_4.7/jandex-2.0.5.Final.jar:/opt/corda/.capsule/apps/net.corda.node.Corda_4.7/classmate-1.3.4.jar:/opt/corda/.capsule/apps/net.corda.node.Corda_4.7/jaxb-runtime-2.3.1.jar:/opt/corda/.capsule/apps/net.corda.node.Corda_4.7/jaxb-api-2.3.1.jar:/opt/corda/.capsule/apps/net.corda.node.Corda_4.7/javax.activation-api-1.2.0.jar:/opt/corda/.capsule/apps/net.corda.node.Corda_4.7/dom4j-2.1.1.jar:/opt/corda/.capsule/apps/net.corda.node.Corda_4.7/okio-1.17.2.jar:/opt/corda/.capsule/apps/net.corda.node.Corda_4.7/jolokia-core-1.6.1.jar:/opt/corda/.capsule/apps/net.corda.node.Corda_4.7/json-simple-1.1.1.jar:/opt/corda/.capsule/apps/net.corda.node.Corda_4.7/newrelic-api-3.10.0.jar:/opt/corda/.capsule/apps/net.corda.node.Corda_4.7/LatencyUtils-2.0.3.jar:/opt/corda/.capsule/apps/net.corda.node.Corda_4.7/HdrHistogram-2.1.9.jar:/opt/corda/.capsule/apps/net.corda.node.Corda_4.7/reflectasm-1.11.3.jar:/opt/corda/.capsule/apps/net.corda.node.Corda_4.7/asm-analysis-5.2.jar:/opt/corda/.capsule/apps/net.corda.node.Corda_4.7/asm-commons-5.2.jar:/opt/corda/.capsule/apps/net.corda.node.Corda_4.7/asm-util-5.2.jar:/opt/corda/.capsule/apps/net.corda.node.Corda_4.7/asm-tree-5.2.jar:/opt/corda/.capsule/apps/net.corda.node.Corda_4.7/asm-7.1.jar:/opt/corda/.capsule/apps/net.corda.node.Corda_4.7/rxjava-1.3.8.jar:/opt/corda/.capsule/apps/net.corda.node.Corda_4.7/commons-lang3-3.9.jar:/opt/corda/.capsule/apps/net.corda.node.Corda_4.7/eddsa-0.3.0.jar:/opt/corda/.capsule/apps/net.corda.node.Corda_4.7/bcpkix-jdk15on-1.66.jar:/opt/corda/.capsule/apps/net.corda.node.Corda_4.7/bcprov-jdk15on-1.66.jar:/opt/corda/.capsule/apps/net.corda.node.Corda_4.7/snappy-0.4.jar:/opt/corda/.capsule/apps/net.corda.node.Corda_4.7/minlog-1.3.0.jar:/opt/corda/.capsule/apps/net.corda.node.Corda_4.7/objenesis-2.5.1.jar:/opt/corda/.capsule/apps/net.corda.node.Corda_4.7/jackson-dataformat-yaml-2.9.7.jar:/opt/corda/.capsule/apps/net.corda.node.Corda_4.7/snakeyaml-1.23.jar:/opt/corda/.capsule/apps/net.corda.node.Corda_4.7/jackson-annotations-2.9.0.jar:/opt/corda/.capsule/apps/net.corda.node.Corda_4.7/jackson-core-2.9.7.jar:/opt/corda/.capsule/apps/net.corda.node.Corda_4.7/crash.cli-1.7.4.jar:/opt/corda/.capsule/apps/net.corda.node.Corda_4.7/groovy-all-1.8.9.jar:/opt/corda/.capsule/apps/net.corda.node.Corda_4.7/sshd-pam-0.11.0.jar:/opt/corda/.capsule/apps/net.corda.node.Corda_4.7/sshd-core-2.3.0.jar:/opt/corda/.capsule/apps/net.corda.node.Corda_4.7/kotlin-stdlib-common-1.2.71.jar:/opt/corda/.capsule/apps/net.corda.node.Corda_4.7/annotations-13.0.jar:/opt/corda/.capsule/apps/net.corda.node.Corda_4.7/txw2-2.3.1.jar:/opt/corda/.capsule/apps/net.corda.node.Corda_4.7/istack-commons-runtime-3.0.7.jar:/opt/corda/.capsule/apps/net.corda.node.Corda_4.7/stax-ex-1.8.jar:/opt/corda/.capsule/apps/net.corda.node.Corda_4.7/FastInfoset-1.2.15.jar:/opt/corda/.capsule/apps/net.corda.node.Corda_4.7/geronimo-jms_2.0_spec-1.0-alpha-2.jar:/opt/corda/.capsule/apps/net.corda.node.Corda_4.7/sshd-common-2.3.0.jar:/opt/corda/.capsule/apps/net.corda.node.Corda_4.7/jpam-1.1.jar:/opt/corda/.capsule/apps/net.corda.node.Corda_4.7/corda-node-4.7.jar:/opt/corda/drivers/postgresql-42.1.4.jar:/opt/corda/.capsule/apps/net.corda.node.Corda_4.7/quasar-core-0.7.13_r3.jar
[INFO ] 2021-10-08T19:30:27,217Z [main] internal.Node. - VM OpenJDK 64-Bit Server VM Azul Systems, Inc. 25.192-b01
[INFO ] 2021-10-08T19:30:27,217Z [main] internal.Node. - Machine: 115bee3ae7ac
[INFO ] 2021-10-08T19:30:27,217Z [main] internal.Node. - Working Directory: /opt/corda
[INFO ] 2021-10-08T19:30:27,228Z [main] internal.Node. - Starting as node on partya:10002
[INFO ] 2021-10-08T19:30:28,443Z [main] cordapp.JarScanningCordappLoader. - Looking for CorDapps in [/opt/corda/cordapps]
[INFO ] 2021-10-08T19:30:28,548Z [main] cordapp.JarScanningCordappLoader. - Loading CorDapps from RestrictedURL(url=file:/opt/corda/cordapps/workflows-0.1.jar, rootPackageName=null), RestrictedURL(url=file:/opt/corda/cordapps/contracts-0.1.jar, rootPackageName=null)
[INFO ] 2021-10-08T19:30:28,616Z [main] cordapp.JarScanningCordappLoader. - Scanning CorDapp in file:/opt/corda/cordapps/workflows-0.1.jar
[INFO ] 2021-10-08T19:30:29,832Z [main] cordapp.JarScanningCordappLoader. - Scanning CorDapp in file:/opt/corda/cordapps/contracts-0.1.jar
[INFO ] 2021-10-08T19:30:36,367Z [main] internal.Node. - MessagingService active change to: false
[INFO ] 2021-10-08T19:30:37,808Z [main] internal.Node. - Flow external operation executor has a max of 2 threads
[WARN ] 2021-10-08T19:30:38,211Z [main] internal.Node. - This node is running in development mode!  This is not safe for production deployment.
[INFO ] 2021-10-08T19:30:39,009Z [main] internal.Node. - Node starting up ...
[INFO ] 2021-10-08T19:30:39,084Z [main] internal.KeyStoreHandler. - Loaded trusted root certificate: DL7fwxLm5xbiMD8adUuYTsPZHAict46Ng4w6RNcySt5vAw, alias: cordarootca
[INFO ] 2021-10-08T19:30:39,172Z [main] internal.KeyStoreHandler. - Loaded node identity key: DLEm1qu5yeYgisp1wiyTD5T5bwWjoknFZKS6h7CiBkDJPo, alias: identity-private-key
[INFO ] 2021-10-08T19:30:40,407Z [main] internal.NodeFlowManager. - Registered com.docchain.flows.RegisterFlow to initiate com.docchain.flows.RegisterFlow$Acceptor (version 1)
[INFO ] 2021-10-08T19:30:40,461Z [main] internal.Node. - Binding Shell SSHD server on port 2222.
[INFO ] 2021-10-08T19:30:40,536Z [main] internal.Node. - Setting unsafe users as: [user1]
[INFO ] 2021-10-08T19:30:40,743Z [main] shell.InteractiveShell. - launchShell: User=internalShell perm=[]
[INFO ] 2021-10-08T19:30:40,748Z [main] shell.InteractiveShell. - Shell: PermitExit= true, UNSAFELOCAL=false
[INFO ] 2021-10-08T19:30:41,184Z [main] plugin.PluginManager. - Loaded plugin Plugin[type=SSHPlugin,interface=SSHPlugin]
[INFO ] 2021-10-08T19:30:41,197Z [main] plugin.PluginManager. - Loaded plugin Plugin[type=SSHInlinePlugin,interface=CommandPlugin]
[INFO ] 2021-10-08T19:30:41,199Z [main] plugin.PluginManager. - Loaded plugin Plugin[type=KeyAuthenticationPlugin,interface=KeyAuthenticationPlugin]
[INFO ] 2021-10-08T19:30:41,206Z [main] plugin.PluginManager. - Loaded plugin Plugin[type=CRaSHShellFactory,interface=ShellFactory]
[INFO ] 2021-10-08T19:30:41,208Z [main] plugin.PluginManager. - Loaded plugin Plugin[type=GroovyLanguageProxy,interface=Language]
[INFO ] 2021-10-08T19:30:41,225Z [main] plugin.PluginManager. - Loaded plugin Plugin[type=JavaLanguage,interface=Language]
[INFO ] 2021-10-08T19:30:41,226Z [main] plugin.PluginManager. - Loaded plugin Plugin[type=ScriptLanguage,interface=Language]
[INFO ] 2021-10-08T19:30:41,227Z [main] plugin.PluginManager. - Loaded plugin Plugin[type=JaasAuthenticationPlugin,interface=AuthenticationPlugin]
[INFO ] 2021-10-08T19:30:41,228Z [main] plugin.PluginManager. - Loaded plugin Plugin[type=SimpleAuthenticationPlugin,interface=AuthenticationPlugin]
[INFO ] 2021-10-08T19:30:41,280Z [main] shell.InteractiveShell$ShellLifecycle. - Configuring property ssh.port=2222 from properties
[INFO ] 2021-10-08T19:30:41,281Z [main] shell.InteractiveShell$ShellLifecycle. - Configuring property ssh.keypath=/opt/corda/ssh/hostkey.pem from properties
[INFO ] 2021-10-08T19:30:41,281Z [main] shell.InteractiveShell$ShellLifecycle. - Configuring property ssh.keygen=true from properties
[INFO ] 2021-10-08T19:30:41,281Z [main] shell.InteractiveShell$ShellLifecycle. - Configuring property auth=corda from properties
[INFO ] 2021-10-08T19:30:41,703Z [main] eddsa.EdDSASecurityProviderRegistrar. - getOrCreateProvider(EdDSA) created instance of net.i2p.crypto.eddsa.EdDSASecurityProvider
[INFO ] 2021-10-08T19:30:41,858Z [main] plugin.PluginManager. - Initialized plugin Plugin[type=KeyAuthenticationPlugin,interface=KeyAuthenticationPlugin]
[INFO ] 2021-10-08T19:30:41,858Z [main] plugin.PluginManager. - Initialized plugin Plugin[type=JaasAuthenticationPlugin,interface=AuthenticationPlugin]
[INFO ] 2021-10-08T19:30:41,858Z [main] plugin.PluginManager. - Initialized plugin Plugin[type=SimpleAuthenticationPlugin,interface=AuthenticationPlugin]
[INFO ] 2021-10-08T19:30:41,858Z [main] plugin.PluginManager. - Initialized plugin Plugin[type=CordaAuthenticationPlugin,interface=AuthenticationPlugin]
[INFO ] 2021-10-08T19:30:41,858Z [main] ssh.SSHPlugin. - Booting SSHD
[INFO ] 2021-10-08T19:30:41,999Z [main] plugin.PluginManager. - Initialized plugin Plugin[type=GroovyLanguageProxy,interface=Language]
[INFO ] 2021-10-08T19:30:41,999Z [main] plugin.PluginManager. - Initialized plugin Plugin[type=ScriptLanguage,interface=Language]
[INFO ] 2021-10-08T19:30:42,082Z [main] plugin.PluginManager. - Initialized plugin Plugin[type=CRaSHShellFactory,interface=ShellFactory]
[INFO ] 2021-10-08T19:30:43,072Z [main] term.SSHLifeCycle. - About to start CRaSSHD
[INFO ] 2021-10-08T19:30:43,202Z [main] io.DefaultIoServiceFactoryFactory. - No detected/configured IoServiceFactoryFactory using Nio2ServiceFactoryFactory
[INFO ] 2021-10-08T19:30:43,324Z [main] term.SSHLifeCycle. - CRaSSHD started on port 2222
[INFO ] 2021-10-08T19:30:43,333Z [main] plugin.PluginManager. - Initialized plugin Plugin[type=SSHPlugin,interface=SSHPlugin]
[INFO ] 2021-10-08T19:30:43,334Z [main] plugin.PluginManager. - Initialized plugin Plugin[type=SSHInlinePlugin,interface=CommandPlugin]
[INFO ] 2021-10-08T19:30:43,334Z [main] plugin.PluginManager. - Initialized plugin Plugin[type=CordaDisconnectPlugin,interface=DisconnectPlugin]
[INFO ] 2021-10-08T19:30:55,970Z [main] internal.Node. - Loaded network parameters: NetworkParameters {
      minimumPlatformVersion=9
      notaries=[NotaryInfo(identity=O=Notary, L=London, C=GB, validating=false)]
      maxMessageSize=10485760
      maxTransactionSize=524288000
      whitelistedContractImplementations {
        
      }
      eventHorizon=PT720H
      packageOwnership {
        
      }
      modifiedTime=2021-10-04T00:34:51.381Z
      epoch=1
  }
[INFO ] 2021-10-08T19:30:56,183Z [main] hikari.HikariDataSource. - HikariPool-1 - Starting...
[INFO ] 2021-10-08T19:30:58,625Z [main] pool.PoolBase. - HikariPool-1 - Driver does not support get/set network timeout for connections. (Method org.postgresql.jdbc.PgConnection.getNetworkTimeout() is not yet implemented.)
[INFO ] 2021-10-08T19:30:59,141Z [main] hikari.HikariDataSource. - HikariPool-1 - Start completed.
[INFO ] 2021-10-08T19:31:19,457Z [main] jvm.JdbcExecutor. - SELECT MD5SUM FROM partya_schema.databasechangelog WHERE MD5SUM IS NOT NULL LIMIT 1
[INFO ] 2021-10-08T19:31:19,618Z [main] jvm.JdbcExecutor. - SELECT COUNT(*) FROM partya_schema.databasechangelog
[INFO ] 2021-10-08T19:31:19,759Z [main] changelog.StandardChangeLogHistoryService. - Reading from partya_schema.databasechangelog
[INFO ] 2021-10-08T19:31:19,759Z [main] jvm.JdbcExecutor. - SELECT * FROM partya_schema.databasechangelog ORDER BY DATEEXECUTED ASC, ORDEREXECUTED ASC
[INFO ] 2021-10-08T19:31:20,249Z [main] jvm.JdbcExecutor. - SELECT COUNT(*) FROM partya_schema.databasechangeloglock
[INFO ] 2021-10-08T19:31:20,395Z [main] jvm.JdbcExecutor. - SELECT COUNT(*) FROM partya_schema.databasechangeloglock
[WARN ] 2021-10-08T19:31:21,587Z [main] persistence.SchemaMigration. - No migration defined for schema: com.docchain.Schema.RegisterSchemaV v1
[INFO ] 2021-10-08T19:31:22,174Z [main] jvm.JdbcExecutor. - SELECT MD5SUM FROM partya_schema.databasechangelog WHERE MD5SUM IS NOT NULL LIMIT 1
[INFO ] 2021-10-08T19:31:22,331Z [main] jvm.JdbcExecutor. - SELECT COUNT(*) FROM partya_schema.databasechangelog
[INFO ] 2021-10-08T19:31:22,473Z [main] changelog.StandardChangeLogHistoryService. - Reading from partya_schema.databasechangelog
[INFO ] 2021-10-08T19:31:22,474Z [main] jvm.JdbcExecutor. - SELECT * FROM partya_schema.databasechangelog ORDER BY DATEEXECUTED ASC, ORDEREXECUTED ASC
[INFO ] 2021-10-08T19:31:22,791Z [main] jvm.JdbcExecutor. - SELECT COUNT(*) FROM partya_schema.databasechangeloglock
[INFO ] 2021-10-08T19:31:22,932Z [main] jvm.JdbcExecutor. - SELECT COUNT(*) FROM partya_schema.databasechangeloglock
[INFO ] 2021-10-08T19:31:23,613Z [main] internal.Node. - Connected to PostgreSQL database.
[INFO ] 2021-10-08T19:31:24,026Z [main] persistence.HibernateConfiguration. - Init HibernateConfiguration for schemas: [CommonSchemaV1(name=net.corda.core.schemas.CommonSchema, version=1), VaultSchemaV1(name=net.corda.node.services.vault.VaultSchema, version=1), NodeInfoSchemaV1(name=net.corda.node.internal.schemas.NodeInfoSchema, version=1), NodeCoreV1(name=net.corda.node.services.schema.NodeSchemaService$NodeCore, version=1), RegisterSchema(name=com.docchain.Schema.RegisterSchemaV, version=1)]
[INFO ] 2021-10-08T19:31:24,040Z [main] factory.BaseSessionFactoryFactory. - Creating session factory for schemas: [CommonSchemaV1(name=net.corda.core.schemas.CommonSchema, version=1), VaultSchemaV1(name=net.corda.node.services.vault.VaultSchema, version=1), NodeInfoSchemaV1(name=net.corda.node.internal.schemas.NodeInfoSchema, version=1), NodeCoreV1(name=net.corda.node.services.schema.NodeSchemaService$NodeCore, version=1), RegisterSchema(name=com.docchain.Schema.RegisterSchemaV, version=1)]
[INFO ] 2021-10-08T19:32:33,059Z [main] factory.BaseSessionFactoryFactory. - Created session factory for schemas: [CommonSchemaV1(name=net.corda.core.schemas.CommonSchema, version=1), VaultSchemaV1(name=net.corda.node.services.vault.VaultSchema, version=1), NodeInfoSchemaV1(name=net.corda.node.internal.schemas.NodeInfoSchema, version=1), NodeCoreV1(name=net.corda.node.services.schema.NodeSchemaService$NodeCore, version=1), RegisterSchema(name=com.docchain.Schema.RegisterSchemaV, version=1)]
[INFO ] 2021-10-08T19:32:37,304Z [main] network.NetworkMapUpdater. - Auto-accept enabled for network parameter changes which modify only: [epoch, modifiedTime, packageOwnership, whitelistedContractImplementations]
[INFO ] 2021-10-08T19:32:37,623Z [main] security.RPCSecurityManagerImpl. - Constructing realm from list of users in config [User(user1, permissions=[ALL])]
[INFO ] 2021-10-08T19:32:39,069Z [main] BasicInfo. - Advertised P2P messaging addresses      : partya:10002
[INFO ] 2021-10-08T19:32:39,111Z [main] BasicInfo. - RPC connection address                  : partya:10012
[INFO ] 2021-10-08T19:32:39,111Z [main] BasicInfo. - RPC admin connection address            : partya:10042
[INFO ] 2021-10-08T19:32:39,926Z [RxIoScheduler-2] network.PersistentNetworkMapCache. - Adding node with info: NodeInfo(addresses=[partyc:10004], legalIdentitiesAndCerts=[CN=PartyC, O=PartyC, L=Boston, C=US], platformVersion=9, serial=1633307615736), owningKey=DL8GqDx8ZZmZaXeUJMagti9TiJt4xrjVpiyug7bdoW3KVH
[INFO ] 2021-10-08T19:32:39,926Z [RxIoScheduler-2] network.PersistentNetworkMapCache. - Previous node was identical to incoming one - doing nothing
[INFO ] 2021-10-08T19:32:42,158Z [RxIoScheduler-2] network.PersistentNetworkMapCache. - Adding node with info: NodeInfo(addresses=[notary:10001], legalIdentitiesAndCerts=[O=Notary, L=London, C=GB], platformVersion=9, serial=1633307501158), owningKey=DL4KaLUspTpYAfpFrfzrsfqxcFcCdGRNWWzk1mxhVJhPYM
[INFO ] 2021-10-08T19:32:42,158Z [RxIoScheduler-2] network.PersistentNetworkMapCache. - Previous node was identical to incoming one - doing nothing
[INFO ] 2021-10-08T19:32:43,525Z [main] messaging.ArtemisMessagingServer. - P2P messaging server listening on 0.0.0.0:10002
[INFO ] 2021-10-08T19:32:44,037Z [RxIoScheduler-2] network.PersistentNetworkMapCache. - Adding node with info: NodeInfo(addresses=[partya:10002], legalIdentitiesAndCerts=[CN=PartyA, O=PartyA, L=Boston, C=US], platformVersion=9, serial=1633307569615), owningKey=DLEm1qu5yeYgisp1wiyTD5T5bwWjoknFZKS6h7CiBkDJPo
[INFO ] 2021-10-08T19:32:44,037Z [RxIoScheduler-2] network.PersistentNetworkMapCache. - Previous node was identical to incoming one - doing nothing
[INFO ] 2021-10-08T19:32:44,214Z [main] internal.ArtemisMessagingClient. - Connecting to message broker: localhost:10002
[INFO ] 2021-10-08T19:32:45,884Z [RxIoScheduler-2] network.PersistentNetworkMapCache. - Adding node with info: NodeInfo(addresses=[partyb:10003], legalIdentitiesAndCerts=[CN=PartyB, O=PartyB, L=Boston, C=US], platformVersion=9, serial=1633307685222), owningKey=DL7sniQs6xDixwmfuPiwoXVTthu2D4kXsvHNgBwzke7BgC
[INFO ] 2021-10-08T19:32:45,884Z [RxIoScheduler-2] network.PersistentNetworkMapCache. - Previous node was identical to incoming one - doing nothing
[INFO ] 2021-10-08T19:32:47,176Z [main] internal.ArtemisMessagingClient. - Connecting to message broker: localhost:10002
[INFO ] 2021-10-08T19:32:47,946Z [main] bridging.BridgeControlListener. - Found inboxes: [p2p.inbound.DL4GYRfohjs4EtNPyk42orVwU2KQAPvpg7A1Q27YPAq9Sh, p2p.inbound.DLEm1qu5yeYgisp1wiyTD5T5bwWjoknFZKS6h7CiBkDJPo, p2p.inbound.DLAkdNFXgd3JsxSUUkmF6uoKUgrida5kfCdwGRfAtBQy1V]
[INFO ] 2021-10-08T19:32:48,667Z [main] messaging.P2PMessagingClient. - Connecting to message broker: localhost:10002
[INFO ] 2021-10-08T19:32:50,419Z [Thread-4 (ActiveMQ-client-global-threads)] bridging.BridgeControlListener. - Received bridge control message NodeToBridgeSnapshot(nodeIdentity=CN=PartyA, O=PartyA, L=Boston, C=US, inboxQueues=[p2p.inbound.DLEm1qu5yeYgisp1wiyTD5T5bwWjoknFZKS6h7CiBkDJPo], sendQueues=[])
[INFO ] 2021-10-08T19:32:50,478Z [Thread-4 (ActiveMQ-client-global-threads)] bridging.BridgeControlListener. - Added inbox: [p2p.inbound.DLEm1qu5yeYgisp1wiyTD5T5bwWjoknFZKS6h7CiBkDJPo]. Current inboxes: [p2p.inbound.DL4GYRfohjs4EtNPyk42orVwU2KQAPvpg7A1Q27YPAq9Sh, p2p.inbound.DLEm1qu5yeYgisp1wiyTD5T5bwWjoknFZKS6h7CiBkDJPo, p2p.inbound.DLAkdNFXgd3JsxSUUkmF6uoKUgrida5kfCdwGRfAtBQy1V].
[INFO ] 2021-10-08T19:32:55,435Z [main] ClassloaderUtils. - Contracts loading for '/tmp/attachment7926880916650520712.jar' took 13 msec
[INFO ] 2021-10-08T19:33:00,603Z [main] statemachine.SingleThreadedStateMachineManager. - Node ready, info: NodeInfo(addresses=[partya:10002], legalIdentitiesAndCerts=[CN=PartyA, O=PartyA, L=Boston, C=US], platformVersion=9, serial=1633307569615)
[INFO ] 2021-10-08T19:33:00,703Z [main] BasicInfo. - Loaded 2 CorDapp(s)                     : Workflow CorDapp: Docchain version 1 by vendor Corda Open Source with licence Apache License, Version 2.0, Contract CorDapp: Docchain version 1 by vendor Corda Open Source with licence Apache License, Version 2.0
[INFO ] 2021-10-08T19:33:00,708Z [Node thread-1] internal.Node. - Registering JMX reporter:
[INFO ] 2021-10-08T19:33:00,721Z [Node thread-1] internal.Node. - Registering Jolokia JMX reporter:
[INFO ] 2021-10-08T19:33:00,730Z [main] BasicInfo. - Node for "PartyA" started up and registered in 170.19 sec
[INFO ] 2021-10-08T19:33:00,730Z [main] BasicInfo. - SSH server listening on port            : 2222
[INFO ] 2021-10-08T19:33:00,730Z [main] rpc.RPCServer. - Starting RPC server with configuration RPCServerConfiguration(rpcThreadPoolSize=4, reapInterval=PT1S, deduplicationCacheExpiry=PT24H)
[INFO ] 2021-10-08T19:33:01,288Z [main] BasicInfo. - Running P2PMessaging loop
[INFO ] 2021-10-08T19:33:02,114Z [main] messaging.P2PMessagingClient. - Status change to true
[INFO ] 2021-10-08T19:33:02,116Z [main] internal.Node. - MessagingService active change to: true
