[WARN ] 2021-10-05T20:49:38,067Z [RxIoScheduler-2] java.DataHelper. - HHH000287: Could not close input stream
java.io.IOException: org.postgresql.util.PSQLException: An I/O error occurred while sending to the backend.
	at org.postgresql.largeobject.BlobInputStream.close(BlobInputStream.java:129) ~[postgresql-42.1.4.jar:42.1.4]
	at org.hibernate.type.descriptor.java.DataHelper.extractBytes(DataHelper.java:178) ~[hibernate-core-5.4.3.Final.jar:5.4.3.Final]
	at org.hibernate.type.descriptor.java.PrimitiveByteArrayTypeDescriptor.wrap(PrimitiveByteArrayTypeDescriptor.java:120) ~[hibernate-core-5.4.3.Final.jar:5.4.3.Final]
	at org.hibernate.type.descriptor.java.PrimitiveByteArrayTypeDescriptor.wrap(PrimitiveByteArrayTypeDescriptor.java:26) ~[hibernate-core-5.4.3.Final.jar:5.4.3.Final]
	at org.hibernate.type.descriptor.sql.BlobTypeDescriptor$1.doExtract(BlobTypeDescriptor.java:48) ~[hibernate-core-5.4.3.Final.jar:5.4.3.Final]
	at org.hibernate.type.descriptor.sql.BasicExtractor.extract(BasicExtractor.java:47) ~[hibernate-core-5.4.3.Final.jar:5.4.3.Final]
	at org.hibernate.type.AbstractStandardBasicType.nullSafeGet(AbstractStandardBasicType.java:257) ~[hibernate-core-5.4.3.Final.jar:5.4.3.Final]
	at org.hibernate.type.AbstractStandardBasicType.nullSafeGet(AbstractStandardBasicType.java:253) ~[hibernate-core-5.4.3.Final.jar:5.4.3.Final]
	at org.hibernate.type.AbstractStandardBasicType.nullSafeGet(AbstractStandardBasicType.java:243) ~[hibernate-core-5.4.3.Final.jar:5.4.3.Final]
	at org.hibernate.type.AbstractStandardBasicType.hydrate(AbstractStandardBasicType.java:329) ~[hibernate-core-5.4.3.Final.jar:5.4.3.Final]
	at org.hibernate.persister.entity.AbstractEntityPersister.hydrate(AbstractEntityPersister.java:3014) ~[hibernate-core-5.4.3.Final.jar:5.4.3.Final]
	at org.hibernate.loader.plan.exec.process.internal.EntityReferenceInitializerImpl.loadFromResultSet(EntityReferenceInitializerImpl.java:305) ~[hibernate-core-5.4.3.Final.jar:5.4.3.Final]
	at org.hibernate.loader.plan.exec.process.internal.EntityReferenceInitializerImpl.hydrateEntityState(EntityReferenceInitializerImpl.java:233) ~[hibernate-core-5.4.3.Final.jar:5.4.3.Final]
	at org.hibernate.loader.plan.exec.process.internal.AbstractRowReader.readRow(AbstractRowReader.java:103) ~[hibernate-core-5.4.3.Final.jar:5.4.3.Final]
	at org.hibernate.loader.plan.exec.process.internal.ResultSetProcessorImpl.extractResults(ResultSetProcessorImpl.java:122) ~[hibernate-core-5.4.3.Final.jar:5.4.3.Final]
	at org.hibernate.loader.plan.exec.internal.AbstractLoadPlanBasedLoader.executeLoad(AbstractLoadPlanBasedLoader.java:122) ~[hibernate-core-5.4.3.Final.jar:5.4.3.Final]
	at org.hibernate.loader.plan.exec.internal.AbstractLoadPlanBasedLoader.executeLoad(AbstractLoadPlanBasedLoader.java:86) ~[hibernate-core-5.4.3.Final.jar:5.4.3.Final]
	at org.hibernate.loader.collection.plan.AbstractLoadPlanBasedCollectionInitializer.initialize(AbstractLoadPlanBasedCollectionInitializer.java:87) ~[hibernate-core-5.4.3.Final.jar:5.4.3.Final]
	at org.hibernate.persister.collection.AbstractCollectionPersister.initialize(AbstractCollectionPersister.java:706) ~[hibernate-core-5.4.3.Final.jar:5.4.3.Final]
	at org.hibernate.event.internal.DefaultInitializeCollectionEventListener.onInitializeCollection(DefaultInitializeCollectionEventListener.java:74) ~[hibernate-core-5.4.3.Final.jar:5.4.3.Final]
	at org.hibernate.internal.SessionImpl.initializeCollection(SessionImpl.java:2285) ~[hibernate-core-5.4.3.Final.jar:5.4.3.Final]
	at org.hibernate.collection.internal.AbstractPersistentCollection$4.doWork(AbstractPersistentCollection.java:585) ~[hibernate-core-5.4.3.Final.jar:5.4.3.Final]
	at org.hibernate.collection.internal.AbstractPersistentCollection.withTemporarySessionIfNeeded(AbstractPersistentCollection.java:263) ~[hibernate-core-5.4.3.Final.jar:5.4.3.Final]
	at org.hibernate.collection.internal.AbstractPersistentCollection.initialize(AbstractPersistentCollection.java:581) ~[hibernate-core-5.4.3.Final.jar:5.4.3.Final]
	at org.hibernate.collection.internal.AbstractPersistentCollection.read(AbstractPersistentCollection.java:148) ~[hibernate-core-5.4.3.Final.jar:5.4.3.Final]
	at org.hibernate.collection.internal.PersistentBag.iterator(PersistentBag.java:303) ~[hibernate-core-5.4.3.Final.jar:5.4.3.Final]
	at net.corda.node.internal.schemas.NodeInfoSchemaV1$PersistentNodeInfo.toNodeInfo(NodeInfoSchema.kt:129) ~[corda-node-4.7.jar:?]
	at net.corda.node.services.network.PersistentNetworkMapCache.queryByIdentityKeyIndex(PersistentNetworkMapCache.kt:361) ~[corda-node-4.7.jar:?]
	at net.corda.node.services.network.PersistentNetworkMapCache.queryByIdentityKey(PersistentNetworkMapCache.kt:356) ~[corda-node-4.7.jar:?]
	at net.corda.node.services.network.PersistentNetworkMapCache.access$queryByIdentityKey(PersistentNetworkMapCache.kt:42) ~[corda-node-4.7.jar:?]
	at net.corda.node.services.network.PersistentNetworkMapCache$nodesByKeyCache$1$1.invoke(PersistentNetworkMapCache.kt:144) ~[corda-node-4.7.jar:?]
	at net.corda.node.services.network.PersistentNetworkMapCache$nodesByKeyCache$1$1.invoke(PersistentNetworkMapCache.kt:42) ~[corda-node-4.7.jar:?]
	at net.corda.nodeapi.internal.persistence.CordaPersistence.inTopLevelTransaction(CordaPersistence.kt:277) ~[corda-node-api-4.7.jar:?]
	at net.corda.nodeapi.internal.persistence.CordaPersistence.transaction(CordaPersistence.kt:242) ~[corda-node-api-4.7.jar:?]
	at net.corda.nodeapi.internal.persistence.CordaPersistence.transaction(CordaPersistence.kt:210) ~[corda-node-api-4.7.jar:?]
	at net.corda.nodeapi.internal.persistence.CordaPersistence.transaction(CordaPersistence.kt:217) ~[corda-node-api-4.7.jar:?]
	at net.corda.nodeapi.internal.persistence.CordaPersistence.transaction$default(CordaPersistence.kt:217) ~[corda-node-api-4.7.jar:?]
	at net.corda.node.services.network.PersistentNetworkMapCache$nodesByKeyCache$1.invoke(PersistentNetworkMapCache.kt:144) ~[corda-node-4.7.jar:?]
	at net.corda.node.services.network.PersistentNetworkMapCache$nodesByKeyCache$1.invoke(PersistentNetworkMapCache.kt:42) ~[corda-node-4.7.jar:?]
	at net.corda.node.utilities.NonInvalidatingCache$NonInvalidatingCacheLoader.load(NonInvalidatingCache.kt:29) ~[corda-node-4.7.jar:?]
	at com.github.benmanes.caffeine.cache.BoundedLocalCache$BoundedLocalLoadingCache.lambda$new$0(BoundedLocalCache.java:3670) ~[caffeine-2.7.0.jar:?]
	at com.github.benmanes.caffeine.cache.BoundedLocalCache.lambda$doComputeIfAbsent$14(BoundedLocalCache.java:2337) ~[caffeine-2.7.0.jar:?]
	at java.util.concurrent.ConcurrentHashMap.compute(ConcurrentHashMap.java:1853) ~[?:1.8.0_292]
	at com.github.benmanes.caffeine.cache.BoundedLocalCache.doComputeIfAbsent(BoundedLocalCache.java:2335) ~[caffeine-2.7.0.jar:?]
	at com.github.benmanes.caffeine.cache.BoundedLocalCache.computeIfAbsent(BoundedLocalCache.java:2318) ~[caffeine-2.7.0.jar:?]
	at com.github.benmanes.caffeine.cache.LocalCache.computeIfAbsent(LocalCache.java:111) ~[caffeine-2.7.0.jar:?]
	at com.github.benmanes.caffeine.cache.LocalLoadingCache.get(LocalLoadingCache.java:66) ~[caffeine-2.7.0.jar:?]
	at net.corda.node.utilities.NonInvalidatingCache.get(NonInvalidatingCache.kt) ~[corda-node-4.7.jar:?]
	at net.corda.node.services.network.PersistentNetworkMapCache.getNodesByLegalIdentityKey(PersistentNetworkMapCache.kt:139) ~[corda-node-4.7.jar:?]
	at net.corda.node.services.network.PersistentNetworkMapCache.getNodeInfo(PersistentNetworkMapCache.kt:216) ~[corda-node-4.7.jar:?]
	at net.corda.node.services.network.PersistentNetworkMapCache.addOrUpdateNodes(PersistentNetworkMapCache.kt:179) ~[corda-node-4.7.jar:?]
	at net.corda.node.services.network.PersistentNetworkMapCache.addOrUpdateNode(PersistentNetworkMapCache.kt:265) ~[corda-node-4.7.jar:?]
	at net.corda.node.services.network.NetworkMapUpdater.processNodeInfoUpdates(NetworkMapUpdater.kt:168) ~[corda-node-4.7.jar:?]
	at net.corda.node.services.network.NetworkMapUpdater.access$processNodeInfoUpdates(NetworkMapUpdater.kt:62) ~[corda-node-4.7.jar:?]
	at net.corda.node.services.network.NetworkMapUpdater$watchForNodeInfoFiles$4.call(NetworkMapUpdater.kt:162) ~[corda-node-4.7.jar:?]
	at net.corda.node.services.network.NetworkMapUpdater$watchForNodeInfoFiles$4.call(NetworkMapUpdater.kt:62) ~[corda-node-4.7.jar:?]
	at rx.internal.util.ActionSubscriber.onNext(ActionSubscriber.java:39) ~[rxjava-1.3.8.jar:1.3.8]
	at rx.observers.SafeSubscriber.onNext(SafeSubscriber.java:134) ~[rxjava-1.3.8.jar:1.3.8]
	at rx.internal.operators.OnSubscribeRedo$2$1.onNext(OnSubscribeRedo.java:244) ~[rxjava-1.3.8.jar:1.3.8]
	at rx.internal.operators.OnSubscribeDoOnEach$DoOnEachSubscriber.onNext(OnSubscribeDoOnEach.java:101) ~[rxjava-1.3.8.jar:1.3.8]
	at rx.internal.operators.OnSubscribeDoOnEach$DoOnEachSubscriber.onNext(OnSubscribeDoOnEach.java:101) ~[rxjava-1.3.8.jar:1.3.8]
	at rx.internal.operators.OnSubscribeMap$MapSubscriber.onNext(OnSubscribeMap.java:77) ~[rxjava-1.3.8.jar:1.3.8]
	at rx.internal.operators.OnSubscribeTimerPeriodically$1.call(OnSubscribeTimerPeriodically.java:52) ~[rxjava-1.3.8.jar:1.3.8]
	at rx.internal.schedulers.SchedulePeriodicHelper$1.call(SchedulePeriodicHelper.java:72) ~[rxjava-1.3.8.jar:1.3.8]
	at rx.internal.schedulers.CachedThreadScheduler$EventLoopWorker$1.call(CachedThreadScheduler.java:230) ~[rxjava-1.3.8.jar:1.3.8]
	at rx.internal.schedulers.ScheduledAction.run(ScheduledAction.java:55) ~[rxjava-1.3.8.jar:1.3.8]
	at java.util.concurrent.Executors$RunnableAdapter.call(Executors.java:511) ~[?:1.8.0_292]
	at java.util.concurrent.FutureTask.run(FutureTask.java:266) ~[?:1.8.0_292]
	at java.util.concurrent.ScheduledThreadPoolExecutor$ScheduledFutureTask.access$201(ScheduledThreadPoolExecutor.java:180) ~[?:1.8.0_292]
	at java.util.concurrent.ScheduledThreadPoolExecutor$ScheduledFutureTask.run(ScheduledThreadPoolExecutor.java:293) ~[?:1.8.0_292]
	at java.util.concurrent.ThreadPoolExecutor.runWorker(ThreadPoolExecutor.java:1149) ~[?:1.8.0_292]
	at java.util.concurrent.ThreadPoolExecutor$Worker.run(ThreadPoolExecutor.java:624) ~[?:1.8.0_292]
	at java.lang.Thread.run(Thread.java:748) [?:1.8.0_292]
