[WARN ] 2021-05-13T10:16:12,978Z [Thread-1058 (ActiveMQ-server-org.apache.activemq.artemis.core.server.impl.ActiveMQServerImpl$5@b1caa00)] core.client.fail - AMQ212037: Connection failure has been detected: AMQ119014: Did not receive data from /127.0.0.1:53883 within the 60,000ms connection TTL. The connection will now be closed. [code=CONNECTION_TIMEDOUT]
[WARN ] 2021-05-13T10:16:13,889Z [Thread-1221 (ActiveMQ-server-org.apache.activemq.artemis.core.server.impl.ActiveMQServerImpl$5@4b0f5c72)] core.client.fail - AMQ212037: Connection failure has been detected: AMQ119014: Did not receive data from /127.0.0.1:53887 within the 60,000ms connection TTL. The connection will now be closed. [code=CONNECTION_TIMEDOUT]
[WARN ] 2021-05-13T10:16:14,200Z [Thread-1058 (ActiveMQ-server-org.apache.activemq.artemis.core.server.impl.ActiveMQServerImpl$5@b1caa00)] core.client.fail - AMQ212037: Connection failure has been detected: AMQ119014: Did not receive data from /127.0.0.1:53880 within the 60,000ms connection TTL. The connection will now be closed. [code=CONNECTION_TIMEDOUT]
[WARN ] 2021-05-13T10:16:14,378Z [Thread-1058 (ActiveMQ-server-org.apache.activemq.artemis.core.server.impl.ActiveMQServerImpl$5@b1caa00)] core.client.fail - AMQ212037: Connection failure has been detected: AMQ119014: Did not receive data from /127.0.0.1:53881 within the 60,000ms connection TTL. The connection will now be closed. [code=CONNECTION_TIMEDOUT]
[WARN ] 2021-05-13T10:16:25,656Z [HikariPool-1 housekeeper] pool.HikariPool.run - HikariPool-1 - Thread starvation or clock leap detected (housekeeper delta=4h45m54s250ms735µs500ns).
[WARN ] 2021-05-13T12:11:08,992Z [HikariPool-1 housekeeper] pool.HikariPool.run - HikariPool-1 - Thread starvation or clock leap detected (housekeeper delta=1h54m13s326ms43µs200ns).
[INFO ] 2021-05-13T12:41:42,917Z [nioEventLoopGroup-2-1] engine.ConnectionStateMachine.invoke - Transport Error TransportImpl [_connectionEndpoint=org.apache.qpid.proton.engine.impl.ConnectionImpl@6415b16, org.apache.qpid.proton.engine.impl.TransportImpl@e8c8801] {localLegalName=O=Notary, L=London, C=GB, remoteLegalName=CN=PartyA, O=PartyA, L=Boston, C=US, serverMode=false}
[INFO ] 2021-05-13T12:41:42,918Z [nioEventLoopGroup-2-1] engine.ConnectionStateMachine.invoke - Error: connection aborted {localLegalName=O=Notary, L=London, C=GB, remoteLegalName=CN=PartyA, O=PartyA, L=Boston, C=US, serverMode=false}
[INFO ] 2021-05-13T12:41:42,925Z [nioEventLoopGroup-2-1] netty.AMQPClient.operationComplete - Disconnected from 127.0.0.1:10005
[INFO ] 2021-05-13T12:41:42,928Z [nioEventLoopGroup-2-1] netty.AMQPChannelHandler.invoke - Closed client connection c899b3ba from /127.0.0.1:10005 to /127.0.0.1:54026 {allowedRemoteLegalNames=CN=PartyA, O=PartyA, L=Boston, C=US, localCert=O=Notary, L=London, C=GB, remoteAddress=/127.0.0.1:10005, remoteCert=CN=PartyA, O=PartyA, L=Boston, C=US, serverMode=false}
[INFO ] 2021-05-13T12:41:42,928Z [nioEventLoopGroup-2-1] bridging.AMQPBridgeManager$AMQPBridge.invoke - Bridge Disconnected {legalNames=CN=PartyA, O=PartyA, L=Boston, C=US, maxMessageSize=10485760, queueName=internal.peers.DLAgtnN5CKejfPhGkjLgFUDSiute7KBDRurGSBgpHxZgjt, targets=127.0.0.1:10005}
[WARN ] 2021-05-13T12:41:43,071Z [nioEventLoopGroup-2-1] netty.AMQPChannelHandler.invoke - Closing channel due to nonrecoverable exception AMQ119019: Session is closed {allowedRemoteLegalNames=CN=PartyA, O=PartyA, L=Boston, C=US, localCert=O=Notary, L=London, C=GB, remoteAddress=/127.0.0.1:10005, remoteCert=CN=PartyA, O=PartyA, L=Boston, C=US, serverMode=false}
[INFO ] 2021-05-13T12:41:43,940Z [nioEventLoopGroup-2-2] netty.AMQPClient.nextTarget - Retry connect to 127.0.0.1:10005
[INFO ] 2021-05-13T12:41:44,315Z [nioEventLoopGroup-2-3] netty.AMQPClient.operationComplete - Connected to 127.0.0.1:10005
[INFO ] 2021-05-13T12:41:44,319Z [nioEventLoopGroup-2-3] netty.AMQPChannelHandler.invoke - New client connection a362f6a3 from /127.0.0.1:10005 to /127.0.0.1:51106 {allowedRemoteLegalNames=CN=PartyA, O=PartyA, L=Boston, C=US, localCert=null, remoteAddress=/127.0.0.1:10005, remoteCert=null, serverMode=false}
[INFO ] 2021-05-13T12:41:44,420Z [nioEventLoopGroup-2-3] netty.LoggingTrustManagerWrapper.checkServerTrusted - Check Server Certpath:
  C=US,L=Boston,O=PartyA,CN=PartyA[01C03FECC9E9EBA993B33DBEB97C80393A14E016] issued by C=US,L=Boston,O=PartyA,CN=PartyA[39BF237EB132F899B48172C1D7A15370881D3B28]
  C=US,L=Boston,O=PartyA,CN=PartyA[39BF237EB132F899B48172C1D7A15370881D3B28] issued by C=US,L=New York,OU=Corda,O=R3 HoldCo LLC,CN=Corda Doorman CA[EBEE2E30152940AE19981ED86FE37D7F07A2C213]
  C=US,L=New York,OU=Corda,O=R3 HoldCo LLC,CN=Corda Doorman CA[EBEE2E30152940AE19981ED86FE37D7F07A2C213] issued by CN=Corda Node Root CA,O=R3,OU=corda,L=London,C=UK[7CAEA9DFB948012B13890B9AE645851C39170773]
  CN=Corda Node Root CA,O=R3,OU=corda,L=London,C=UK[7CAEA9DFB948012B13890B9AE645851C39170773] issued by CN=Corda Node Root CA,O=R3,OU=corda,L=London,C=UK[null]
[INFO ] 2021-05-13T12:41:44,558Z [nioEventLoopGroup-2-3] netty.AMQPChannelHandler.invoke - Handshake completed with subject: CN=PartyA, O=PartyA, L=Boston, C=US {allowedRemoteLegalNames=CN=PartyA, O=PartyA, L=Boston, C=US, localCert=O=Notary, L=London, C=GB, remoteAddress=/127.0.0.1:10005, remoteCert=CN=PartyA, O=PartyA, L=Boston, C=US, serverMode=false}
[INFO ] 2021-05-13T12:41:44,560Z [nioEventLoopGroup-2-3] engine.ConnectionStateMachine.invoke - Connection local open org.apache.qpid.proton.engine.impl.ConnectionImpl@68fee87b {localLegalName=O=Notary, L=London, C=GB, remoteLegalName=CN=PartyA, O=PartyA, L=Boston, C=US, serverMode=false}
[WARN ] 2021-05-13T12:41:47,733Z [HikariPool-1 housekeeper] pool.HikariPool.run - HikariPool-1 - Thread starvation or clock leap detected (housekeeper delta=25m8s658ms399µs400ns).
[INFO ] 2021-05-13T13:23:27,968Z [Command line shell terminator] shell.InteractiveShell.invoke - Command shell has exited
[INFO ] 2021-05-13T13:23:27,971Z [Command line shell terminator] BasicInfo.printBasicNodeInfo - Shutting down ...
[INFO ] 2021-05-13T13:24:22,677Z [main] manifests.Manifests.info - 116 attributes loaded from 154 stream(s) in 234ms, 116 saved, 2429 ignored: ["ActiveMQ-Version", "Agent-Class", "Ant-Version", "Application-Class", "Application-ID", "Application-Library-Allowable-Codebase", "Application-Name", "Application-Version", "Archiver-Version", "Automatic-Module-Name", "Bnd-LastModified", "Branch", "Build-Date", "Build-Host", "Build-Id", "Build-Java-Version", "Build-Jdk", "Build-Job", "Build-Number", "Build-Timestamp", "Built-By", "Built-OS", "Built-Status", "Bundle-Activator", "Bundle-Category", "Bundle-ClassPath", "Bundle-Copyright", "Bundle-Description", "Bundle-DocURL", "Bundle-License", "Bundle-ManifestVersion", "Bundle-Name", "Bundle-NativeCode", "Bundle-RequiredExecutionEnvironment", "Bundle-SymbolicName", "Bundle-Vendor", "Bundle-Version", "Caller-Allowable-Codebase", "Can-Redefine-Classes", "Can-Retransform-Classes", "Can-Set-Native-Method-Prefix", "Caplets", "Change", "Class-Path", "Codebase", "Corda-Platform-Version", "Corda-Release-Version", "Corda-Revision", "Corda-Vendor", "Created-By", "DynamicImport-Package", "Eclipse-BuddyPolicy", "Eclipse-LazyStart", "Export-Package", "Extension-Name", "Fragment-Host", "Gradle-Version", "Hibernate-JpaVersion", "Hibernate-VersionFamily", "Implementation-Build", "Implementation-Build-Date", "Implementation-Title", "Implementation-URL", "Implementation-Url", "Implementation-Vendor", "Implementation-Vendor-Id", "Implementation-Version", "Import-Package", "Include-Resource", "JCabi-Build", "JCabi-Date", "JCabi-Version", "JVM-Args", "Java-Agents", "Java-Vendor", "Java-Version", "Kotlin-Runtime-Component", "Kotlin-Version", "Liquibase-Package", "Log4jReleaseKey", "Log4jReleaseManager", "Log4jReleaseVersion", "Main-Class", "Main-class", "Manifest-Version", "Min-Java-Version", "Min-Update-Version", "Module-Email", "Module-Origin", "Module-Owner", "Module-Source", "Multi-Release", "Originally-Created-By", "Os-Arch", "Os-Name", "Os-Version", "Package", "Permissions", "Premain-Class", "Private-Package", "Provide-Capability", "Require-Capability", "SCM-Revision", "SCM-url", "Scm-Connection", "Scm-Revision", "Scm-Url", "Service-Component", "Specification-Title", "Specification-Vendor", "Specification-Version", "System-Properties", "Tool", "Trusted-Library", "X-Compile-Source-JDK", "X-Compile-Target-JDK"]
[INFO ] 2021-05-13T13:24:23,793Z [main] BasicInfo.printBasicNodeInfo - Logs can be found in                    : C:\Dev\projects\blockchain\docchain\build\nodes\Notary\logs
[INFO ] 2021-05-13T13:24:29,739Z [main] subcommands.ValidateConfigurationCli.logRawConfig$node - Actual configuration:
{
    "additionalNodeInfoPollingFrequencyMsec" : 5000,
    "additionalP2PAddresses" : [],
    "attachmentCacheBound" : 1024,
    "baseDirectory" : "C:\\Dev\\projects\\blockchain\\docchain\\build\\nodes\\Notary",
    "certificateChainCheckPolicies" : [],
    "cordappSignerKeyFingerprintBlacklist" : [
        "56CA54E803CB87C8472EBD3FBC6A2F1876E814CEEBF74860BD46997F40729367",
        "83088052AF16700457AE2C978A7D8AC38DD6A7C713539D00B897CD03A5E5D31D",
        "6F6696296C3F58B55FB6CA865A025A3A6CC27AD17C4AFABA1E8EF062E0A82739"
    ],
    "crlCheckSoftFail" : true,
    "dataSourceProperties" : "*****",
    "database" : {
        "exportHibernateJMXStatistics" : false,
        "initialiseAppSchema" : "UPDATE",
        "initialiseSchema" : true,
        "mappedSchemaCacheSize" : 100,
        "transactionIsolationLevel" : "REPEATABLE_READ"
    },
    "detectPublicIp" : false,
    "devMode" : true,
    "emailAddress" : "admin@company.com",
    "extraNetworkMapKeys" : [],
    "flowMonitorPeriodMillis" : {
        "nanos" : 0,
        "seconds" : 60
    },
    "flowMonitorSuspensionLoggingThresholdMillis" : {
        "nanos" : 0,
        "seconds" : 60
    },
    "flowTimeout" : {
        "backoffBase" : 1.8,
        "maxRestartCount" : 6,
        "timeout" : {
            "nanos" : 0,
            "seconds" : 30
        }
    },
    "jarDirs" : [],
    "jmxReporterType" : "JOLOKIA",
    "keyStorePassword" : "*****",
    "lazyBridgeStart" : true,
    "myLegalName" : "O=Notary,L=London,C=GB",
    "noLocalShell" : false,
    "notary" : {
        "etaMessageThresholdSeconds" : 10,
        "validating" : false
    },
    "p2pAddress" : "127.0.0.1:10002",
    "rpcSettings" : {
        "address" : "127.0.0.1:10003",
        "adminAddress" : "127.0.0.1:10043",
        "standAloneBroker" : false,
        "useSsl" : false
    },
    "rpcUsers" : [],
    "trustStorePassword" : "*****",
    "useTestClock" : false,
    "verifierType" : "InMemory"
}

[INFO ] 2021-05-13T13:24:30,096Z [main] internal.Node.logStartupInfo - Vendor: Corda Open Source
[INFO ] 2021-05-13T13:24:30,096Z [main] internal.Node.logStartupInfo - Release: 4.1
[INFO ] 2021-05-13T13:24:30,096Z [main] internal.Node.logStartupInfo - Platform Version: 4
[INFO ] 2021-05-13T13:24:30,096Z [main] internal.Node.logStartupInfo - Revision: c11f6c15f71ac47b715e8e1b56ff5159b3730bdc
[INFO ] 2021-05-13T13:24:30,098Z [main] internal.Node.logStartupInfo - PID: 56528
[INFO ] 2021-05-13T13:24:30,098Z [main] internal.Node.logStartupInfo - Main class: /C:/Users/armu/AppData/Local/capsule/apps/net.corda.node.Corda_4.1/corda-node-4.1.jar
[INFO ] 2021-05-13T13:24:30,098Z [main] internal.Node.logStartupInfo - CommandLine Args: -Xmx512m -XX:+UseG1GC -agentlib:jdwp=transport=dt_socket,server=y,suspend=n,address=5005 -javaagent:drivers/jolokia-jvm-1.6.0-agent.jar=port=7005,logHandlerClass=net.corda.node.JolokiaSlf4jAdapter -javaagent:C:\Users\armu\AppData\Local\capsule\apps\net.corda.node.Corda_4.1\quasar-core-0.7.10-jdk8.jar=x(antlr**;bftsmart**;co.paralleluniverse**;com.codahale**;com.esotericsoftware**;com.fasterxml**;com.google**;com.ibm**;com.intellij**;com.jcabi**;com.nhaarman**;com.opengamma**;com.typesafe**;com.zaxxer**;de.javakaffee**;groovy**;groovyjarjarantlr**;groovyjarjarasm**;io.atomix**;io.github**;io.netty**;jdk**;junit**;kotlin**;net.bytebuddy**;net.i2p**;org.apache**;org.assertj**;org.bouncycastle**;org.codehaus**;org.crsh**;org.dom4j**;org.fusesource**;org.h2**;org.hamcrest**;org.hibernate**;org.jboss**;org.jcp**;org.joda**;org.junit**;org.mockito**;org.objectweb**;org.objenesis**;org.slf4j**;org.w3c**;org.xml**;org.yaml**;reflectasm**;rx**;org.jolokia**;com.lmax**;picocli**;liquibase**;com.github.benmanes**;org.json**;org.postgresql**;nonapi.io.github.classgraph**) -javaagent:C:\Dev\projects\blockchain\docchain\build\nodes\Notary\corda.jar -Dcapsule.address=0.0.0.0 -Dvisualvm.display.name=Corda -Djava.library.path=C:\Program Files\Java\jre1.8.0_291\bin;C:\WINDOWS\Sun\Java\bin;C:\WINDOWS\system32;C:\WINDOWS;C:\Program Files (x86)\Common Files\Oracle\Java\javapath;C:\Program Files\Common Files\Oracle\Java\javapath;C:\WINDOWS\system32;C:\WINDOWS;C:\WINDOWS\System32\Wbem;C:\WINDOWS\System32\WindowsPowerShell\v1.0;C:\WINDOWS\System32\OpenSSH;C:\Program Files (x86)\Plantronics\Spokes3G;C:\ProgramData\chocolatey\bin;C:\Program Files\nodejs;C:\Program Files\Docker\Docker\resources\bin;C:\ProgramData\DockerDesktop\version-bin;C:\Program Files\Git\cmd;C:\Program Files\PuTTY;C:\Users\armu\AppData\Local\Microsoft\WindowsApps;C:\Program Files\JetBrains\IntelliJ IDEA 2020.2.3\bin;C:\Users\armu\AppData\Local\Programs\Microsoft VS Code\bin;C:\Users\armu\AppData\Roaming\npm;C:\Users\armu\AppData\Local\capsule\apps\net.corda.node.Corda_4.1 -Dcapsule.log=1 -Dcapsule.app=net.corda.node.Corda_4.1 -Dcapsule.port=52195 -Dcapsule.jvm.args=-agentlib:jdwp=transport=dt_socket,server=y,suspend=n,address=5005 -javaagent:drivers/jolokia-jvm-1.6.0-agent.jar=port=7005,logHandlerClass=net.corda.node.JolokiaSlf4jAdapter -Dname=Notary -Dcapsule.dir=C:\Users\armu\AppData\Local\capsule\apps\net.corda.node.Corda_4.1 -Dcapsule.jar=C:\Dev\projects\blockchain\docchain\build\nodes\Notary\corda.jar
[INFO ] 2021-05-13T13:24:30,098Z [main] internal.Node.logStartupInfo - bootclasspath: C:\Program Files\Java\jre1.8.0_291\lib\resources.jar;C:\Program Files\Java\jre1.8.0_291\lib\rt.jar;C:\Program Files\Java\jre1.8.0_291\lib\sunrsasign.jar;C:\Program Files\Java\jre1.8.0_291\lib\jsse.jar;C:\Program Files\Java\jre1.8.0_291\lib\jce.jar;C:\Program Files\Java\jre1.8.0_291\lib\charsets.jar;C:\Program Files\Java\jre1.8.0_291\lib\jfr.jar;C:\Program Files\Java\jre1.8.0_291\classes
[INFO ] 2021-05-13T13:24:30,098Z [main] internal.Node.logStartupInfo - classpath: C:\Dev\projects\blockchain\docchain\build\nodes\Notary\corda.jar;C:\Users\armu\AppData\Local\capsule\apps\net.corda.node.Corda_4.1\corda-shell-4.1.jar;C:\Users\armu\AppData\Local\capsule\apps\net.corda.node.Corda_4.1\corda-rpc-4.1.jar;C:\Users\armu\AppData\Local\capsule\apps\net.corda.node.Corda_4.1\corda-node-api-4.1.jar;C:\Users\armu\AppData\Local\capsule\apps\net.corda.node.Corda_4.1\corda-tools-cliutils-4.1.jar;C:\Users\armu\AppData\Local\capsule\apps\net.corda.node.Corda_4.1\corda-common-configuration-parsing-4.1.jar;C:\Users\armu\AppData\Local\capsule\apps\net.corda.node.Corda_4.1\corda-common-validation-4.1.jar;C:\Users\armu\AppData\Local\capsule\apps\net.corda.node.Corda_4.1\corda-common-logging-4.1.jar;C:\Users\armu\AppData\Local\capsule\apps\net.corda.node.Corda_4.1\corda-confidential-identities-4.1.jar;C:\Users\armu\AppData\Local\capsule\apps\net.corda.node.Corda_4.1\log4j-slf4j-impl-2.9.1.jar;C:\Users\armu\AppData\Local\capsule\apps\net.corda.node.Corda_4.1\log4j-web-2.9.1.jar;C:\Users\armu\AppData\Local\capsule\apps\net.corda.node.Corda_4.1\jul-to-slf4j-1.7.25.jar;C:\Users\armu\AppData\Local\capsule\apps\net.corda.node.Corda_4.1\corda-jackson-4.1.jar;C:\Users\armu\AppData\Local\capsule\apps\net.corda.node.Corda_4.1\corda-serialization-4.1.jar;C:\Users\armu\AppData\Local\capsule\apps\net.corda.node.Corda_4.1\corda-core-4.1.jar;C:\Users\armu\AppData\Local\capsule\apps\net.corda.node.Corda_4.1\kotlin-stdlib-jdk8-1.2.71.jar;C:\Users\armu\AppData\Local\capsule\apps\net.corda.node.Corda_4.1\jackson-module-kotlin-2.9.5.jar;C:\Users\armu\AppData\Local\capsule\apps\net.corda.node.Corda_4.1\kotlin-reflect-1.2.71.jar;C:\Users\armu\AppData\Local\capsule\apps\net.corda.node.Corda_4.1\quasar-core-0.7.10-jdk8.jar;C:\Users\armu\AppData\Local\capsule\apps\net.corda.node.Corda_4.1\kryo-serializers-0.42.jar;C:\Users\armu\AppData\Local\capsule\apps\net.corda.node.Corda_4.1\kryo-4.0.0.jar;C:\Users\armu\AppData\Local\capsule\apps\net.corda.node.Corda_4.1\jimfs-1.1.jar;C:\Users\armu\AppData\Local\capsule\apps\net.corda.node.Corda_4.1\metrics-new-relic-1.1.1.jar;C:\Users\armu\AppData\Local\capsule\apps\net.corda.node.Corda_4.1\guava-25.1-jre.jar;C:\Users\armu\AppData\Local\capsule\apps\net.corda.node.Corda_4.1\caffeine-2.6.2.jar;C:\Users\armu\AppData\Local\capsule\apps\net.corda.node.Corda_4.1\disruptor-3.4.2.jar;C:\Users\armu\AppData\Local\capsule\apps\net.corda.node.Corda_4.1\commons-collections4-4.1.jar;C:\Users\armu\AppData\Local\capsule\apps\net.corda.node.Corda_4.1\artemis-amqp-protocol-2.6.2.jar;C:\Users\armu\AppData\Local\capsule\apps\net.corda.node.Corda_4.1\artemis-server-2.6.2.jar;C:\Users\armu\AppData\Local\capsule\apps\net.corda.node.Corda_4.1\artemis-jms-client-2.6.2.jar;C:\Users\armu\AppData\Local\capsule\apps\net.corda.node.Corda_4.1\artemis-jdbc-store-2.6.2.jar;C:\Users\armu\AppData\Local\capsule\apps\net.corda.node.Corda_4.1\artemis-core-client-2.6.2.jar;C:\Users\armu\AppData\Local\capsule\apps\net.corda.node.Corda_4.1\artemis-journal-2.6.2.jar;C:\Users\armu\AppData\Local\capsule\apps\net.corda.node.Corda_4.1\artemis-commons-2.6.2.jar;C:\Users\armu\AppData\Local\capsule\apps\net.corda.node.Corda_4.1\shiro-core-1.4.0.jar;C:\Users\armu\AppData\Local\capsule\apps\net.corda.node.Corda_4.1\shiro-config-ogdl-1.4.0.jar;C:\Users\armu\AppData\Local\capsule\apps\net.corda.node.Corda_4.1\commons-beanutils-1.9.3.jar;C:\Users\armu\AppData\Local\capsule\apps\net.corda.node.Corda_4.1\jcabi-manifests-1.1.jar;C:\Users\armu\AppData\Local\capsule\apps\net.corda.node.Corda_4.1\forms_rt-7.0.3.jar;C:\Users\armu\AppData\Local\capsule\apps\net.corda.node.Corda_4.1\metrics-core-3.2.5.jar;C:\Users\armu\AppData\Local\capsule\apps\net.corda.node.Corda_4.1\config-1.3.3.jar;C:\Users\armu\AppData\Local\capsule\apps\net.corda.node.Corda_4.1\h2-1.4.197.jar;C:\Users\armu\AppData\Local\capsule\apps\net.corda.node.Corda_4.1\postgresql-42.2.5.jar;C:\Users\armu\AppData\Local\capsule\apps\net.corda.node.Corda_4.1\HikariCP-2.5.1.jar;C:\Users\armu\AppData\Local\capsule\apps\net.corda.node.Corda_4.1\hibernate-java8-5.3.6.Final.jar;C:\Users\armu\AppData\Local\capsule\apps\net.corda.node.Corda_4.1\hibernate-core-5.3.6.Final.jar;C:\Users\armu\AppData\Local\capsule\apps\net.corda.node.Corda_4.1\okhttp-3.5.0.jar;C:\Users\armu\AppData\Local\capsule\apps\net.corda.node.Corda_4.1\picocli-3.8.0.jar;C:\Users\armu\AppData\Local\capsule\apps\net.corda.node.Corda_4.1\ea-agent-loader-1.0.3.jar;C:\Users\armu\AppData\Local\capsule\apps\net.corda.node.Corda_4.1\commons-codec-1.10.jar;C:\Users\armu\AppData\Local\capsule\apps\net.corda.node.Corda_4.1\library-master-v1.1-beta-g6215ec8-87.jar;C:\Users\armu\AppData\Local\capsule\apps\net.corda.node.Corda_4.1\copycat-client-1.2.3.jar;C:\Users\armu\AppData\Local\capsule\apps\net.corda.node.Corda_4.1\copycat-server-1.2.3.jar;C:\Users\armu\AppData\Local\capsule\apps\net.corda.node.Corda_4.1\catalyst-netty-1.1.2.jar;C:\Users\armu\AppData\Local\capsule\apps\net.corda.node.Corda_4.1\jolokia-jvm-1.6.0-agent.jar;C:\Users\armu\AppData\Local\capsule\apps\net.corda.node.Corda_4.1\kotlin-stdlib-jre8-1.2.71.jar;C:\Users\armu\AppData\Local\capsule\apps\net.corda.node.Corda_4.1\commons-fileupload-1.3.3.jar;C:\Users\armu\AppData\Local\capsule\apps\net.corda.node.Corda_4.1\proton-j-0.33.0.jar;C:\Users\armu\AppData\Local\capsule\apps\net.corda.node.Corda_4.1\classgraph-4.6.12.jar;C:\Users\armu\AppData\Local\capsule\apps\net.corda.node.Corda_4.1\liquibase-core-3.5.5.jar;C:\Users\armu\AppData\Local\capsule\apps\net.corda.node.Corda_4.1\jackson-datatype-jsr310-2.9.5.jar;C:\Users\armu\AppData\Local\capsule\apps\net.corda.node.Corda_4.1\jackson-databind-2.9.5.jar;C:\Users\armu\AppData\Local\capsule\apps\net.corda.node.Corda_4.1\liquibase-slf4j-2.0.0.jar;C:\Users\armu\AppData\Local\capsule\apps\net.corda.node.Corda_4.1\crash.connectors.ssh-810d2b774b85d4938be01b9b65e29e4fddbc450b.jar;C:\Users\armu\AppData\Local\capsule\apps\net.corda.node.Corda_4.1\crash.shell-810d2b774b85d4938be01b9b65e29e4fddbc450b.jar;C:\Users\armu\AppData\Local\capsule\apps\net.corda.node.Corda_4.1\jansi-1.14.jar;C:\Users\armu\AppData\Local\capsule\apps\net.corda.node.Corda_4.1\log4j-core-2.9.1.jar;C:\Users\armu\AppData\Local\capsule\apps\net.corda.node.Corda_4.1\commons-io-2.6.jar;C:\Users\armu\AppData\Local\capsule\apps\net.corda.node.Corda_4.1\jcabi-log-0.14.jar;C:\Users\armu\AppData\Local\capsule\apps\net.corda.node.Corda_4.1\shiro-cache-1.4.0.jar;C:\Users\armu\AppData\Local\capsule\apps\net.corda.node.Corda_4.1\shiro-crypto-hash-1.4.0.jar;C:\Users\armu\AppData\Local\capsule\apps\net.corda.node.Corda_4.1\shiro-crypto-cipher-1.4.0.jar;C:\Users\armu\AppData\Local\capsule\apps\net.corda.node.Corda_4.1\shiro-config-core-1.4.0.jar;C:\Users\armu\AppData\Local\capsule\apps\net.corda.node.Corda_4.1\shiro-event-1.4.0.jar;C:\Users\armu\AppData\Local\capsule\apps\net.corda.node.Corda_4.1\shiro-crypto-core-1.4.0.jar;C:\Users\armu\AppData\Local\capsule\apps\net.corda.node.Corda_4.1\shiro-lang-1.4.0.jar;C:\Users\armu\AppData\Local\capsule\apps\net.corda.node.Corda_4.1\copycat-protocol-1.2.3.jar;C:\Users\armu\AppData\Local\capsule\apps\net.corda.node.Corda_4.1\catalyst-transport-1.1.2.jar;C:\Users\armu\AppData\Local\capsule\apps\net.corda.node.Corda_4.1\jcl-over-slf4j-1.7.25.jar;C:\Users\armu\AppData\Local\capsule\apps\net.corda.node.Corda_4.1\mina-core-2.0.16.jar;C:\Users\armu\AppData\Local\capsule\apps\net.corda.node.Corda_4.1\catalyst-concurrent-1.1.2.jar;C:\Users\armu\AppData\Local\capsule\apps\net.corda.node.Corda_4.1\sshd-pam-0.11.0.jar;C:\Users\armu\AppData\Local\capsule\apps\net.corda.node.Corda_4.1\sshd-core-1.6.0.jar;C:\Users\armu\AppData\Local\capsule\apps\net.corda.node.Corda_4.1\catalyst-serializer-1.1.2.jar;C:\Users\armu\AppData\Local\capsule\apps\net.corda.node.Corda_4.1\catalyst-buffer-1.1.2.jar;C:\Users\armu\AppData\Local\capsule\apps\net.corda.node.Corda_4.1\catalyst-common-1.1.2.jar;C:\Users\armu\AppData\Local\capsule\apps\net.corda.node.Corda_4.1\slf4j-api-1.7.25.jar;C:\Users\armu\AppData\Local\capsule\apps\net.corda.node.Corda_4.1\log4j-api-2.9.1.jar;C:\Users\armu\AppData\Local\capsule\apps\net.corda.node.Corda_4.1\kotlin-stdlib-jdk7-1.2.71.jar;C:\Users\armu\AppData\Local\capsule\apps\net.corda.node.Corda_4.1\kotlin-stdlib-jre7-1.2.71.jar;C:\Users\armu\AppData\Local\capsule\apps\net.corda.node.Corda_4.1\kotlin-stdlib-1.2.71.jar;C:\Users\armu\AppData\Local\capsule\apps\net.corda.node.Corda_4.1\reflectasm-1.11.3.jar;C:\Users\armu\AppData\Local\capsule\apps\net.corda.node.Corda_4.1\minlog-1.3.0.jar;C:\Users\armu\AppData\Local\capsule\apps\net.corda.node.Corda_4.1\objenesis-2.2.jar;C:\Users\armu\AppData\Local\capsule\apps\net.corda.node.Corda_4.1\jsr305-3.0.2.jar;C:\Users\armu\AppData\Local\capsule\apps\net.corda.node.Corda_4.1\checker-qual-2.0.0.jar;C:\Users\armu\AppData\Local\capsule\apps\net.corda.node.Corda_4.1\error_prone_annotations-2.1.3.jar;C:\Users\armu\AppData\Local\capsule\apps\net.corda.node.Corda_4.1\j2objc-annotations-1.1.jar;C:\Users\armu\AppData\Local\capsule\apps\net.corda.node.Corda_4.1\animal-sniffer-annotations-1.14.jar;C:\Users\armu\AppData\Local\capsule\apps\net.corda.node.Corda_4.1\commons-collections-3.2.2.jar;C:\Users\armu\AppData\Local\capsule\apps\net.corda.node.Corda_4.1\artemis-native-2.6.2.jar;C:\Users\armu\AppData\Local\capsule\apps\net.corda.node.Corda_4.1\hibernate-commons-annotations-5.0.4.Final.jar;C:\Users\armu\AppData\Local\capsule\apps\net.corda.node.Corda_4.1\jboss-logging-3.3.2.Final.jar;C:\Users\armu\AppData\Local\capsule\apps\net.corda.node.Corda_4.1\artemis-selector-2.6.2.jar;C:\Users\armu\AppData\Local\capsule\apps\net.corda.node.Corda_4.1\netty-handler-4.1.22.Final.jar;C:\Users\armu\AppData\Local\capsule\apps\net.corda.node.Corda_4.1\netty-transport-native-epoll-4.1.22.Final-linux-x86_64.jar;C:\Users\armu\AppData\Local\capsule\apps\net.corda.node.Corda_4.1\netty-transport-native-kqueue-4.1.22.Final-osx-x86_64.jar;C:\Users\armu\AppData\Local\capsule\apps\net.corda.node.Corda_4.1\netty-codec-http-4.1.22.Final.jar;C:\Users\armu\AppData\Local\capsule\apps\net.corda.node.Corda_4.1\netty-codec-4.1.22.Final.jar;C:\Users\armu\AppData\Local\capsule\apps\net.corda.node.Corda_4.1\netty-transport-native-unix-common-4.1.22.Final.jar;C:\Users\armu\AppData\Local\capsule\apps\net.corda.node.Corda_4.1\netty-transport-4.1.22.Final.jar;C:\Users\armu\AppData\Local\capsule\apps\net.corda.node.Corda_4.1\netty-buffer-4.1.22.Final.jar;C:\Users\armu\AppData\Local\capsule\apps\net.corda.node.Corda_4.1\netty-resolver-4.1.22.Final.jar;C:\Users\armu\AppData\Local\capsule\apps\net.corda.node.Corda_4.1\netty-common-4.1.22.Final.jar;C:\Users\armu\AppData\Local\capsule\apps\net.corda.node.Corda_4.1\geronimo-json_1.0_spec-1.0-alpha-1.jar;C:\Users\armu\AppData\Local\capsule\apps\net.corda.node.Corda_4.1\jgroups-3.6.13.Final.jar;C:\Users\armu\AppData\Local\capsule\apps\net.corda.node.Corda_4.1\johnzon-core-0.9.5.jar;C:\Users\armu\AppData\Local\capsule\apps\net.corda.node.Corda_4.1\forms-1.1-preview.jar;C:\Users\armu\AppData\Local\capsule\apps\net.corda.node.Corda_4.1\jdom-1.0.jar;C:\Users\armu\AppData\Local\capsule\apps\net.corda.node.Corda_4.1\javax.persistence-api-2.2.jar;C:\Users\armu\AppData\Local\capsule\apps\net.corda.node.Corda_4.1\javassist-3.23.1-GA.jar;C:\Users\armu\AppData\Local\capsule\apps\net.corda.node.Corda_4.1\byte-buddy-1.8.17.jar;C:\Users\armu\AppData\Local\capsule\apps\net.corda.node.Corda_4.1\antlr-2.7.7.jar;C:\Users\armu\AppData\Local\capsule\apps\net.corda.node.Corda_4.1\jboss-transaction-api_1.2_spec-1.1.1.Final.jar;C:\Users\armu\AppData\Local\capsule\apps\net.corda.node.Corda_4.1\jandex-2.0.5.Final.jar;C:\Users\armu\AppData\Local\capsule\apps\net.corda.node.Corda_4.1\classmate-1.3.4.jar;C:\Users\armu\AppData\Local\capsule\apps\net.corda.node.Corda_4.1\javax.activation-api-1.2.0.jar;C:\Users\armu\AppData\Local\capsule\apps\net.corda.node.Corda_4.1\dom4j-1.6.1.jar;C:\Users\armu\AppData\Local\capsule\apps\net.corda.node.Corda_4.1\okio-1.11.0.jar;C:\Users\armu\AppData\Local\capsule\apps\net.corda.node.Corda_4.1\jolokia-core-1.6.0.jar;C:\Users\armu\AppData\Local\capsule\apps\net.corda.node.Corda_4.1\json-simple-1.1.1.jar;C:\Users\armu\AppData\Local\capsule\apps\net.corda.node.Corda_4.1\newrelic-api-3.10.0.jar;C:\Users\armu\AppData\Local\capsule\apps\net.corda.node.Corda_4.1\HdrHistogram-2.1.9.jar;C:\Users\armu\AppData\Local\capsule\apps\net.corda.node.Corda_4.1\LatencyUtils-2.0.3.jar;C:\Users\armu\AppData\Local\capsule\apps\net.corda.node.Corda_4.1\rxjava-1.3.8.jar;C:\Users\armu\AppData\Local\capsule\apps\net.corda.node.Corda_4.1\commons-jexl3-3.0.jar;C:\Users\armu\AppData\Local\capsule\apps\net.corda.node.Corda_4.1\commons-lang-2.6.jar;C:\Users\armu\AppData\Local\capsule\apps\net.corda.node.Corda_4.1\eddsa-0.2.0.jar;C:\Users\armu\AppData\Local\capsule\apps\net.corda.node.Corda_4.1\bcpkix-jdk15on-1.60.jar;C:\Users\armu\AppData\Local\capsule\apps\net.corda.node.Corda_4.1\bcprov-jdk15on-1.60.jar;C:\Users\armu\AppData\Local\capsule\apps\net.corda.node.Corda_4.1\asm-5.0.4.jar;C:\Users\armu\AppData\Local\capsule\apps\net.corda.node.Corda_4.1\snappy-0.4.jar;C:\Users\armu\AppData\Local\capsule\apps\net.corda.node.Corda_4.1\jackson-dataformat-yaml-2.9.5.jar;C:\Users\armu\AppData\Local\capsule\apps\net.corda.node.Corda_4.1\snakeyaml-1.18.jar;C:\Users\armu\AppData\Local\capsule\apps\net.corda.node.Corda_4.1\jackson-annotations-2.9.0.jar;C:\Users\armu\AppData\Local\capsule\apps\net.corda.node.Corda_4.1\jackson-core-2.9.5.jar;C:\Users\armu\AppData\Local\capsule\apps\net.corda.node.Corda_4.1\crash.cli-810d2b774b85d4938be01b9b65e29e4fddbc450b.jar;C:\Users\armu\AppData\Local\capsule\apps\net.corda.node.Corda_4.1\groovy-all-1.8.9.jar;C:\Users\armu\AppData\Local\capsule\apps\net.corda.node.Corda_4.1\kotlin-stdlib-common-1.2.71.jar;C:\Users\armu\AppData\Local\capsule\apps\net.corda.node.Corda_4.1\annotations-13.0.jar;C:\Users\armu\AppData\Local\capsule\apps\net.corda.node.Corda_4.1\geronimo-jms_2.0_spec-1.0-alpha-2.jar;C:\Users\armu\AppData\Local\capsule\apps\net.corda.node.Corda_4.1\jpam-1.1.jar;C:\Users\armu\AppData\Local\capsule\apps\net.corda.node.Corda_4.1\corda-node-4.1.jar;drivers/jolokia-jvm-1.6.0-agent.jar;C:\Users\armu\AppData\Local\capsule\apps\net.corda.node.Corda_4.1\quasar-core-0.7.10-jdk8.jar;C:\Dev\projects\blockchain\docchain\build\nodes\Notary\corda.jar
[INFO ] 2021-05-13T13:24:30,098Z [main] internal.Node.logStartupInfo - VM Java HotSpot(TM) 64-Bit Server VM Oracle Corporation 25.291-b10
[INFO ] 2021-05-13T13:24:30,099Z [main] internal.Node.logStartupInfo - Machine: BRPC013171
[INFO ] 2021-05-13T13:24:30,099Z [main] internal.Node.logStartupInfo - Working Directory: C:\Dev\projects\blockchain\docchain\build\nodes\Notary
[INFO ] 2021-05-13T13:24:30,099Z [main] internal.Node.logStartupInfo - Debug port: dt_socket:5005
[INFO ] 2021-05-13T13:24:30,099Z [main] internal.Node.logStartupInfo - Starting as node on 127.0.0.1:10002
[INFO ] 2021-05-13T13:24:32,179Z [main] cordapp.JarScanningCordappLoader.fromDirectories - Looking for CorDapps in [C:\Dev\projects\blockchain\docchain\build\nodes\Notary\cordapps]
[INFO ] 2021-05-13T13:24:32,852Z [main] cordapp.JarScanningCordappLoader.<init> - Loading CorDapps from RestrictedURL(url=file:/C:/Dev/projects/blockchain/docchain/build/nodes/Notary/cordapps/contracts-0.1.jar, rootPackageName=null), RestrictedURL(url=file:/C:/Dev/projects/blockchain/docchain/build/nodes/Notary/cordapps/workflows-0.1.jar, rootPackageName=null)
[INFO ] 2021-05-13T13:24:32,941Z [main] cordapp.JarScanningCordappLoader.scanCordapp - Scanning CorDapp in file:/C:/Dev/projects/blockchain/docchain/build/nodes/Notary/cordapps/contracts-0.1.jar
[INFO ] 2021-05-13T13:24:35,691Z [main] cordapp.JarScanningCordappLoader.scanCordapp - Scanning CorDapp in file:/C:/Dev/projects/blockchain/docchain/build/nodes/Notary/cordapps/workflows-0.1.jar
[WARN ] 2021-05-13T13:24:41,071Z [main] internal.Node.printWarning - This node is running in development mode!  This is not safe for production deployment.
[INFO ] 2021-05-13T13:24:41,859Z [main] internal.Node.start - Node starting up ...
[INFO ] 2021-05-13T13:24:42,793Z [main] internal.NodeFlowManager.registerInitiatedFlow - Registered com.template.flows.RegisterFlow to initiate com.template.flows.RegisterFlow$Acceptor (version 1)
[INFO ] 2021-05-13T13:24:44,540Z [main] plugin.PluginManager.getPlugins - Loaded plugin Plugin[type=SSHPlugin,interface=SSHPlugin]
[INFO ] 2021-05-13T13:24:44,553Z [main] plugin.PluginManager.getPlugins - Loaded plugin Plugin[type=SSHInlinePlugin,interface=CommandPlugin]
[INFO ] 2021-05-13T13:24:44,555Z [main] plugin.PluginManager.getPlugins - Loaded plugin Plugin[type=KeyAuthenticationPlugin,interface=KeyAuthenticationPlugin]
[INFO ] 2021-05-13T13:24:44,558Z [main] plugin.PluginManager.getPlugins - Loaded plugin Plugin[type=CRaSHShellFactory,interface=ShellFactory]
[INFO ] 2021-05-13T13:24:44,573Z [main] plugin.PluginManager.getPlugins - Loaded plugin Plugin[type=GroovyLanguageProxy,interface=Language]
[INFO ] 2021-05-13T13:24:44,574Z [main] plugin.PluginManager.getPlugins - Loaded plugin Plugin[type=JavaLanguage,interface=Language]
[INFO ] 2021-05-13T13:24:44,584Z [main] plugin.PluginManager.getPlugins - Loaded plugin Plugin[type=ScriptLanguage,interface=Language]
[INFO ] 2021-05-13T13:24:44,586Z [main] plugin.PluginManager.getPlugins - Loaded plugin Plugin[type=JaasAuthenticationPlugin,interface=AuthenticationPlugin]
[INFO ] 2021-05-13T13:24:44,587Z [main] plugin.PluginManager.getPlugins - Loaded plugin Plugin[type=SimpleAuthenticationPlugin,interface=AuthenticationPlugin]
[INFO ] 2021-05-13T13:24:44,601Z [main] ssh.SSHPlugin.init - Could not boot SSHD due to missing due to missing port configuration
[INFO ] 2021-05-13T13:24:44,604Z [main] plugin.PluginManager.getPlugins - Initialized plugin Plugin[type=SSHPlugin,interface=SSHPlugin]
[INFO ] 2021-05-13T13:24:44,604Z [main] plugin.PluginManager.getPlugins - Initialized plugin Plugin[type=SSHInlinePlugin,interface=CommandPlugin]
[INFO ] 2021-05-13T13:24:44,605Z [main] plugin.PluginManager.getPlugins - Initialized plugin Plugin[type=KeyAuthenticationPlugin,interface=KeyAuthenticationPlugin]
[INFO ] 2021-05-13T13:24:44,717Z [main] plugin.PluginManager.getPlugins - Initialized plugin Plugin[type=GroovyLanguageProxy,interface=Language]
[INFO ] 2021-05-13T13:24:44,718Z [main] plugin.PluginManager.getPlugins - Initialized plugin Plugin[type=ScriptLanguage,interface=Language]
[INFO ] 2021-05-13T13:24:44,800Z [main] plugin.PluginManager.getPlugins - Initialized plugin Plugin[type=CRaSHShellFactory,interface=ShellFactory]
[INFO ] 2021-05-13T13:24:44,800Z [main] plugin.PluginManager.getPlugins - Initialized plugin Plugin[type=JaasAuthenticationPlugin,interface=AuthenticationPlugin]
[INFO ] 2021-05-13T13:24:44,804Z [main] plugin.PluginManager.getPlugins - Initialized plugin Plugin[type=SimpleAuthenticationPlugin,interface=AuthenticationPlugin]
[INFO ] 2021-05-13T13:24:44,805Z [main] plugin.PluginManager.getPlugins - Initialized plugin Plugin[type=CordaAuthenticationPlugin,interface=AuthenticationPlugin]
[INFO ] 2021-05-13T13:24:53,005Z [main] internal.Node.start - Loaded network parameters: NetworkParameters {
      minimumPlatformVersion=4
      notaries=[NotaryInfo(identity=O=Notary, L=London, C=GB, validating=false)]
      maxMessageSize=10485760
      maxTransactionSize=524288000
      whitelistedContractImplementations {
        
      }
      eventHorizon=PT720H
      packageOwnership {
        
      }
      modifiedTime=2021-05-12T23:52:00.288Z
      epoch=1
  }
[INFO ] 2021-05-13T13:24:53,112Z [main] hikari.HikariDataSource.<init> - HikariPool-1 - Started.
[INFO ] 2021-05-13T13:25:05,619Z [main] liquibase.info - Reading from PUBLIC.DATABASECHANGELOG
[INFO ] 2021-05-13T13:25:06,426Z [main] liquibase.info - Successfully acquired change log lock
[INFO ] 2021-05-13T13:25:06,550Z [main] liquibase.info - Successfully released change log lock
[INFO ] 2021-05-13T13:25:06,807Z [main] internal.Node.invoke - Connected to H2 database.
[INFO ] 2021-05-13T13:25:06,946Z [main] persistence.HibernateConfiguration.<init> - Init HibernateConfiguration for schemas: [CommonSchemaV1(name=net.corda.core.schemas.CommonSchema, version=1), VaultSchemaV1(name=net.corda.node.services.vault.VaultSchema, version=1), NodeInfoSchemaV1(name=net.corda.node.internal.schemas.NodeInfoSchema, version=1), NodeCoreV1(name=net.corda.node.services.schema.NodeSchemaService$NodeCore, version=1), RegisterSchema(name=com.template.Schema.RegisterSchemaV, version=1), NodeNotarySchemaV1(name=net.corda.node.services.transactions.NodeNotarySchema, version=1)]
[INFO ] 2021-05-13T13:25:06,954Z [main] persistence.HibernateConfiguration.makeSessionFactoryForSchemas - Creating session factory for schemas: [CommonSchemaV1(name=net.corda.core.schemas.CommonSchema, version=1), VaultSchemaV1(name=net.corda.node.services.vault.VaultSchema, version=1), NodeInfoSchemaV1(name=net.corda.node.internal.schemas.NodeInfoSchema, version=1), NodeCoreV1(name=net.corda.node.services.schema.NodeSchemaService$NodeCore, version=1), RegisterSchema(name=com.template.Schema.RegisterSchemaV, version=1), NodeNotarySchemaV1(name=net.corda.node.services.transactions.NodeNotarySchema, version=1)]
[INFO ] 2021-05-13T13:25:12,605Z [main] persistence.HibernateConfiguration.makeSessionFactoryForSchemas - Created session factory for schemas: [CommonSchemaV1(name=net.corda.core.schemas.CommonSchema, version=1), VaultSchemaV1(name=net.corda.node.services.vault.VaultSchema, version=1), NodeInfoSchemaV1(name=net.corda.node.internal.schemas.NodeInfoSchema, version=1), NodeCoreV1(name=net.corda.node.services.schema.NodeSchemaService$NodeCore, version=1), RegisterSchema(name=com.template.Schema.RegisterSchemaV, version=1), NodeNotarySchemaV1(name=net.corda.node.services.transactions.NodeNotarySchema, version=1)]
[INFO ] 2021-05-13T13:25:14,125Z [main] network.NetworkMapUpdater.apply - Auto-accept enabled for network parameter changes which modify only: [epoch, modifiedTime, packageOwnership, whitelistedContractImplementations]
[INFO ] 2021-05-13T13:25:14,248Z [main] security.RPCSecurityManagerImpl.buildImpl - Constructing realm from list of users in config []
[INFO ] 2021-05-13T13:25:14,353Z [RxIoScheduler-2] network.PersistentNetworkMapCache.addNode - Adding node with info: NodeInfo(addresses=[127.0.0.1:10008], legalIdentitiesAndCerts=[CN=PartyB, O=PartyB, L=Boston, C=US], platformVersion=4, serial=1620863511932)
[INFO ] 2021-05-13T13:25:14,520Z [RxIoScheduler-2] network.PersistentNetworkMapCache.addNode - Previous node was identical to incoming one - doing nothing
[INFO ] 2021-05-13T13:25:14,522Z [RxIoScheduler-2] network.PersistentNetworkMapCache.addNode - Adding node with info: NodeInfo(addresses=[127.0.0.1:10011], legalIdentitiesAndCerts=[CN=PartyC, O=PartyC, L=Boston, C=US], platformVersion=4, serial=1620863516044)
[INFO ] 2021-05-13T13:25:14,552Z [RxIoScheduler-2] network.PersistentNetworkMapCache.addNode - Previous node was identical to incoming one - doing nothing
[INFO ] 2021-05-13T13:25:14,553Z [RxIoScheduler-2] network.PersistentNetworkMapCache.addNode - Adding node with info: NodeInfo(addresses=[127.0.0.1:10002], legalIdentitiesAndCerts=[O=Notary, L=London, C=GB], platformVersion=4, serial=1620863512467)
[INFO ] 2021-05-13T13:25:14,583Z [RxIoScheduler-2] network.PersistentNetworkMapCache.addNode - Previous node was identical to incoming one - doing nothing
[INFO ] 2021-05-13T13:25:14,584Z [RxIoScheduler-2] network.PersistentNetworkMapCache.addNode - Adding node with info: NodeInfo(addresses=[127.0.0.1:10005], legalIdentitiesAndCerts=[CN=PartyA, O=PartyA, L=Boston, C=US], platformVersion=4, serial=1620863512544)
[INFO ] 2021-05-13T13:25:14,658Z [RxIoScheduler-2] network.PersistentNetworkMapCache.addNode - Previous node was identical to incoming one - doing nothing
[INFO ] 2021-05-13T13:25:15,784Z [main] BasicInfo.printBasicNodeInfo - Advertised P2P messaging addresses      : 127.0.0.1:10002
[INFO ] 2021-05-13T13:25:15,791Z [main] BasicInfo.printBasicNodeInfo - RPC connection address                  : 127.0.0.1:10003
[INFO ] 2021-05-13T13:25:15,792Z [main] BasicInfo.printBasicNodeInfo - RPC admin connection address            : 127.0.0.1:10043
[INFO ] 2021-05-13T13:25:18,108Z [main] messaging.ArtemisMessagingServer.configureAndStartServer - P2P messaging server listening on 0.0.0.0:10002
[INFO ] 2021-05-13T13:25:19,274Z [main] internal.ArtemisMessagingClient.start - Connecting to message broker: localhost:10002
[INFO ] 2021-05-13T13:25:21,557Z [main] internal.ArtemisMessagingClient.start - Connecting to message broker: localhost:10002
[INFO ] 2021-05-13T13:25:22,230Z [main] messaging.P2PMessagingClient.start - Connecting to message broker: localhost:10002
[WARN ] 2021-05-13T13:25:23,309Z [main] utilities.AppendOnlyPersistentMapBase.set - Double insert in net.corda.node.utilities.AppendOnlyPersistentMap for entity class class net.corda.node.internal.DBNetworkParametersStorage$PersistentNetworkParameters key 6840AD03B4BBC4F04C98CA7F1AF7BA7BB802E8047E40FE9E5980D47EA0544784, not inserting the second time
[INFO ] 2021-05-13T13:25:23,453Z [Thread-3 (ActiveMQ-client-global-threads)] bridging.BridgeControlListener.processControlMessage - Received bridge control message NodeToBridgeSnapshot(nodeIdentity=O=Notary, L=London, C=GB, inboxQueues=[p2p.inbound.DLHkuvctSRuFRT6MPUfmtcg4j5XG22UjMpRC7GotBwAh99], sendQueues=[])
[INFO ] 2021-05-13T13:25:23,779Z [main] ClassloaderUtils.logElapsedTime - Contracts loading for 'C:\Users\armu\AppData\Local\Temp\attachment3621835866335537525.jar' took 281 msec
[INFO ] 2021-05-13T13:25:23,852Z [main] utilities.NotaryLoader.loadService - Starting notary service: class net.corda.node.services.transactions.SimpleNotaryService
[INFO ] 2021-05-13T13:25:23,865Z [main] notary.SinglePartyNotaryService.<init> - Starting notary in non-validating mode
[INFO ] 2021-05-13T13:25:25,324Z [main] statemachine.SingleThreadedStateMachineManager.invoke - Node ready, info: NodeInfo(addresses=[127.0.0.1:10002], legalIdentitiesAndCerts=[O=Notary, L=London, C=GB], platformVersion=4, serial=1620863512467)
[INFO ] 2021-05-13T13:25:25,444Z [main] BasicInfo.printBasicNodeInfo - Loaded 2 CorDapp(s)                     : Contract CorDapp: Movida CorDapp version 1 by vendor Corda Open Source with licence Apache License, Version 2.0, Workflow CorDapp: Docchain Flows version 1 by vendor Corda Open Source with licence Apache License, Version 2.0
[INFO ] 2021-05-13T13:25:25,449Z [main] BasicInfo.printBasicNodeInfo - Node for "Notary" started up and registered in 70.91 sec
[INFO ] 2021-05-13T13:25:25,451Z [Node thread-1] internal.Node.registerJmxReporter - Registering JMX reporter:
[INFO ] 2021-05-13T13:25:25,452Z [Node thread-1] internal.Node.registerJolokiaReporter - Registering Jolokia JMX reporter:
[INFO ] 2021-05-13T13:25:25,454Z [main] rpc.RPCServer.start - Starting RPC server with configuration RPCServerConfiguration(rpcThreadPoolSize=4, reapInterval=PT1S, deduplicationCacheExpiry=PT24H)
[INFO ] 2021-05-13T13:30:32,770Z [Node thread-1] messaging.P2PMessagingClient.createQueueIfAbsent - Start bridge for previously empty queue internal.peers.DLAgtnN5CKejfPhGkjLgFUDSiute7KBDRurGSBgpHxZgjt {fiber-id=10000001, flow-id=16e7c3a3-9c5f-40c4-8df3-b98f458dfad8, invocation_id=7c18f89a-7e90-4015-af0a-ccb192fb572f, invocation_timestamp=2021-05-13T13:30:32.277Z, origin=CN=PartyA, O=PartyA, L=Boston, C=US, session_id=7c18f89a-7e90-4015-af0a-ccb192fb572f, session_timestamp=2021-05-13T13:30:32.277Z, thread-id=207}
[INFO ] 2021-05-13T13:30:32,795Z [Thread-6 (ActiveMQ-client-global-threads)] bridging.BridgeControlListener.processControlMessage - Received bridge control message Create(nodeIdentity=O=Notary, L=London, C=GB, bridgeInfo=BridgeEntry(queueName=internal.peers.DLAgtnN5CKejfPhGkjLgFUDSiute7KBDRurGSBgpHxZgjt, targets=[127.0.0.1:10005], legalNames=[CN=PartyA, O=PartyA, L=Boston, C=US]))
[INFO ] 2021-05-13T13:30:32,875Z [Thread-6 (ActiveMQ-client-global-threads)] bridging.AMQPBridgeManager$AMQPBridge.invoke - Create new AMQP bridge {legalNames=CN=PartyA, O=PartyA, L=Boston, C=US, maxMessageSize=10485760, queueName=internal.peers.DLAgtnN5CKejfPhGkjLgFUDSiute7KBDRurGSBgpHxZgjt, targets=127.0.0.1:10005}
[INFO ] 2021-05-13T13:30:32,877Z [Thread-6 (ActiveMQ-client-global-threads)] netty.AMQPClient.start - connect to: 127.0.0.1:10005
[INFO ] 2021-05-13T13:30:32,918Z [nioEventLoopGroup-2-1] netty.AMQPClient.operationComplete - Connected to 127.0.0.1:10005
[INFO ] 2021-05-13T13:30:32,924Z [nioEventLoopGroup-2-1] netty.AMQPChannelHandler.invoke - New client connection 8153cf92 from /127.0.0.1:10005 to /127.0.0.1:53530 {allowedRemoteLegalNames=CN=PartyA, O=PartyA, L=Boston, C=US, localCert=null, remoteAddress=/127.0.0.1:10005, remoteCert=null, serverMode=false}
[INFO ] 2021-05-13T13:30:33,027Z [nioEventLoopGroup-2-1] netty.LoggingTrustManagerWrapper.checkServerTrusted - Check Server Certpath:
  C=US,L=Boston,O=PartyA,CN=PartyA[01C03FECC9E9EBA993B33DBEB97C80393A14E016] issued by C=US,L=Boston,O=PartyA,CN=PartyA[39BF237EB132F899B48172C1D7A15370881D3B28]
  C=US,L=Boston,O=PartyA,CN=PartyA[39BF237EB132F899B48172C1D7A15370881D3B28] issued by C=US,L=New York,OU=Corda,O=R3 HoldCo LLC,CN=Corda Doorman CA[EBEE2E30152940AE19981ED86FE37D7F07A2C213]
  C=US,L=New York,OU=Corda,O=R3 HoldCo LLC,CN=Corda Doorman CA[EBEE2E30152940AE19981ED86FE37D7F07A2C213] issued by CN=Corda Node Root CA,O=R3,OU=corda,L=London,C=UK[7CAEA9DFB948012B13890B9AE645851C39170773]
  CN=Corda Node Root CA,O=R3,OU=corda,L=London,C=UK[7CAEA9DFB948012B13890B9AE645851C39170773] issued by CN=Corda Node Root CA,O=R3,OU=corda,L=London,C=UK[null]
[INFO ] 2021-05-13T13:30:33,136Z [nioEventLoopGroup-2-1] netty.AMQPChannelHandler.invoke - Handshake completed with subject: CN=PartyA, O=PartyA, L=Boston, C=US {allowedRemoteLegalNames=CN=PartyA, O=PartyA, L=Boston, C=US, localCert=O=Notary, L=London, C=GB, remoteAddress=/127.0.0.1:10005, remoteCert=CN=PartyA, O=PartyA, L=Boston, C=US, serverMode=false}
[INFO ] 2021-05-13T13:30:33,236Z [nioEventLoopGroup-2-1] bridging.AMQPBridgeManager$AMQPBridge.invoke - Bridge Connected {legalNames=CN=PartyA, O=PartyA, L=Boston, C=US, maxMessageSize=10485760, queueName=internal.peers.DLAgtnN5CKejfPhGkjLgFUDSiute7KBDRurGSBgpHxZgjt, targets=127.0.0.1:10005}
[INFO ] 2021-05-13T13:30:33,262Z [nioEventLoopGroup-2-1] engine.ConnectionStateMachine.invoke - Connection local open org.apache.qpid.proton.engine.impl.ConnectionImpl@16207525 {localLegalName=O=Notary, L=London, C=GB, remoteLegalName=CN=PartyA, O=PartyA, L=Boston, C=US, serverMode=false}
[INFO ] 2021-05-13T13:39:33,971Z [Command line shell terminator] shell.InteractiveShell.invoke - Command shell has exited
[INFO ] 2021-05-13T13:39:33,972Z [Command line shell terminator] BasicInfo.printBasicNodeInfo - Shutting down ...
