[INFO ] 2019-12-02T21:45:05,665 [main] Starter - Starting Starter on DESKTOP-NTPA4DM with PID 22588 (C:\Users\resource\Desktop\Develop\movida-corda\corda_car_rental\clients\build\classes\java\main started by resource in C:\Users\resource\Desktop\Develop\movida-corda\corda_car_rental\clients)
[INFO ] 2019-12-02T21:45:05,767 [main] Starter - No active profile set, falling back to default profiles: default
[INFO ] 2019-12-02T21:45:09,051 [main] TomcatWebServer - Tomcat initialized with port(s): 10070 (http)
[INFO ] 2019-12-02T21:45:09,517 [main] ContextLoader - Root WebApplicationContext: initialization completed in 4071 ms
[INFO ] 2019-12-02T21:45:09,556 [main] TomcatWebServer - Tomcat initialized with port(s): 10060 (http)
[INFO ] 2019-12-02T21:45:10,184 [main] ContextLoader - Root WebApplicationContext: initialization completed in 4287 ms
[INFO ] 2019-12-02T21:45:14,413 [main] RPCClient - Startup took 3595 msec
[INFO ] 2019-12-02T21:45:14,812 [main] RPCClient - Startup took 3620 msec
[INFO ] 2019-12-02T21:45:15,439 [main] ThreadPoolTaskExecutor - Initializing ExecutorService 'applicationTaskExecutor'
[INFO ] 2019-12-02T21:45:15,930 [main] ThreadPoolTaskExecutor - Initializing ExecutorService 'applicationTaskExecutor'
[INFO ] 2019-12-02T21:45:16,256 [main] WelcomePageHandlerMapping - Adding welcome page: class path resource [static/index.html]
[INFO ] 2019-12-02T21:45:16,665 [main] TomcatWebServer - Tomcat started on port(s): 10070 (http) with context path ''
[INFO ] 2019-12-02T21:45:16,670 [main] Starter - Started Starter in 16.765 seconds (JVM running for 19.334)
[INFO ] 2019-12-02T21:45:16,762 [main] WelcomePageHandlerMapping - Adding welcome page: class path resource [static/index.html]
[INFO ] 2019-12-02T21:45:17,005 [main] TomcatWebServer - Tomcat started on port(s): 10060 (http) with context path ''
[INFO ] 2019-12-02T21:45:17,020 [main] Starter - Started Starter in 16.537 seconds (JVM running for 19.323)
[INFO ] 2019-12-02T21:47:12,766 [http-nio-10060-exec-1] DispatcherServlet - Initializing Servlet 'dispatcherServlet'
[INFO ] 2019-12-02T21:47:12,779 [http-nio-10060-exec-1] DispatcherServlet - Completed initialization in 12 ms
[WARN ] 2019-12-03T00:00:31,603 [http-nio-10060-exec-5] DefaultHandlerExceptionResolver - Resolved [org.springframework.http.converter.HttpMessageNotReadableException: JSON parse error: Unrecognized field "linearId" (class com.template.states.Register), not marked as ignorable; nested exception is com.fasterxml.jackson.databind.exc.UnrecognizedPropertyException: Unrecognized field "linearId" (class com.template.states.Register), not marked as ignorable (24 known properties: "commission_paid", "insurance_list", "renter_name", "commission_contracted", "toUser", "daily_value", "vehicle_group", "document_number", "pickup_date", "status", "fromUser", "additional_list", "pickup_location", "attachment_list", "id", "return_date", "registerId", "contract_number_partner", "participants", "return_location", "total_amount_paid", "contract_number_movida", "total_amount_contracted", "document_type"])
 at [Source: (PushbackInputStream); line: 1, column: 92] (through reference chain: com.template.states.Register["linearId"])]
