[INFO ] 2021-10-04T00:32:59,518Z [main] cliutils.CliWrapperBase. - Application Args: run-migration-scripts --core-schemas --app-schemas
[INFO ] 2021-10-04T00:33:01,075Z [main] manifests.Manifests. - 132 attributes loaded from 178 stream(s) in 179ms, 132 saved, 2749 ignored: ["ActiveMQ-Version", "Agent-Class", "Ant-Version", "Application-Class", "Application-ID", "Application-Library-Allowable-Codebase", "Application-Name", "Application-Version", "Apr-Version", "Archiver-Version", "Automatic-Module-Name", "Bnd-LastModified", "BoringSSL-Branch", "BoringSSL-Revision", "Branch", "Build-Date", "Build-Host", "Build-Id", "Build-Java-Version", "Build-Jdk", "Build-Jdk-Spec", "Build-Job", "Build-Number", "Build-Time", "Build-Timestamp", "Build-Version", "Built-By", "Built-OS", "Built-Status", "Bundle-Activator", "Bundle-Category", "Bundle-ClassPath", "Bundle-Copyright", "Bundle-Description", "Bundle-DocURL", "Bundle-License", "Bundle-ManifestVersion", "Bundle-Name", "Bundle-NativeCode", "Bundle-RequiredExecutionEnvironment", "Bundle-SymbolicName", "Bundle-Vendor", "Bundle-Version", "CLDR-Version", "Caller-Allowable-Codebase", "Can-Redefine-Classes", "Can-Retransform-Classes", "Can-Set-Native-Method-Prefix", "Caplets", "Change", "Class-Path", "Codebase", "Corda-DJVM-Dependencies", "Corda-Deterministic-Classpath", "Corda-Deterministic-Runtime", "Corda-Docs-Link", "Corda-Platform-Version", "Corda-Release-Version", "Corda-Revision", "Corda-Vendor", "Created-By", "DynamicImport-Package", "Eclipse-BuddyPolicy", "Eclipse-LazyStart", "Export-Package", "Extension-Name", "Fragment-Host", "Git-Revision", "Git-Url", "Gradle-Version", "Hibernate-JpaVersion", "Hibernate-VersionFamily", "Implementation-Build", "Implementation-Build-Date", "Implementation-Build-Id", "Implementation-Title", "Implementation-URL", "Implementation-Url", "Implementation-Vendor", "Implementation-Vendor-Id", "Implementation-Version", "Import-Package", "Include-Resource", "JCabi-Build", "JCabi-Date", "JCabi-Version", "JVM-Args", "Java-Agents", "Java-Vendor", "Java-Version", "Kotlin-Runtime-Component", "Kotlin-Version", "Liquibase-Package", "Log4jReleaseKey", "Log4jReleaseManager", "Log4jReleaseVersion", "Main-Class", "Main-class", "Major-Version", "Manifest-Version", "Min-Java-Version", "Min-Update-Version", "Module-Email", "Module-Origin", "Module-Owner", "Module-Source", "Multi-Release", "Originally-Created-By", "Os-Arch", "Os-Name", "Os-Version", "Permissions", "Premain-Class", "Private-Package", "Provide-Capability", "Require-Capability", "SCM-Revision", "SCM-url", "Scm-Connection", "Scm-Revision", "Scm-Url", "Sealed", "Service-Component", "Specification-Title", "Specification-Vendor", "Specification-Version", "System-Properties", "Tool", "Trusted-Library", "URL", "X-Compile-Source-JDK", "X-Compile-Target-JDK"]
[INFO ] 2021-10-04T00:33:01,135Z [main] BasicInfo. - Logs can be found in                    : /home/nslm/docchain/build/nodes/PartyB/logs
[INFO ] 2021-10-04T00:33:02,601Z [main] subcommands.ValidateConfigurationCli. - Actual configuration:
{
    "additionalNodeInfoPollingFrequencyMsec" : 5000,
    "additionalP2PAddresses" : [],
    "attachmentCacheBound" : 1024,
    "baseDirectory" : "/home/nslm/docchain/build/nodes/PartyB",
    "blacklistedAttachmentSigningKeys" : [],
    "certificateChainCheckPolicies" : [],
    "cordappSignerKeyFingerprintBlacklist" : [
        "56CA54E803CB87C8472EBD3FBC6A2F1876E814CEEBF74860BD46997F40729367",
        "83088052AF16700457AE2C978A7D8AC38DD6A7C713539D00B897CD03A5E5D31D",
        "6F6696296C3F58B55FB6CA865A025A3A6CC27AD17C4AFABA1E8EF062E0A82739"
    ],
    "crlCheckArtemisServer" : false,
    "crlCheckSoftFail" : true,
    "dataSourceProperties" : "*****",
    "database" : {
        "exportHibernateJMXStatistics" : false,
        "mappedSchemaCacheSize" : 100
    },
    "detectPublicIp" : false,
    "devMode" : true,
    "emailAddress" : "admin@company.com",
    "extraNetworkMapKeys" : [],
    "flowExternalOperationThreadPoolSize" : 2,
    "flowMonitorPeriodMillis" : {
        "nanos" : 0,
        "seconds" : 60
    },
    "flowMonitorSuspensionLoggingThresholdMillis" : {
        "nanos" : 0,
        "seconds" : 60
    },
    "flowTimeout" : {
        "backoffBase" : 1.8,
        "maxRestartCount" : 6,
        "timeout" : {
            "nanos" : 0,
            "seconds" : 30
        }
    },
    "jarDirs" : [
        "../../../drivers"
    ],
    "jmxReporterType" : "JOLOKIA",
    "keyStorePassword" : "*****",
    "lazyBridgeStart" : true,
    "localShellAllowExitInSafeMode" : true,
    "localShellUnsafe" : false,
    "myLegalName" : "CN=PartyB,O=PartyB,L=Boston,C=US",
    "networkParameterAcceptanceSettings" : {
        "autoAcceptEnabled" : true,
        "excludedAutoAcceptableParameters" : []
    },
    "noLocalShell" : false,
    "p2pAddress" : "partyb:10003",
    "quasarExcludePackages" : [],
    "reloadCheckpointAfterSuspend" : false,
    "rpcSettings" : {
        "address" : "partyb:10013",
        "adminAddress" : "partyb:10043",
        "standAloneBroker" : false,
        "useSsl" : false
    },
    "rpcUsers" : [],
    "security" : {
        "authService" : {
            "dataSource" : {
                "passwordEncryption" : "NONE",
                "type" : "INMEMORY",
                "users" : [
                    {
                        "ignoresFallbacks" : false,
                        "resolved" : true,
                        "value" : {
                            "loadFactor" : 0.75,
                            "modCount" : 3,
                            "size" : 3,
                            "table" : {},
                            "threshold" : 3
                        }
                    }
                ]
            }
        }
    },
    "sshd" : {
        "port" : 2223
    },
    "trustStorePassword" : "*****",
    "useTestClock" : false,
    "verifierType" : "InMemory"
}

[INFO ] 2021-10-04T00:33:02,675Z [main] internal.Node. - Vendor: Corda Open Source
[INFO ] 2021-10-04T00:33:02,675Z [main] internal.Node. - Release: 4.7
[INFO ] 2021-10-04T00:33:02,675Z [main] internal.Node. - Platform Version: 9
[INFO ] 2021-10-04T00:33:02,675Z [main] internal.Node. - Revision: 75618ca7e3150b74de7f6708bda54f56fc6b1cae
[INFO ] 2021-10-04T00:33:02,675Z [main] internal.Node. - PID: 5507
[INFO ] 2021-10-04T00:33:02,675Z [main] internal.Node. - Main class: /home/nslm/docchain/build/nodes/.cache/apps/net.corda.node.Corda_4.7/corda-node-4.7.jar
[INFO ] 2021-10-04T00:33:02,675Z [main] internal.Node. - CommandLine Args: -Xmx512m -XX:+UseG1GC -XX:+HeapDumpOnOutOfMemoryError -XX:+CrashOnOutOfMemoryError -javaagent:/home/nslm/docchain/build/nodes/.cache/apps/net.corda.node.Corda_4.7/quasar-core-0.7.13_r3.jar=x(antlr**;bftsmart**;co.paralleluniverse**;com.codahale**;com.esotericsoftware**;com.fasterxml**;com.google**;com.ibm**;com.intellij**;com.jcabi**;com.nhaarman**;com.opengamma**;com.typesafe**;com.zaxxer**;de.javakaffee**;groovy**;groovyjarjarantlr**;groovyjarjarasm**;io.atomix**;io.github**;io.netty**;jdk**;kotlin**;net.corda.djvm**;djvm**;net.bytebuddy**;net.i2p**;org.apache**;org.bouncycastle**;org.codehaus**;org.crsh**;org.dom4j**;org.fusesource**;org.h2**;org.hibernate**;org.jboss**;org.jcp**;org.joda**;org.objectweb**;org.objenesis**;org.slf4j**;org.w3c**;org.xml**;org.yaml**;reflectasm**;rx**;org.jolokia**;com.lmax**;picocli**;liquibase**;com.github.benmanes**;org.json**;org.postgresql**;nonapi.io.github.classgraph**)l(net.corda.djvm.**;net.corda.core.serialization.internal.**) -Dvisualvm.display.name=Corda -Djava.library.path=/usr/java/packages/lib/amd64:/usr/lib/x86_64-linux-gnu/jni:/lib/x86_64-linux-gnu:/usr/lib/x86_64-linux-gnu:/usr/lib/jni:/lib:/usr/lib:/home/nslm/docchain/build/nodes/.cache/apps/net.corda.node.Corda_4.7 -Dcapsule.app=net.corda.node.Corda_4.7 -Dcapsule.dir=/home/nslm/docchain/build/nodes/.cache/apps/net.corda.node.Corda_4.7 -Dcapsule.jar=/home/nslm/docchain/build/nodes/PartyB/corda.jar
[INFO ] 2021-10-04T00:33:02,675Z [main] internal.Node. - bootclasspath: /usr/lib/jvm/java-8-openjdk-amd64/jre/lib/resources.jar:/usr/lib/jvm/java-8-openjdk-amd64/jre/lib/rt.jar:/usr/lib/jvm/java-8-openjdk-amd64/jre/lib/sunrsasign.jar:/usr/lib/jvm/java-8-openjdk-amd64/jre/lib/jsse.jar:/usr/lib/jvm/java-8-openjdk-amd64/jre/lib/jce.jar:/usr/lib/jvm/java-8-openjdk-amd64/jre/lib/charsets.jar:/usr/lib/jvm/java-8-openjdk-amd64/jre/lib/jfr.jar:/usr/lib/jvm/java-8-openjdk-amd64/jre/classes
[INFO ] 2021-10-04T00:33:02,675Z [main] internal.Node. - classpath: /home/nslm/docchain/build/nodes/PartyB/corda.jar:/home/nslm/docchain/build/nodes/.cache/apps/net.corda.node.Corda_4.7/corda-shell-4.7.jar:/home/nslm/docchain/build/nodes/.cache/apps/net.corda.node.Corda_4.7/corda-rpc-4.7.jar:/home/nslm/docchain/build/nodes/.cache/apps/net.corda.node.Corda_4.7/corda-node-api-4.7.jar:/home/nslm/docchain/build/nodes/.cache/apps/net.corda.node.Corda_4.7/corda-tools-cliutils-4.7.jar:/home/nslm/docchain/build/nodes/.cache/apps/net.corda.node.Corda_4.7/corda-common-configuration-parsing-4.7.jar:/home/nslm/docchain/build/nodes/.cache/apps/net.corda.node.Corda_4.7/corda-common-validation-4.7.jar:/home/nslm/docchain/build/nodes/.cache/apps/net.corda.node.Corda_4.7/corda-common-logging-4.7.jar:/home/nslm/docchain/build/nodes/.cache/apps/net.corda.node.Corda_4.7/corda-confidential-identities-4.7.jar:/home/nslm/docchain/build/nodes/.cache/apps/net.corda.node.Corda_4.7/log4j-slf4j-impl-2.13.3.jar:/home/nslm/docchain/build/nodes/.cache/apps/net.corda.node.Corda_4.7/log4j-web-2.13.3.jar:/home/nslm/docchain/build/nodes/.cache/apps/net.corda.node.Corda_4.7/jul-to-slf4j-1.7.30.jar:/home/nslm/docchain/build/nodes/.cache/apps/net.corda.node.Corda_4.7/corda-serialization-djvm-4.7.jar:/home/nslm/docchain/build/nodes/.cache/apps/net.corda.node.Corda_4.7/corda-djvm-1.1.1.jar:/home/nslm/docchain/build/nodes/.cache/apps/net.corda.node.Corda_4.7/corda-jackson-4.7.jar:/home/nslm/docchain/build/nodes/.cache/apps/net.corda.node.Corda_4.7/corda-serialization-4.7.jar:/home/nslm/docchain/build/nodes/.cache/apps/net.corda.node.Corda_4.7/corda-core-4.7.jar:/home/nslm/docchain/build/nodes/.cache/apps/net.corda.node.Corda_4.7/kotlin-stdlib-jdk8-1.2.71.jar:/home/nslm/docchain/build/nodes/.cache/apps/net.corda.node.Corda_4.7/jackson-module-kotlin-2.9.7.jar:/home/nslm/docchain/build/nodes/.cache/apps/net.corda.node.Corda_4.7/kotlin-reflect-1.2.71.jar:/home/nslm/docchain/build/nodes/.cache/apps/net.corda.node.Corda_4.7/jansi-1.18.jar:/home/nslm/docchain/build/nodes/.cache/apps/net.corda.node.Corda_4.7/metrics-new-relic-1.1.1.jar:/home/nslm/docchain/build/nodes/.cache/apps/net.corda.node.Corda_4.7/quasar-core-0.7.13_r3.jar:/home/nslm/docchain/build/nodes/.cache/apps/net.corda.node.Corda_4.7/guava-28.0-jre.jar:/home/nslm/docchain/build/nodes/.cache/apps/net.corda.node.Corda_4.7/caffeine-2.7.0.jar:/home/nslm/docchain/build/nodes/.cache/apps/net.corda.node.Corda_4.7/disruptor-3.4.2.jar:/home/nslm/docchain/build/nodes/.cache/apps/net.corda.node.Corda_4.7/commons-collections4-4.3.jar:/home/nslm/docchain/build/nodes/.cache/apps/net.corda.node.Corda_4.7/artemis-amqp-protocol-2.6.2.jar:/home/nslm/docchain/build/nodes/.cache/apps/net.corda.node.Corda_4.7/artemis-server-2.6.2.jar:/home/nslm/docchain/build/nodes/.cache/apps/net.corda.node.Corda_4.7/artemis-jdbc-store-2.6.2.jar:/home/nslm/docchain/build/nodes/.cache/apps/net.corda.node.Corda_4.7/artemis-jms-client-2.6.2.jar:/home/nslm/docchain/build/nodes/.cache/apps/net.corda.node.Corda_4.7/artemis-core-client-2.6.2.jar:/home/nslm/docchain/build/nodes/.cache/apps/net.corda.node.Corda_4.7/artemis-journal-2.6.2.jar:/home/nslm/docchain/build/nodes/.cache/apps/net.corda.node.Corda_4.7/artemis-commons-2.6.2.jar:/home/nslm/docchain/build/nodes/.cache/apps/net.corda.node.Corda_4.7/shiro-core-1.4.1.jar:/home/nslm/docchain/build/nodes/.cache/apps/net.corda.node.Corda_4.7/shiro-config-ogdl-1.4.1.jar:/home/nslm/docchain/build/nodes/.cache/apps/net.corda.node.Corda_4.7/commons-beanutils-1.9.4.jar:/home/nslm/docchain/build/nodes/.cache/apps/net.corda.node.Corda_4.7/jcabi-manifests-1.1.jar:/home/nslm/docchain/build/nodes/.cache/apps/net.corda.node.Corda_4.7/metrics-jmx-4.1.0.jar:/home/nslm/docchain/build/nodes/.cache/apps/net.corda.node.Corda_4.7/config-1.3.4.jar:/home/nslm/docchain/build/nodes/.cache/apps/net.corda.node.Corda_4.7/corda-node-djvm-4.7.jar:/home/nslm/docchain/build/nodes/.cache/apps/net.corda.node.Corda_4.7/h2-1.4.199.jar:/home/nslm/docchain/build/nodes/.cache/apps/net.corda.node.Corda_4.7/HikariCP-3.3.1.jar:/home/nslm/docchain/build/nodes/.cache/apps/net.corda.node.Corda_4.7/hibernate-java8-5.4.3.Final.jar:/home/nslm/docchain/build/nodes/.cache/apps/net.corda.node.Corda_4.7/hibernate-core-5.4.3.Final.jar:/home/nslm/docchain/build/nodes/.cache/apps/net.corda.node.Corda_4.7/okhttp-3.14.2.jar:/home/nslm/docchain/build/nodes/.cache/apps/net.corda.node.Corda_4.7/picocli-3.9.6.jar:/home/nslm/docchain/build/nodes/.cache/apps/net.corda.node.Corda_4.7/library-master-v1.1-beta-g6215ec8-87.jar:/home/nslm/docchain/build/nodes/.cache/apps/net.corda.node.Corda_4.7/commons-codec-1.13.jar:/home/nslm/docchain/build/nodes/.cache/apps/net.corda.node.Corda_4.7/copycat-client-1.2.3.jar:/home/nslm/docchain/build/nodes/.cache/apps/net.corda.node.Corda_4.7/copycat-server-1.2.3.jar:/home/nslm/docchain/build/nodes/.cache/apps/net.corda.node.Corda_4.7/catalyst-netty-1.1.2.jar:/home/nslm/docchain/build/nodes/.cache/apps/net.corda.node.Corda_4.7/jolokia-jvm-1.6.1-agent.jar:/home/nslm/docchain/build/nodes/.cache/apps/net.corda.node.Corda_4.7/netty-tcnative-boringssl-static-2.0.29.Final.jar:/home/nslm/docchain/build/nodes/.cache/apps/net.corda.node.Corda_4.7/kotlin-stdlib-jre8-1.2.71.jar:/home/nslm/docchain/build/nodes/.cache/apps/net.corda.node.Corda_4.7/netty-handler-proxy-4.1.46.Final.jar:/home/nslm/docchain/build/nodes/.cache/apps/net.corda.node.Corda_4.7/proton-j-0.33.0.jar:/home/nslm/docchain/build/nodes/.cache/apps/net.corda.node.Corda_4.7/classgraph-4.8.90.jar:/home/nslm/docchain/build/nodes/.cache/apps/net.corda.node.Corda_4.7/kryo-serializers-0.43.jar:/home/nslm/docchain/build/nodes/.cache/apps/net.corda.node.Corda_4.7/kryo-4.0.2.jar:/home/nslm/docchain/build/nodes/.cache/apps/net.corda.node.Corda_4.7/liquibase-core-3.6.3.jar:/home/nslm/docchain/build/nodes/.cache/apps/net.corda.node.Corda_4.7/jackson-datatype-jsr310-2.9.7.jar:/home/nslm/docchain/build/nodes/.cache/apps/net.corda.node.Corda_4.7/jackson-databind-2.9.7.jar:/home/nslm/docchain/build/nodes/.cache/apps/net.corda.node.Corda_4.7/liquibase-slf4j-2.0.0.jar:/home/nslm/docchain/build/nodes/.cache/apps/net.corda.node.Corda_4.7/crash.connectors.ssh-1.7.4.jar:/home/nslm/docchain/build/nodes/.cache/apps/net.corda.node.Corda_4.7/crash.shell-1.7.4.jar:/home/nslm/docchain/build/nodes/.cache/apps/net.corda.node.Corda_4.7/log4j-core-2.13.3.jar:/home/nslm/docchain/build/nodes/.cache/apps/net.corda.node.Corda_4.7/commons-io-2.6.jar:/home/nslm/docchain/build/nodes/.cache/apps/net.corda.node.Corda_4.7/jcabi-log-0.14.jar:/home/nslm/docchain/build/nodes/.cache/apps/net.corda.node.Corda_4.7/metrics-core-4.1.0.jar:/home/nslm/docchain/build/nodes/.cache/apps/net.corda.node.Corda_4.7/shiro-cache-1.4.1.jar:/home/nslm/docchain/build/nodes/.cache/apps/net.corda.node.Corda_4.7/shiro-crypto-hash-1.4.1.jar:/home/nslm/docchain/build/nodes/.cache/apps/net.corda.node.Corda_4.7/shiro-crypto-cipher-1.4.1.jar:/home/nslm/docchain/build/nodes/.cache/apps/net.corda.node.Corda_4.7/shiro-config-core-1.4.1.jar:/home/nslm/docchain/build/nodes/.cache/apps/net.corda.node.Corda_4.7/shiro-event-1.4.1.jar:/home/nslm/docchain/build/nodes/.cache/apps/net.corda.node.Corda_4.7/shiro-crypto-core-1.4.1.jar:/home/nslm/docchain/build/nodes/.cache/apps/net.corda.node.Corda_4.7/shiro-lang-1.4.1.jar:/home/nslm/docchain/build/nodes/.cache/apps/net.corda.node.Corda_4.7/copycat-protocol-1.2.3.jar:/home/nslm/docchain/build/nodes/.cache/apps/net.corda.node.Corda_4.7/catalyst-transport-1.1.2.jar:/home/nslm/docchain/build/nodes/.cache/apps/net.corda.node.Corda_4.7/jcl-over-slf4j-1.7.30.jar:/home/nslm/docchain/build/nodes/.cache/apps/net.corda.node.Corda_4.7/mina-core-2.0.16.jar:/home/nslm/docchain/build/nodes/.cache/apps/net.corda.node.Corda_4.7/catalyst-concurrent-1.1.2.jar:/home/nslm/docchain/build/nodes/.cache/apps/net.corda.node.Corda_4.7/catalyst-serializer-1.1.2.jar:/home/nslm/docchain/build/nodes/.cache/apps/net.corda.node.Corda_4.7/catalyst-buffer-1.1.2.jar:/home/nslm/docchain/build/nodes/.cache/apps/net.corda.node.Corda_4.7/catalyst-common-1.1.2.jar:/home/nslm/docchain/build/nodes/.cache/apps/net.corda.node.Corda_4.7/slf4j-api-1.7.30.jar:/home/nslm/docchain/build/nodes/.cache/apps/net.corda.node.Corda_4.7/log4j-api-2.13.3.jar:/home/nslm/docchain/build/nodes/.cache/apps/net.corda.node.Corda_4.7/kotlin-stdlib-jdk7-1.2.71.jar:/home/nslm/docchain/build/nodes/.cache/apps/net.corda.node.Corda_4.7/kotlin-stdlib-jre7-1.2.71.jar:/home/nslm/docchain/build/nodes/.cache/apps/net.corda.node.Corda_4.7/kotlin-stdlib-1.2.71.jar:/home/nslm/docchain/build/nodes/.cache/apps/net.corda.node.Corda_4.7/failureaccess-1.0.1.jar:/home/nslm/docchain/build/nodes/.cache/apps/net.corda.node.Corda_4.7/listenablefuture-9999.0-empty-to-avoid-conflict-with-guava.jar:/home/nslm/docchain/build/nodes/.cache/apps/net.corda.node.Corda_4.7/jsr305-3.0.2.jar:/home/nslm/docchain/build/nodes/.cache/apps/net.corda.node.Corda_4.7/checker-qual-2.8.1.jar:/home/nslm/docchain/build/nodes/.cache/apps/net.corda.node.Corda_4.7/error_prone_annotations-2.3.3.jar:/home/nslm/docchain/build/nodes/.cache/apps/net.corda.node.Corda_4.7/j2objc-annotations-1.3.jar:/home/nslm/docchain/build/nodes/.cache/apps/net.corda.node.Corda_4.7/animal-sniffer-annotations-1.17.jar:/home/nslm/docchain/build/nodes/.cache/apps/net.corda.node.Corda_4.7/commons-collections-3.2.2.jar:/home/nslm/docchain/build/nodes/.cache/apps/net.corda.node.Corda_4.7/artemis-native-2.6.2.jar:/home/nslm/docchain/build/nodes/.cache/apps/net.corda.node.Corda_4.7/hibernate-commons-annotations-5.1.0.Final.jar:/home/nslm/docchain/build/nodes/.cache/apps/net.corda.node.Corda_4.7/jboss-logging-3.3.2.Final.jar:/home/nslm/docchain/build/nodes/.cache/apps/net.corda.node.Corda_4.7/artemis-selector-2.6.2.jar:/home/nslm/docchain/build/nodes/.cache/apps/net.corda.node.Corda_4.7/netty-codec-http-4.1.46.Final.jar:/home/nslm/docchain/build/nodes/.cache/apps/net.corda.node.Corda_4.7/netty-handler-4.1.46.Final.jar:/home/nslm/docchain/build/nodes/.cache/apps/net.corda.node.Corda_4.7/netty-transport-native-epoll-4.1.46.Final-linux-x86_64.jar:/home/nslm/docchain/build/nodes/.cache/apps/net.corda.node.Corda_4.7/netty-transport-native-kqueue-4.1.46.Final-osx-x86_64.jar:/home/nslm/docchain/build/nodes/.cache/apps/net.corda.node.Corda_4.7/netty-codec-socks-4.1.46.Final.jar:/home/nslm/docchain/build/nodes/.cache/apps/net.corda.node.Corda_4.7/netty-codec-4.1.46.Final.jar:/home/nslm/docchain/build/nodes/.cache/apps/net.corda.node.Corda_4.7/netty-transport-native-unix-common-4.1.46.Final.jar:/home/nslm/docchain/build/nodes/.cache/apps/net.corda.node.Corda_4.7/netty-transport-4.1.46.Final.jar:/home/nslm/docchain/build/nodes/.cache/apps/net.corda.node.Corda_4.7/netty-buffer-4.1.46.Final.jar:/home/nslm/docchain/build/nodes/.cache/apps/net.corda.node.Corda_4.7/netty-resolver-4.1.46.Final.jar:/home/nslm/docchain/build/nodes/.cache/apps/net.corda.node.Corda_4.7/netty-common-4.1.46.Final.jar:/home/nslm/docchain/build/nodes/.cache/apps/net.corda.node.Corda_4.7/geronimo-json_1.0_spec-1.0-alpha-1.jar:/home/nslm/docchain/build/nodes/.cache/apps/net.corda.node.Corda_4.7/jgroups-3.6.13.Final.jar:/home/nslm/docchain/build/nodes/.cache/apps/net.corda.node.Corda_4.7/johnzon-core-0.9.5.jar:/home/nslm/docchain/build/nodes/.cache/apps/net.corda.node.Corda_4.7/corda-deserializers-djvm-4.7.jar:/home/nslm/docchain/build/nodes/.cache/apps/net.corda.node.Corda_4.7/javax.persistence-api-2.2.jar:/home/nslm/docchain/build/nodes/.cache/apps/net.corda.node.Corda_4.7/javassist-3.24.0-GA.jar:/home/nslm/docchain/build/nodes/.cache/apps/net.corda.node.Corda_4.7/byte-buddy-1.9.10.jar:/home/nslm/docchain/build/nodes/.cache/apps/net.corda.node.Corda_4.7/antlr-2.7.7.jar:/home/nslm/docchain/build/nodes/.cache/apps/net.corda.node.Corda_4.7/jboss-transaction-api_1.2_spec-1.1.1.Final.jar:/home/nslm/docchain/build/nodes/.cache/apps/net.corda.node.Corda_4.7/jandex-2.0.5.Final.jar:/home/nslm/docchain/build/nodes/.cache/apps/net.corda.node.Corda_4.7/classmate-1.3.4.jar:/home/nslm/docchain/build/nodes/.cache/apps/net.corda.node.Corda_4.7/jaxb-runtime-2.3.1.jar:/home/nslm/docchain/build/nodes/.cache/apps/net.corda.node.Corda_4.7/jaxb-api-2.3.1.jar:/home/nslm/docchain/build/nodes/.cache/apps/net.corda.node.Corda_4.7/javax.activation-api-1.2.0.jar:/home/nslm/docchain/build/nodes/.cache/apps/net.corda.node.Corda_4.7/dom4j-2.1.1.jar:/home/nslm/docchain/build/nodes/.cache/apps/net.corda.node.Corda_4.7/okio-1.17.2.jar:/home/nslm/docchain/build/nodes/.cache/apps/net.corda.node.Corda_4.7/jolokia-core-1.6.1.jar:/home/nslm/docchain/build/nodes/.cache/apps/net.corda.node.Corda_4.7/json-simple-1.1.1.jar:/home/nslm/docchain/build/nodes/.cache/apps/net.corda.node.Corda_4.7/newrelic-api-3.10.0.jar:/home/nslm/docchain/build/nodes/.cache/apps/net.corda.node.Corda_4.7/LatencyUtils-2.0.3.jar:/home/nslm/docchain/build/nodes/.cache/apps/net.corda.node.Corda_4.7/HdrHistogram-2.1.9.jar:/home/nslm/docchain/build/nodes/.cache/apps/net.corda.node.Corda_4.7/reflectasm-1.11.3.jar:/home/nslm/docchain/build/nodes/.cache/apps/net.corda.node.Corda_4.7/asm-analysis-5.2.jar:/home/nslm/docchain/build/nodes/.cache/apps/net.corda.node.Corda_4.7/asm-commons-5.2.jar:/home/nslm/docchain/build/nodes/.cache/apps/net.corda.node.Corda_4.7/asm-util-5.2.jar:/home/nslm/docchain/build/nodes/.cache/apps/net.corda.node.Corda_4.7/asm-tree-5.2.jar:/home/nslm/docchain/build/nodes/.cache/apps/net.corda.node.Corda_4.7/asm-7.1.jar:/home/nslm/docchain/build/nodes/.cache/apps/net.corda.node.Corda_4.7/rxjava-1.3.8.jar:/home/nslm/docchain/build/nodes/.cache/apps/net.corda.node.Corda_4.7/commons-lang3-3.9.jar:/home/nslm/docchain/build/nodes/.cache/apps/net.corda.node.Corda_4.7/eddsa-0.3.0.jar:/home/nslm/docchain/build/nodes/.cache/apps/net.corda.node.Corda_4.7/bcpkix-jdk15on-1.66.jar:/home/nslm/docchain/build/nodes/.cache/apps/net.corda.node.Corda_4.7/bcprov-jdk15on-1.66.jar:/home/nslm/docchain/build/nodes/.cache/apps/net.corda.node.Corda_4.7/snappy-0.4.jar:/home/nslm/docchain/build/nodes/.cache/apps/net.corda.node.Corda_4.7/minlog-1.3.0.jar:/home/nslm/docchain/build/nodes/.cache/apps/net.corda.node.Corda_4.7/objenesis-2.5.1.jar:/home/nslm/docchain/build/nodes/.cache/apps/net.corda.node.Corda_4.7/jackson-dataformat-yaml-2.9.7.jar:/home/nslm/docchain/build/nodes/.cache/apps/net.corda.node.Corda_4.7/snakeyaml-1.23.jar:/home/nslm/docchain/build/nodes/.cache/apps/net.corda.node.Corda_4.7/jackson-annotations-2.9.0.jar:/home/nslm/docchain/build/nodes/.cache/apps/net.corda.node.Corda_4.7/jackson-core-2.9.7.jar:/home/nslm/docchain/build/nodes/.cache/apps/net.corda.node.Corda_4.7/crash.cli-1.7.4.jar:/home/nslm/docchain/build/nodes/.cache/apps/net.corda.node.Corda_4.7/groovy-all-1.8.9.jar:/home/nslm/docchain/build/nodes/.cache/apps/net.corda.node.Corda_4.7/sshd-pam-0.11.0.jar:/home/nslm/docchain/build/nodes/.cache/apps/net.corda.node.Corda_4.7/sshd-core-2.3.0.jar:/home/nslm/docchain/build/nodes/.cache/apps/net.corda.node.Corda_4.7/kotlin-stdlib-common-1.2.71.jar:/home/nslm/docchain/build/nodes/.cache/apps/net.corda.node.Corda_4.7/annotations-13.0.jar:/home/nslm/docchain/build/nodes/.cache/apps/net.corda.node.Corda_4.7/txw2-2.3.1.jar:/home/nslm/docchain/build/nodes/.cache/apps/net.corda.node.Corda_4.7/istack-commons-runtime-3.0.7.jar:/home/nslm/docchain/build/nodes/.cache/apps/net.corda.node.Corda_4.7/stax-ex-1.8.jar:/home/nslm/docchain/build/nodes/.cache/apps/net.corda.node.Corda_4.7/FastInfoset-1.2.15.jar:/home/nslm/docchain/build/nodes/.cache/apps/net.corda.node.Corda_4.7/geronimo-jms_2.0_spec-1.0-alpha-2.jar:/home/nslm/docchain/build/nodes/.cache/apps/net.corda.node.Corda_4.7/sshd-common-2.3.0.jar:/home/nslm/docchain/build/nodes/.cache/apps/net.corda.node.Corda_4.7/jpam-1.1.jar:/home/nslm/docchain/build/nodes/.cache/apps/net.corda.node.Corda_4.7/corda-node-4.7.jar:/home/nslm/docchain/drivers/postgresql-42.1.4.jar:/home/nslm/docchain/build/nodes/.cache/apps/net.corda.node.Corda_4.7/quasar-core-0.7.13_r3.jar
[INFO ] 2021-10-04T00:33:02,675Z [main] internal.Node. - VM OpenJDK 64-Bit Server VM Private Build 25.292-b10
[INFO ] 2021-10-04T00:33:02,675Z [main] internal.Node. - Machine: vm-docchain
[INFO ] 2021-10-04T00:33:02,675Z [main] internal.Node. - Working Directory: /home/nslm/docchain/build/nodes/PartyB
[INFO ] 2021-10-04T00:33:02,683Z [main] internal.Node. - Starting as node on partyb:10003
[INFO ] 2021-10-04T00:33:02,896Z [main] cordapp.JarScanningCordappLoader. - Looking for CorDapps in [/home/nslm/docchain/build/nodes/PartyB/cordapps]
[INFO ] 2021-10-04T00:33:02,916Z [main] cordapp.JarScanningCordappLoader. - No CorDapp paths provided
[INFO ] 2021-10-04T00:33:03,768Z [main] internal.Node. - MessagingService active change to: false
[INFO ] 2021-10-04T00:33:04,110Z [main] internal.Node. - Flow external operation executor has a max of 2 threads
[INFO ] 2021-10-04T00:33:04,238Z [main] BasicInfo. - Running database schema migration scripts ...
[INFO ] 2021-10-04T00:33:04,270Z [main] hikari.HikariDataSource. - HikariPool-1 - Starting...
[INFO ] 2021-10-04T00:33:05,844Z [main] pool.PoolBase. - HikariPool-1 - Driver does not support get/set network timeout for connections. (Method org.postgresql.jdbc.PgConnection.getNetworkTimeout() is not yet implemented.)
[INFO ] 2021-10-04T00:33:06,155Z [main] hikari.HikariDataSource. - HikariPool-1 - Start completed.
[INFO ] 2021-10-04T00:33:11,730Z [main] jvm.JdbcExecutor. - SELECT MD5SUM FROM partyb_schema.databasechangelog WHERE MD5SUM IS NOT NULL LIMIT 1
[INFO ] 2021-10-04T00:33:11,877Z [main] jvm.JdbcExecutor. - SELECT COUNT(*) FROM partyb_schema.databasechangelog
[INFO ] 2021-10-04T00:33:12,018Z [main] changelog.StandardChangeLogHistoryService. - Reading from partyb_schema.databasechangelog
[INFO ] 2021-10-04T00:33:12,019Z [main] jvm.JdbcExecutor. - SELECT * FROM partyb_schema.databasechangelog ORDER BY DATEEXECUTED ASC, ORDEREXECUTED ASC
[INFO ] 2021-10-04T00:33:12,473Z [main] jvm.JdbcExecutor. - SELECT COUNT(*) FROM partyb_schema.databasechangeloglock
[INFO ] 2021-10-04T00:33:12,615Z [main] jvm.JdbcExecutor. - SELECT COUNT(*) FROM partyb_schema.databasechangeloglock
[INFO ] 2021-10-04T00:33:13,124Z [main] jvm.JdbcExecutor. - SELECT LOCKED FROM partyb_schema.databasechangeloglock WHERE ID=1
[INFO ] 2021-10-04T00:33:13,552Z [main] lockservice.StandardLockService. - Successfully acquired change log lock
[INFO ] 2021-10-04T00:33:13,845Z [main] lockservice.StandardLockService. - Successfully released change log lock
[INFO ] 2021-10-04T00:33:14,424Z [main] jvm.JdbcExecutor. - SELECT MD5SUM FROM partyb_schema.databasechangelog WHERE MD5SUM IS NOT NULL LIMIT 1
[INFO ] 2021-10-04T00:33:14,566Z [main] jvm.JdbcExecutor. - SELECT COUNT(*) FROM partyb_schema.databasechangelog
[INFO ] 2021-10-04T00:33:14,707Z [main] changelog.StandardChangeLogHistoryService. - Reading from partyb_schema.databasechangelog
[INFO ] 2021-10-04T00:33:14,707Z [main] jvm.JdbcExecutor. - SELECT * FROM partyb_schema.databasechangelog ORDER BY DATEEXECUTED ASC, ORDEREXECUTED ASC
[INFO ] 2021-10-04T00:33:15,001Z [main] jvm.JdbcExecutor. - SELECT COUNT(*) FROM partyb_schema.databasechangeloglock
[INFO ] 2021-10-04T00:33:15,142Z [main] jvm.JdbcExecutor. - SELECT COUNT(*) FROM partyb_schema.databasechangeloglock
[INFO ] 2021-10-04T00:33:15,425Z [main] jvm.JdbcExecutor. - SELECT LOCKED FROM partyb_schema.databasechangeloglock WHERE ID=1
[INFO ] 2021-10-04T00:33:15,850Z [main] lockservice.StandardLockService. - Successfully acquired change log lock
[INFO ] 2021-10-04T00:33:16,134Z [main] lockservice.StandardLockService. - Successfully released change log lock
[INFO ] 2021-10-04T00:33:16,440Z [main] internal.Node. - Connected to PostgreSQL database.
[INFO ] 2021-10-04T00:33:16,441Z [main] BasicInfo. - Database migration scripts for core and app schemas complete. There are no outstanding database changes.
[INFO ] 2021-10-04T00:33:22,263Z [main] cliutils.CliWrapperBase. - Application Args: generate-node-info
[INFO ] 2021-10-04T00:33:23,862Z [main] manifests.Manifests. - 132 attributes loaded from 178 stream(s) in 191ms, 132 saved, 2749 ignored: ["ActiveMQ-Version", "Agent-Class", "Ant-Version", "Application-Class", "Application-ID", "Application-Library-Allowable-Codebase", "Application-Name", "Application-Version", "Apr-Version", "Archiver-Version", "Automatic-Module-Name", "Bnd-LastModified", "BoringSSL-Branch", "BoringSSL-Revision", "Branch", "Build-Date", "Build-Host", "Build-Id", "Build-Java-Version", "Build-Jdk", "Build-Jdk-Spec", "Build-Job", "Build-Number", "Build-Time", "Build-Timestamp", "Build-Version", "Built-By", "Built-OS", "Built-Status", "Bundle-Activator", "Bundle-Category", "Bundle-ClassPath", "Bundle-Copyright", "Bundle-Description", "Bundle-DocURL", "Bundle-License", "Bundle-ManifestVersion", "Bundle-Name", "Bundle-NativeCode", "Bundle-RequiredExecutionEnvironment", "Bundle-SymbolicName", "Bundle-Vendor", "Bundle-Version", "CLDR-Version", "Caller-Allowable-Codebase", "Can-Redefine-Classes", "Can-Retransform-Classes", "Can-Set-Native-Method-Prefix", "Caplets", "Change", "Class-Path", "Codebase", "Corda-DJVM-Dependencies", "Corda-Deterministic-Classpath", "Corda-Deterministic-Runtime", "Corda-Docs-Link", "Corda-Platform-Version", "Corda-Release-Version", "Corda-Revision", "Corda-Vendor", "Created-By", "DynamicImport-Package", "Eclipse-BuddyPolicy", "Eclipse-LazyStart", "Export-Package", "Extension-Name", "Fragment-Host", "Git-Revision", "Git-Url", "Gradle-Version", "Hibernate-JpaVersion", "Hibernate-VersionFamily", "Implementation-Build", "Implementation-Build-Date", "Implementation-Build-Id", "Implementation-Title", "Implementation-URL", "Implementation-Url", "Implementation-Vendor", "Implementation-Vendor-Id", "Implementation-Version", "Import-Package", "Include-Resource", "JCabi-Build", "JCabi-Date", "JCabi-Version", "JVM-Args", "Java-Agents", "Java-Vendor", "Java-Version", "Kotlin-Runtime-Component", "Kotlin-Version", "Liquibase-Package", "Log4jReleaseKey", "Log4jReleaseManager", "Log4jReleaseVersion", "Main-Class", "Main-class", "Major-Version", "Manifest-Version", "Min-Java-Version", "Min-Update-Version", "Module-Email", "Module-Origin", "Module-Owner", "Module-Source", "Multi-Release", "Originally-Created-By", "Os-Arch", "Os-Name", "Os-Version", "Permissions", "Premain-Class", "Private-Package", "Provide-Capability", "Require-Capability", "SCM-Revision", "SCM-url", "Scm-Connection", "Scm-Revision", "Scm-Url", "Sealed", "Service-Component", "Specification-Title", "Specification-Vendor", "Specification-Version", "System-Properties", "Tool", "Trusted-Library", "URL", "X-Compile-Source-JDK", "X-Compile-Target-JDK"]
[INFO ] 2021-10-04T00:33:23,941Z [main] BasicInfo. - Logs can be found in                    : /home/nslm/docchain/build/nodes/PartyB/logs
[INFO ] 2021-10-04T00:33:25,595Z [main] subcommands.ValidateConfigurationCli. - Actual configuration:
{
    "additionalNodeInfoPollingFrequencyMsec" : 5000,
    "additionalP2PAddresses" : [],
    "attachmentCacheBound" : 1024,
    "baseDirectory" : "/home/nslm/docchain/build/nodes/PartyB",
    "blacklistedAttachmentSigningKeys" : [],
    "certificateChainCheckPolicies" : [],
    "cordappSignerKeyFingerprintBlacklist" : [
        "56CA54E803CB87C8472EBD3FBC6A2F1876E814CEEBF74860BD46997F40729367",
        "83088052AF16700457AE2C978A7D8AC38DD6A7C713539D00B897CD03A5E5D31D",
        "6F6696296C3F58B55FB6CA865A025A3A6CC27AD17C4AFABA1E8EF062E0A82739"
    ],
    "crlCheckArtemisServer" : false,
    "crlCheckSoftFail" : true,
    "dataSourceProperties" : "*****",
    "database" : {
        "exportHibernateJMXStatistics" : false,
        "mappedSchemaCacheSize" : 100
    },
    "detectPublicIp" : false,
    "devMode" : true,
    "emailAddress" : "admin@company.com",
    "extraNetworkMapKeys" : [],
    "flowExternalOperationThreadPoolSize" : 2,
    "flowMonitorPeriodMillis" : {
        "nanos" : 0,
        "seconds" : 60
    },
    "flowMonitorSuspensionLoggingThresholdMillis" : {
        "nanos" : 0,
        "seconds" : 60
    },
    "flowTimeout" : {
        "backoffBase" : 1.8,
        "maxRestartCount" : 6,
        "timeout" : {
            "nanos" : 0,
            "seconds" : 30
        }
    },
    "jarDirs" : [
        "../../../drivers"
    ],
    "jmxReporterType" : "JOLOKIA",
    "keyStorePassword" : "*****",
    "lazyBridgeStart" : true,
    "localShellAllowExitInSafeMode" : true,
    "localShellUnsafe" : false,
    "myLegalName" : "CN=PartyB,O=PartyB,L=Boston,C=US",
    "networkParameterAcceptanceSettings" : {
        "autoAcceptEnabled" : true,
        "excludedAutoAcceptableParameters" : []
    },
    "noLocalShell" : false,
    "p2pAddress" : "partyb:10003",
    "quasarExcludePackages" : [],
    "reloadCheckpointAfterSuspend" : false,
    "rpcSettings" : {
        "address" : "partyb:10013",
        "adminAddress" : "partyb:10043",
        "standAloneBroker" : false,
        "useSsl" : false
    },
    "rpcUsers" : [],
    "security" : {
        "authService" : {
            "dataSource" : {
                "passwordEncryption" : "NONE",
                "type" : "INMEMORY",
                "users" : [
                    {
                        "ignoresFallbacks" : false,
                        "resolved" : true,
                        "value" : {
                            "loadFactor" : 0.75,
                            "modCount" : 3,
                            "size" : 3,
                            "table" : {},
                            "threshold" : 3
                        }
                    }
                ]
            }
        }
    },
    "sshd" : {
        "port" : 2223
    },
    "trustStorePassword" : "*****",
    "useTestClock" : false,
    "verifierType" : "InMemory"
}

[INFO ] 2021-10-04T00:33:25,723Z [main] internal.Node. - Vendor: Corda Open Source
[INFO ] 2021-10-04T00:33:25,723Z [main] internal.Node. - Release: 4.7
[INFO ] 2021-10-04T00:33:25,723Z [main] internal.Node. - Platform Version: 9
[INFO ] 2021-10-04T00:33:25,723Z [main] internal.Node. - Revision: 75618ca7e3150b74de7f6708bda54f56fc6b1cae
[INFO ] 2021-10-04T00:33:25,729Z [main] internal.Node. - PID: 5561
[INFO ] 2021-10-04T00:33:25,730Z [main] internal.Node. - Main class: /home/nslm/docchain/build/nodes/.cache/apps/net.corda.node.Corda_4.7/corda-node-4.7.jar
[INFO ] 2021-10-04T00:33:25,730Z [main] internal.Node. - CommandLine Args: -Xmx512m -XX:+UseG1GC -XX:+HeapDumpOnOutOfMemoryError -XX:+CrashOnOutOfMemoryError -javaagent:/home/nslm/docchain/build/nodes/.cache/apps/net.corda.node.Corda_4.7/quasar-core-0.7.13_r3.jar=x(antlr**;bftsmart**;co.paralleluniverse**;com.codahale**;com.esotericsoftware**;com.fasterxml**;com.google**;com.ibm**;com.intellij**;com.jcabi**;com.nhaarman**;com.opengamma**;com.typesafe**;com.zaxxer**;de.javakaffee**;groovy**;groovyjarjarantlr**;groovyjarjarasm**;io.atomix**;io.github**;io.netty**;jdk**;kotlin**;net.corda.djvm**;djvm**;net.bytebuddy**;net.i2p**;org.apache**;org.bouncycastle**;org.codehaus**;org.crsh**;org.dom4j**;org.fusesource**;org.h2**;org.hibernate**;org.jboss**;org.jcp**;org.joda**;org.objectweb**;org.objenesis**;org.slf4j**;org.w3c**;org.xml**;org.yaml**;reflectasm**;rx**;org.jolokia**;com.lmax**;picocli**;liquibase**;com.github.benmanes**;org.json**;org.postgresql**;nonapi.io.github.classgraph**)l(net.corda.djvm.**;net.corda.core.serialization.internal.**) -Dvisualvm.display.name=Corda -Djava.library.path=/usr/java/packages/lib/amd64:/usr/lib/x86_64-linux-gnu/jni:/lib/x86_64-linux-gnu:/usr/lib/x86_64-linux-gnu:/usr/lib/jni:/lib:/usr/lib:/home/nslm/docchain/build/nodes/.cache/apps/net.corda.node.Corda_4.7 -Dcapsule.app=net.corda.node.Corda_4.7 -Dcapsule.dir=/home/nslm/docchain/build/nodes/.cache/apps/net.corda.node.Corda_4.7 -Dcapsule.jar=/home/nslm/docchain/build/nodes/PartyB/corda.jar
[INFO ] 2021-10-04T00:33:25,730Z [main] internal.Node. - bootclasspath: /usr/lib/jvm/java-8-openjdk-amd64/jre/lib/resources.jar:/usr/lib/jvm/java-8-openjdk-amd64/jre/lib/rt.jar:/usr/lib/jvm/java-8-openjdk-amd64/jre/lib/sunrsasign.jar:/usr/lib/jvm/java-8-openjdk-amd64/jre/lib/jsse.jar:/usr/lib/jvm/java-8-openjdk-amd64/jre/lib/jce.jar:/usr/lib/jvm/java-8-openjdk-amd64/jre/lib/charsets.jar:/usr/lib/jvm/java-8-openjdk-amd64/jre/lib/jfr.jar:/usr/lib/jvm/java-8-openjdk-amd64/jre/classes
[INFO ] 2021-10-04T00:33:25,730Z [main] internal.Node. - classpath: /home/nslm/docchain/build/nodes/PartyB/corda.jar:/home/nslm/docchain/build/nodes/.cache/apps/net.corda.node.Corda_4.7/corda-shell-4.7.jar:/home/nslm/docchain/build/nodes/.cache/apps/net.corda.node.Corda_4.7/corda-rpc-4.7.jar:/home/nslm/docchain/build/nodes/.cache/apps/net.corda.node.Corda_4.7/corda-node-api-4.7.jar:/home/nslm/docchain/build/nodes/.cache/apps/net.corda.node.Corda_4.7/corda-tools-cliutils-4.7.jar:/home/nslm/docchain/build/nodes/.cache/apps/net.corda.node.Corda_4.7/corda-common-configuration-parsing-4.7.jar:/home/nslm/docchain/build/nodes/.cache/apps/net.corda.node.Corda_4.7/corda-common-validation-4.7.jar:/home/nslm/docchain/build/nodes/.cache/apps/net.corda.node.Corda_4.7/corda-common-logging-4.7.jar:/home/nslm/docchain/build/nodes/.cache/apps/net.corda.node.Corda_4.7/corda-confidential-identities-4.7.jar:/home/nslm/docchain/build/nodes/.cache/apps/net.corda.node.Corda_4.7/log4j-slf4j-impl-2.13.3.jar:/home/nslm/docchain/build/nodes/.cache/apps/net.corda.node.Corda_4.7/log4j-web-2.13.3.jar:/home/nslm/docchain/build/nodes/.cache/apps/net.corda.node.Corda_4.7/jul-to-slf4j-1.7.30.jar:/home/nslm/docchain/build/nodes/.cache/apps/net.corda.node.Corda_4.7/corda-serialization-djvm-4.7.jar:/home/nslm/docchain/build/nodes/.cache/apps/net.corda.node.Corda_4.7/corda-djvm-1.1.1.jar:/home/nslm/docchain/build/nodes/.cache/apps/net.corda.node.Corda_4.7/corda-jackson-4.7.jar:/home/nslm/docchain/build/nodes/.cache/apps/net.corda.node.Corda_4.7/corda-serialization-4.7.jar:/home/nslm/docchain/build/nodes/.cache/apps/net.corda.node.Corda_4.7/corda-core-4.7.jar:/home/nslm/docchain/build/nodes/.cache/apps/net.corda.node.Corda_4.7/kotlin-stdlib-jdk8-1.2.71.jar:/home/nslm/docchain/build/nodes/.cache/apps/net.corda.node.Corda_4.7/jackson-module-kotlin-2.9.7.jar:/home/nslm/docchain/build/nodes/.cache/apps/net.corda.node.Corda_4.7/kotlin-reflect-1.2.71.jar:/home/nslm/docchain/build/nodes/.cache/apps/net.corda.node.Corda_4.7/jansi-1.18.jar:/home/nslm/docchain/build/nodes/.cache/apps/net.corda.node.Corda_4.7/metrics-new-relic-1.1.1.jar:/home/nslm/docchain/build/nodes/.cache/apps/net.corda.node.Corda_4.7/quasar-core-0.7.13_r3.jar:/home/nslm/docchain/build/nodes/.cache/apps/net.corda.node.Corda_4.7/guava-28.0-jre.jar:/home/nslm/docchain/build/nodes/.cache/apps/net.corda.node.Corda_4.7/caffeine-2.7.0.jar:/home/nslm/docchain/build/nodes/.cache/apps/net.corda.node.Corda_4.7/disruptor-3.4.2.jar:/home/nslm/docchain/build/nodes/.cache/apps/net.corda.node.Corda_4.7/commons-collections4-4.3.jar:/home/nslm/docchain/build/nodes/.cache/apps/net.corda.node.Corda_4.7/artemis-amqp-protocol-2.6.2.jar:/home/nslm/docchain/build/nodes/.cache/apps/net.corda.node.Corda_4.7/artemis-server-2.6.2.jar:/home/nslm/docchain/build/nodes/.cache/apps/net.corda.node.Corda_4.7/artemis-jdbc-store-2.6.2.jar:/home/nslm/docchain/build/nodes/.cache/apps/net.corda.node.Corda_4.7/artemis-jms-client-2.6.2.jar:/home/nslm/docchain/build/nodes/.cache/apps/net.corda.node.Corda_4.7/artemis-core-client-2.6.2.jar:/home/nslm/docchain/build/nodes/.cache/apps/net.corda.node.Corda_4.7/artemis-journal-2.6.2.jar:/home/nslm/docchain/build/nodes/.cache/apps/net.corda.node.Corda_4.7/artemis-commons-2.6.2.jar:/home/nslm/docchain/build/nodes/.cache/apps/net.corda.node.Corda_4.7/shiro-core-1.4.1.jar:/home/nslm/docchain/build/nodes/.cache/apps/net.corda.node.Corda_4.7/shiro-config-ogdl-1.4.1.jar:/home/nslm/docchain/build/nodes/.cache/apps/net.corda.node.Corda_4.7/commons-beanutils-1.9.4.jar:/home/nslm/docchain/build/nodes/.cache/apps/net.corda.node.Corda_4.7/jcabi-manifests-1.1.jar:/home/nslm/docchain/build/nodes/.cache/apps/net.corda.node.Corda_4.7/metrics-jmx-4.1.0.jar:/home/nslm/docchain/build/nodes/.cache/apps/net.corda.node.Corda_4.7/config-1.3.4.jar:/home/nslm/docchain/build/nodes/.cache/apps/net.corda.node.Corda_4.7/corda-node-djvm-4.7.jar:/home/nslm/docchain/build/nodes/.cache/apps/net.corda.node.Corda_4.7/h2-1.4.199.jar:/home/nslm/docchain/build/nodes/.cache/apps/net.corda.node.Corda_4.7/HikariCP-3.3.1.jar:/home/nslm/docchain/build/nodes/.cache/apps/net.corda.node.Corda_4.7/hibernate-java8-5.4.3.Final.jar:/home/nslm/docchain/build/nodes/.cache/apps/net.corda.node.Corda_4.7/hibernate-core-5.4.3.Final.jar:/home/nslm/docchain/build/nodes/.cache/apps/net.corda.node.Corda_4.7/okhttp-3.14.2.jar:/home/nslm/docchain/build/nodes/.cache/apps/net.corda.node.Corda_4.7/picocli-3.9.6.jar:/home/nslm/docchain/build/nodes/.cache/apps/net.corda.node.Corda_4.7/library-master-v1.1-beta-g6215ec8-87.jar:/home/nslm/docchain/build/nodes/.cache/apps/net.corda.node.Corda_4.7/commons-codec-1.13.jar:/home/nslm/docchain/build/nodes/.cache/apps/net.corda.node.Corda_4.7/copycat-client-1.2.3.jar:/home/nslm/docchain/build/nodes/.cache/apps/net.corda.node.Corda_4.7/copycat-server-1.2.3.jar:/home/nslm/docchain/build/nodes/.cache/apps/net.corda.node.Corda_4.7/catalyst-netty-1.1.2.jar:/home/nslm/docchain/build/nodes/.cache/apps/net.corda.node.Corda_4.7/jolokia-jvm-1.6.1-agent.jar:/home/nslm/docchain/build/nodes/.cache/apps/net.corda.node.Corda_4.7/netty-tcnative-boringssl-static-2.0.29.Final.jar:/home/nslm/docchain/build/nodes/.cache/apps/net.corda.node.Corda_4.7/kotlin-stdlib-jre8-1.2.71.jar:/home/nslm/docchain/build/nodes/.cache/apps/net.corda.node.Corda_4.7/netty-handler-proxy-4.1.46.Final.jar:/home/nslm/docchain/build/nodes/.cache/apps/net.corda.node.Corda_4.7/proton-j-0.33.0.jar:/home/nslm/docchain/build/nodes/.cache/apps/net.corda.node.Corda_4.7/classgraph-4.8.90.jar:/home/nslm/docchain/build/nodes/.cache/apps/net.corda.node.Corda_4.7/kryo-serializers-0.43.jar:/home/nslm/docchain/build/nodes/.cache/apps/net.corda.node.Corda_4.7/kryo-4.0.2.jar:/home/nslm/docchain/build/nodes/.cache/apps/net.corda.node.Corda_4.7/liquibase-core-3.6.3.jar:/home/nslm/docchain/build/nodes/.cache/apps/net.corda.node.Corda_4.7/jackson-datatype-jsr310-2.9.7.jar:/home/nslm/docchain/build/nodes/.cache/apps/net.corda.node.Corda_4.7/jackson-databind-2.9.7.jar:/home/nslm/docchain/build/nodes/.cache/apps/net.corda.node.Corda_4.7/liquibase-slf4j-2.0.0.jar:/home/nslm/docchain/build/nodes/.cache/apps/net.corda.node.Corda_4.7/crash.connectors.ssh-1.7.4.jar:/home/nslm/docchain/build/nodes/.cache/apps/net.corda.node.Corda_4.7/crash.shell-1.7.4.jar:/home/nslm/docchain/build/nodes/.cache/apps/net.corda.node.Corda_4.7/log4j-core-2.13.3.jar:/home/nslm/docchain/build/nodes/.cache/apps/net.corda.node.Corda_4.7/commons-io-2.6.jar:/home/nslm/docchain/build/nodes/.cache/apps/net.corda.node.Corda_4.7/jcabi-log-0.14.jar:/home/nslm/docchain/build/nodes/.cache/apps/net.corda.node.Corda_4.7/metrics-core-4.1.0.jar:/home/nslm/docchain/build/nodes/.cache/apps/net.corda.node.Corda_4.7/shiro-cache-1.4.1.jar:/home/nslm/docchain/build/nodes/.cache/apps/net.corda.node.Corda_4.7/shiro-crypto-hash-1.4.1.jar:/home/nslm/docchain/build/nodes/.cache/apps/net.corda.node.Corda_4.7/shiro-crypto-cipher-1.4.1.jar:/home/nslm/docchain/build/nodes/.cache/apps/net.corda.node.Corda_4.7/shiro-config-core-1.4.1.jar:/home/nslm/docchain/build/nodes/.cache/apps/net.corda.node.Corda_4.7/shiro-event-1.4.1.jar:/home/nslm/docchain/build/nodes/.cache/apps/net.corda.node.Corda_4.7/shiro-crypto-core-1.4.1.jar:/home/nslm/docchain/build/nodes/.cache/apps/net.corda.node.Corda_4.7/shiro-lang-1.4.1.jar:/home/nslm/docchain/build/nodes/.cache/apps/net.corda.node.Corda_4.7/copycat-protocol-1.2.3.jar:/home/nslm/docchain/build/nodes/.cache/apps/net.corda.node.Corda_4.7/catalyst-transport-1.1.2.jar:/home/nslm/docchain/build/nodes/.cache/apps/net.corda.node.Corda_4.7/jcl-over-slf4j-1.7.30.jar:/home/nslm/docchain/build/nodes/.cache/apps/net.corda.node.Corda_4.7/mina-core-2.0.16.jar:/home/nslm/docchain/build/nodes/.cache/apps/net.corda.node.Corda_4.7/catalyst-concurrent-1.1.2.jar:/home/nslm/docchain/build/nodes/.cache/apps/net.corda.node.Corda_4.7/catalyst-serializer-1.1.2.jar:/home/nslm/docchain/build/nodes/.cache/apps/net.corda.node.Corda_4.7/catalyst-buffer-1.1.2.jar:/home/nslm/docchain/build/nodes/.cache/apps/net.corda.node.Corda_4.7/catalyst-common-1.1.2.jar:/home/nslm/docchain/build/nodes/.cache/apps/net.corda.node.Corda_4.7/slf4j-api-1.7.30.jar:/home/nslm/docchain/build/nodes/.cache/apps/net.corda.node.Corda_4.7/log4j-api-2.13.3.jar:/home/nslm/docchain/build/nodes/.cache/apps/net.corda.node.Corda_4.7/kotlin-stdlib-jdk7-1.2.71.jar:/home/nslm/docchain/build/nodes/.cache/apps/net.corda.node.Corda_4.7/kotlin-stdlib-jre7-1.2.71.jar:/home/nslm/docchain/build/nodes/.cache/apps/net.corda.node.Corda_4.7/kotlin-stdlib-1.2.71.jar:/home/nslm/docchain/build/nodes/.cache/apps/net.corda.node.Corda_4.7/failureaccess-1.0.1.jar:/home/nslm/docchain/build/nodes/.cache/apps/net.corda.node.Corda_4.7/listenablefuture-9999.0-empty-to-avoid-conflict-with-guava.jar:/home/nslm/docchain/build/nodes/.cache/apps/net.corda.node.Corda_4.7/jsr305-3.0.2.jar:/home/nslm/docchain/build/nodes/.cache/apps/net.corda.node.Corda_4.7/checker-qual-2.8.1.jar:/home/nslm/docchain/build/nodes/.cache/apps/net.corda.node.Corda_4.7/error_prone_annotations-2.3.3.jar:/home/nslm/docchain/build/nodes/.cache/apps/net.corda.node.Corda_4.7/j2objc-annotations-1.3.jar:/home/nslm/docchain/build/nodes/.cache/apps/net.corda.node.Corda_4.7/animal-sniffer-annotations-1.17.jar:/home/nslm/docchain/build/nodes/.cache/apps/net.corda.node.Corda_4.7/commons-collections-3.2.2.jar:/home/nslm/docchain/build/nodes/.cache/apps/net.corda.node.Corda_4.7/artemis-native-2.6.2.jar:/home/nslm/docchain/build/nodes/.cache/apps/net.corda.node.Corda_4.7/hibernate-commons-annotations-5.1.0.Final.jar:/home/nslm/docchain/build/nodes/.cache/apps/net.corda.node.Corda_4.7/jboss-logging-3.3.2.Final.jar:/home/nslm/docchain/build/nodes/.cache/apps/net.corda.node.Corda_4.7/artemis-selector-2.6.2.jar:/home/nslm/docchain/build/nodes/.cache/apps/net.corda.node.Corda_4.7/netty-codec-http-4.1.46.Final.jar:/home/nslm/docchain/build/nodes/.cache/apps/net.corda.node.Corda_4.7/netty-handler-4.1.46.Final.jar:/home/nslm/docchain/build/nodes/.cache/apps/net.corda.node.Corda_4.7/netty-transport-native-epoll-4.1.46.Final-linux-x86_64.jar:/home/nslm/docchain/build/nodes/.cache/apps/net.corda.node.Corda_4.7/netty-transport-native-kqueue-4.1.46.Final-osx-x86_64.jar:/home/nslm/docchain/build/nodes/.cache/apps/net.corda.node.Corda_4.7/netty-codec-socks-4.1.46.Final.jar:/home/nslm/docchain/build/nodes/.cache/apps/net.corda.node.Corda_4.7/netty-codec-4.1.46.Final.jar:/home/nslm/docchain/build/nodes/.cache/apps/net.corda.node.Corda_4.7/netty-transport-native-unix-common-4.1.46.Final.jar:/home/nslm/docchain/build/nodes/.cache/apps/net.corda.node.Corda_4.7/netty-transport-4.1.46.Final.jar:/home/nslm/docchain/build/nodes/.cache/apps/net.corda.node.Corda_4.7/netty-buffer-4.1.46.Final.jar:/home/nslm/docchain/build/nodes/.cache/apps/net.corda.node.Corda_4.7/netty-resolver-4.1.46.Final.jar:/home/nslm/docchain/build/nodes/.cache/apps/net.corda.node.Corda_4.7/netty-common-4.1.46.Final.jar:/home/nslm/docchain/build/nodes/.cache/apps/net.corda.node.Corda_4.7/geronimo-json_1.0_spec-1.0-alpha-1.jar:/home/nslm/docchain/build/nodes/.cache/apps/net.corda.node.Corda_4.7/jgroups-3.6.13.Final.jar:/home/nslm/docchain/build/nodes/.cache/apps/net.corda.node.Corda_4.7/johnzon-core-0.9.5.jar:/home/nslm/docchain/build/nodes/.cache/apps/net.corda.node.Corda_4.7/corda-deserializers-djvm-4.7.jar:/home/nslm/docchain/build/nodes/.cache/apps/net.corda.node.Corda_4.7/javax.persistence-api-2.2.jar:/home/nslm/docchain/build/nodes/.cache/apps/net.corda.node.Corda_4.7/javassist-3.24.0-GA.jar:/home/nslm/docchain/build/nodes/.cache/apps/net.corda.node.Corda_4.7/byte-buddy-1.9.10.jar:/home/nslm/docchain/build/nodes/.cache/apps/net.corda.node.Corda_4.7/antlr-2.7.7.jar:/home/nslm/docchain/build/nodes/.cache/apps/net.corda.node.Corda_4.7/jboss-transaction-api_1.2_spec-1.1.1.Final.jar:/home/nslm/docchain/build/nodes/.cache/apps/net.corda.node.Corda_4.7/jandex-2.0.5.Final.jar:/home/nslm/docchain/build/nodes/.cache/apps/net.corda.node.Corda_4.7/classmate-1.3.4.jar:/home/nslm/docchain/build/nodes/.cache/apps/net.corda.node.Corda_4.7/jaxb-runtime-2.3.1.jar:/home/nslm/docchain/build/nodes/.cache/apps/net.corda.node.Corda_4.7/jaxb-api-2.3.1.jar:/home/nslm/docchain/build/nodes/.cache/apps/net.corda.node.Corda_4.7/javax.activation-api-1.2.0.jar:/home/nslm/docchain/build/nodes/.cache/apps/net.corda.node.Corda_4.7/dom4j-2.1.1.jar:/home/nslm/docchain/build/nodes/.cache/apps/net.corda.node.Corda_4.7/okio-1.17.2.jar:/home/nslm/docchain/build/nodes/.cache/apps/net.corda.node.Corda_4.7/jolokia-core-1.6.1.jar:/home/nslm/docchain/build/nodes/.cache/apps/net.corda.node.Corda_4.7/json-simple-1.1.1.jar:/home/nslm/docchain/build/nodes/.cache/apps/net.corda.node.Corda_4.7/newrelic-api-3.10.0.jar:/home/nslm/docchain/build/nodes/.cache/apps/net.corda.node.Corda_4.7/LatencyUtils-2.0.3.jar:/home/nslm/docchain/build/nodes/.cache/apps/net.corda.node.Corda_4.7/HdrHistogram-2.1.9.jar:/home/nslm/docchain/build/nodes/.cache/apps/net.corda.node.Corda_4.7/reflectasm-1.11.3.jar:/home/nslm/docchain/build/nodes/.cache/apps/net.corda.node.Corda_4.7/asm-analysis-5.2.jar:/home/nslm/docchain/build/nodes/.cache/apps/net.corda.node.Corda_4.7/asm-commons-5.2.jar:/home/nslm/docchain/build/nodes/.cache/apps/net.corda.node.Corda_4.7/asm-util-5.2.jar:/home/nslm/docchain/build/nodes/.cache/apps/net.corda.node.Corda_4.7/asm-tree-5.2.jar:/home/nslm/docchain/build/nodes/.cache/apps/net.corda.node.Corda_4.7/asm-7.1.jar:/home/nslm/docchain/build/nodes/.cache/apps/net.corda.node.Corda_4.7/rxjava-1.3.8.jar:/home/nslm/docchain/build/nodes/.cache/apps/net.corda.node.Corda_4.7/commons-lang3-3.9.jar:/home/nslm/docchain/build/nodes/.cache/apps/net.corda.node.Corda_4.7/eddsa-0.3.0.jar:/home/nslm/docchain/build/nodes/.cache/apps/net.corda.node.Corda_4.7/bcpkix-jdk15on-1.66.jar:/home/nslm/docchain/build/nodes/.cache/apps/net.corda.node.Corda_4.7/bcprov-jdk15on-1.66.jar:/home/nslm/docchain/build/nodes/.cache/apps/net.corda.node.Corda_4.7/snappy-0.4.jar:/home/nslm/docchain/build/nodes/.cache/apps/net.corda.node.Corda_4.7/minlog-1.3.0.jar:/home/nslm/docchain/build/nodes/.cache/apps/net.corda.node.Corda_4.7/objenesis-2.5.1.jar:/home/nslm/docchain/build/nodes/.cache/apps/net.corda.node.Corda_4.7/jackson-dataformat-yaml-2.9.7.jar:/home/nslm/docchain/build/nodes/.cache/apps/net.corda.node.Corda_4.7/snakeyaml-1.23.jar:/home/nslm/docchain/build/nodes/.cache/apps/net.corda.node.Corda_4.7/jackson-annotations-2.9.0.jar:/home/nslm/docchain/build/nodes/.cache/apps/net.corda.node.Corda_4.7/jackson-core-2.9.7.jar:/home/nslm/docchain/build/nodes/.cache/apps/net.corda.node.Corda_4.7/crash.cli-1.7.4.jar:/home/nslm/docchain/build/nodes/.cache/apps/net.corda.node.Corda_4.7/groovy-all-1.8.9.jar:/home/nslm/docchain/build/nodes/.cache/apps/net.corda.node.Corda_4.7/sshd-pam-0.11.0.jar:/home/nslm/docchain/build/nodes/.cache/apps/net.corda.node.Corda_4.7/sshd-core-2.3.0.jar:/home/nslm/docchain/build/nodes/.cache/apps/net.corda.node.Corda_4.7/kotlin-stdlib-common-1.2.71.jar:/home/nslm/docchain/build/nodes/.cache/apps/net.corda.node.Corda_4.7/annotations-13.0.jar:/home/nslm/docchain/build/nodes/.cache/apps/net.corda.node.Corda_4.7/txw2-2.3.1.jar:/home/nslm/docchain/build/nodes/.cache/apps/net.corda.node.Corda_4.7/istack-commons-runtime-3.0.7.jar:/home/nslm/docchain/build/nodes/.cache/apps/net.corda.node.Corda_4.7/stax-ex-1.8.jar:/home/nslm/docchain/build/nodes/.cache/apps/net.corda.node.Corda_4.7/FastInfoset-1.2.15.jar:/home/nslm/docchain/build/nodes/.cache/apps/net.corda.node.Corda_4.7/geronimo-jms_2.0_spec-1.0-alpha-2.jar:/home/nslm/docchain/build/nodes/.cache/apps/net.corda.node.Corda_4.7/sshd-common-2.3.0.jar:/home/nslm/docchain/build/nodes/.cache/apps/net.corda.node.Corda_4.7/jpam-1.1.jar:/home/nslm/docchain/build/nodes/.cache/apps/net.corda.node.Corda_4.7/corda-node-4.7.jar:/home/nslm/docchain/drivers/postgresql-42.1.4.jar:/home/nslm/docchain/build/nodes/.cache/apps/net.corda.node.Corda_4.7/quasar-core-0.7.13_r3.jar
[INFO ] 2021-10-04T00:33:25,730Z [main] internal.Node. - VM OpenJDK 64-Bit Server VM Private Build 25.292-b10
[INFO ] 2021-10-04T00:33:25,730Z [main] internal.Node. - Machine: vm-docchain
[INFO ] 2021-10-04T00:33:25,730Z [main] internal.Node. - Working Directory: /home/nslm/docchain/build/nodes/PartyB
[INFO ] 2021-10-04T00:33:25,732Z [main] internal.Node. - Starting as node on partyb:10003
[INFO ] 2021-10-04T00:33:26,037Z [main] cordapp.JarScanningCordappLoader. - Looking for CorDapps in [/home/nslm/docchain/build/nodes/PartyB/cordapps]
[INFO ] 2021-10-04T00:33:26,079Z [main] cordapp.JarScanningCordappLoader. - No CorDapp paths provided
[INFO ] 2021-10-04T00:33:27,954Z [main] internal.Node. - MessagingService active change to: false
[INFO ] 2021-10-04T00:33:28,712Z [main] internal.Node. - Flow external operation executor has a max of 2 threads
[INFO ] 2021-10-04T00:33:29,285Z [main] internal.Node. - Generating nodeInfo ...
[INFO ] 2021-10-04T00:33:29,835Z [main] internal.KeyStoreHandler. - Loaded trusted root certificate: DL7fwxLm5xbiMD8adUuYTsPZHAict46Ng4w6RNcySt5vAw, alias: cordarootca
[INFO ] 2021-10-04T00:33:29,846Z [main] internal.KeyStoreHandler. - Loaded node identity key: DL7sniQs6xDixwmfuPiwoXVTthu2D4kXsvHNgBwzke7BgC, alias: identity-private-key
[INFO ] 2021-10-04T00:33:29,923Z [main] hikari.HikariDataSource. - HikariPool-1 - Starting...
[INFO ] 2021-10-04T00:33:31,503Z [main] pool.PoolBase. - HikariPool-1 - Driver does not support get/set network timeout for connections. (Method org.postgresql.jdbc.PgConnection.getNetworkTimeout() is not yet implemented.)
[INFO ] 2021-10-04T00:33:31,843Z [main] hikari.HikariDataSource. - HikariPool-1 - Start completed.
[INFO ] 2021-10-04T00:33:39,234Z [main] jvm.JdbcExecutor. - SELECT MD5SUM FROM partyb_schema.databasechangelog WHERE MD5SUM IS NOT NULL LIMIT 1
[INFO ] 2021-10-04T00:33:39,380Z [main] jvm.JdbcExecutor. - SELECT COUNT(*) FROM partyb_schema.databasechangelog
[INFO ] 2021-10-04T00:33:39,521Z [main] changelog.StandardChangeLogHistoryService. - Reading from partyb_schema.databasechangelog
[INFO ] 2021-10-04T00:33:39,521Z [main] jvm.JdbcExecutor. - SELECT * FROM partyb_schema.databasechangelog ORDER BY DATEEXECUTED ASC, ORDEREXECUTED ASC
[INFO ] 2021-10-04T00:33:39,962Z [main] jvm.JdbcExecutor. - SELECT COUNT(*) FROM partyb_schema.databasechangeloglock
[INFO ] 2021-10-04T00:33:40,103Z [main] jvm.JdbcExecutor. - SELECT COUNT(*) FROM partyb_schema.databasechangeloglock
[INFO ] 2021-10-04T00:33:41,215Z [main] jvm.JdbcExecutor. - SELECT MD5SUM FROM partyb_schema.databasechangelog WHERE MD5SUM IS NOT NULL LIMIT 1
[INFO ] 2021-10-04T00:33:41,359Z [main] jvm.JdbcExecutor. - SELECT COUNT(*) FROM partyb_schema.databasechangelog
[INFO ] 2021-10-04T00:33:41,500Z [main] changelog.StandardChangeLogHistoryService. - Reading from partyb_schema.databasechangelog
[INFO ] 2021-10-04T00:33:41,500Z [main] jvm.JdbcExecutor. - SELECT * FROM partyb_schema.databasechangelog ORDER BY DATEEXECUTED ASC, ORDEREXECUTED ASC
[INFO ] 2021-10-04T00:33:41,793Z [main] jvm.JdbcExecutor. - SELECT COUNT(*) FROM partyb_schema.databasechangeloglock
[INFO ] 2021-10-04T00:33:41,934Z [main] jvm.JdbcExecutor. - SELECT COUNT(*) FROM partyb_schema.databasechangeloglock
[INFO ] 2021-10-04T00:33:42,520Z [main] internal.Node. - Connected to PostgreSQL database.
[INFO ] 2021-10-04T00:33:42,579Z [main] persistence.HibernateConfiguration. - Init HibernateConfiguration for schemas: [CommonSchemaV1(name=net.corda.core.schemas.CommonSchema, version=1), VaultSchemaV1(name=net.corda.node.services.vault.VaultSchema, version=1), NodeInfoSchemaV1(name=net.corda.node.internal.schemas.NodeInfoSchema, version=1), NodeCoreV1(name=net.corda.node.services.schema.NodeSchemaService$NodeCore, version=1)]
[INFO ] 2021-10-04T00:33:42,619Z [main] factory.BaseSessionFactoryFactory. - Creating session factory for schemas: [CommonSchemaV1(name=net.corda.core.schemas.CommonSchema, version=1), VaultSchemaV1(name=net.corda.node.services.vault.VaultSchema, version=1), NodeInfoSchemaV1(name=net.corda.node.internal.schemas.NodeInfoSchema, version=1), NodeCoreV1(name=net.corda.node.services.schema.NodeSchemaService$NodeCore, version=1)]
[INFO ] 2021-10-04T00:34:41,936Z [main] factory.BaseSessionFactoryFactory. - Created session factory for schemas: [CommonSchemaV1(name=net.corda.core.schemas.CommonSchema, version=1), VaultSchemaV1(name=net.corda.node.services.vault.VaultSchema, version=1), NodeInfoSchemaV1(name=net.corda.node.internal.schemas.NodeInfoSchema, version=1), NodeCoreV1(name=net.corda.node.services.schema.NodeSchemaService$NodeCore, version=1)]
[INFO ] 2021-10-04T00:34:45,219Z [main] internal.Node. - Node-info has changed so submitting update. Old node-info was NodeInfo(addresses=[partyb:10003], legalIdentitiesAndCerts=[CN=PartyB, O=PartyB, L=Boston, C=US], platformVersion=9, serial=1633306654059)
[INFO ] 2021-10-04T00:34:45,680Z [main] network.PersistentNetworkMapCache. - Adding node with info: NodeInfo(addresses=[partyb:10003], legalIdentitiesAndCerts=[CN=PartyB, O=PartyB, L=Boston, C=US], platformVersion=9, serial=1633307685222), owningKey=DL7sniQs6xDixwmfuPiwoXVTthu2D4kXsvHNgBwzke7BgC
[INFO ] 2021-10-04T00:34:45,683Z [main] network.PersistentNetworkMapCache. - Previous node was found for CN=PartyB, O=PartyB, L=Boston, C=US as: NodeInfo(addresses=[partyb:10003], legalIdentitiesAndCerts=[CN=PartyB, O=PartyB, L=Boston, C=US], platformVersion=9, serial=1633306654059), owningKey=DL5UppQ9SYFVAuJJ6GRJSqruh1ngJKAeLHBDiKYa8qwGJm
[INFO ] 2021-10-04T00:34:47,357Z [main] internal.Node. - New node-info: NodeInfo(addresses=[partyb:10003], legalIdentitiesAndCerts=[CN=PartyB, O=PartyB, L=Boston, C=US], platformVersion=9, serial=1633307685222)
[INFO ] 2021-10-04T00:34:49,379Z [main] persistence.CordaPersistence. - Closing HikariDataSource (HikariPool-1)
[INFO ] 2021-10-04T00:34:49,382Z [main] hikari.HikariDataSource. - HikariPool-1 - Shutdown initiated...
[INFO ] 2021-10-04T00:34:49,403Z [main] hikari.HikariDataSource. - HikariPool-1 - Shutdown completed.
[INFO ] 2021-10-04T00:35:36,468Z [main] cliutils.CliWrapperBase. - Application Args: run-migration-scripts --core-schemas --app-schemas
[INFO ] 2021-10-04T00:35:38,105Z [main] manifests.Manifests. - 132 attributes loaded from 179 stream(s) in 191ms, 132 saved, 2776 ignored: ["ActiveMQ-Version", "Agent-Class", "Ant-Version", "Application-Class", "Application-ID", "Application-Library-Allowable-Codebase", "Application-Name", "Application-Version", "Apr-Version", "Archiver-Version", "Automatic-Module-Name", "Bnd-LastModified", "BoringSSL-Branch", "BoringSSL-Revision", "Branch", "Build-Date", "Build-Host", "Build-Id", "Build-Java-Version", "Build-Jdk", "Build-Jdk-Spec", "Build-Job", "Build-Number", "Build-Time", "Build-Timestamp", "Build-Version", "Built-By", "Built-OS", "Built-Status", "Bundle-Activator", "Bundle-Category", "Bundle-ClassPath", "Bundle-Copyright", "Bundle-Description", "Bundle-DocURL", "Bundle-License", "Bundle-ManifestVersion", "Bundle-Name", "Bundle-NativeCode", "Bundle-RequiredExecutionEnvironment", "Bundle-SymbolicName", "Bundle-Vendor", "Bundle-Version", "CLDR-Version", "Caller-Allowable-Codebase", "Can-Redefine-Classes", "Can-Retransform-Classes", "Can-Set-Native-Method-Prefix", "Caplets", "Change", "Class-Path", "Codebase", "Corda-DJVM-Dependencies", "Corda-Deterministic-Classpath", "Corda-Deterministic-Runtime", "Corda-Docs-Link", "Corda-Platform-Version", "Corda-Release-Version", "Corda-Revision", "Corda-Vendor", "Created-By", "DynamicImport-Package", "Eclipse-BuddyPolicy", "Eclipse-LazyStart", "Export-Package", "Extension-Name", "Fragment-Host", "Git-Revision", "Git-Url", "Gradle-Version", "Hibernate-JpaVersion", "Hibernate-VersionFamily", "Implementation-Build", "Implementation-Build-Date", "Implementation-Build-Id", "Implementation-Title", "Implementation-URL", "Implementation-Url", "Implementation-Vendor", "Implementation-Vendor-Id", "Implementation-Version", "Import-Package", "Include-Resource", "JCabi-Build", "JCabi-Date", "JCabi-Version", "JVM-Args", "Java-Agents", "Java-Vendor", "Java-Version", "Kotlin-Runtime-Component", "Kotlin-Version", "Liquibase-Package", "Log4jReleaseKey", "Log4jReleaseManager", "Log4jReleaseVersion", "Main-Class", "Main-class", "Major-Version", "Manifest-Version", "Min-Java-Version", "Min-Update-Version", "Module-Email", "Module-Origin", "Module-Owner", "Module-Source", "Multi-Release", "Originally-Created-By", "Os-Arch", "Os-Name", "Os-Version", "Permissions", "Premain-Class", "Private-Package", "Provide-Capability", "Require-Capability", "SCM-Revision", "SCM-url", "Scm-Connection", "Scm-Revision", "Scm-Url", "Sealed", "Service-Component", "Specification-Title", "Specification-Vendor", "Specification-Version", "System-Properties", "Tool", "Trusted-Library", "URL", "X-Compile-Source-JDK", "X-Compile-Target-JDK"]
[INFO ] 2021-10-04T00:35:38,156Z [main] BasicInfo. - Logs can be found in                    : /home/nslm/docchain/build/nodes/PartyB/logs
[INFO ] 2021-10-04T00:35:39,524Z [main] subcommands.ValidateConfigurationCli. - Actual configuration:
{
    "additionalNodeInfoPollingFrequencyMsec" : 5000,
    "additionalP2PAddresses" : [],
    "attachmentCacheBound" : 1024,
    "baseDirectory" : "/home/nslm/docchain/build/nodes/PartyB",
    "blacklistedAttachmentSigningKeys" : [],
    "certificateChainCheckPolicies" : [],
    "cordappSignerKeyFingerprintBlacklist" : [
        "56CA54E803CB87C8472EBD3FBC6A2F1876E814CEEBF74860BD46997F40729367",
        "83088052AF16700457AE2C978A7D8AC38DD6A7C713539D00B897CD03A5E5D31D",
        "6F6696296C3F58B55FB6CA865A025A3A6CC27AD17C4AFABA1E8EF062E0A82739"
    ],
    "crlCheckArtemisServer" : false,
    "crlCheckSoftFail" : true,
    "dataSourceProperties" : "*****",
    "database" : {
        "exportHibernateJMXStatistics" : false,
        "mappedSchemaCacheSize" : 100
    },
    "detectPublicIp" : false,
    "devMode" : true,
    "emailAddress" : "admin@company.com",
    "extraNetworkMapKeys" : [],
    "flowExternalOperationThreadPoolSize" : 2,
    "flowMonitorPeriodMillis" : {
        "nanos" : 0,
        "seconds" : 60
    },
    "flowMonitorSuspensionLoggingThresholdMillis" : {
        "nanos" : 0,
        "seconds" : 60
    },
    "flowTimeout" : {
        "backoffBase" : 1.8,
        "maxRestartCount" : 6,
        "timeout" : {
            "nanos" : 0,
            "seconds" : 30
        }
    },
    "jarDirs" : [
        "../../../drivers"
    ],
    "jmxReporterType" : "JOLOKIA",
    "keyStorePassword" : "*****",
    "lazyBridgeStart" : true,
    "localShellAllowExitInSafeMode" : true,
    "localShellUnsafe" : false,
    "myLegalName" : "CN=PartyB,O=PartyB,L=Boston,C=US",
    "networkParameterAcceptanceSettings" : {
        "autoAcceptEnabled" : true,
        "excludedAutoAcceptableParameters" : []
    },
    "noLocalShell" : false,
    "p2pAddress" : "partyb:10003",
    "quasarExcludePackages" : [],
    "reloadCheckpointAfterSuspend" : false,
    "rpcSettings" : {
        "address" : "partyb:10013",
        "adminAddress" : "partyb:10043",
        "standAloneBroker" : false,
        "useSsl" : false
    },
    "rpcUsers" : [],
    "security" : {
        "authService" : {
            "dataSource" : {
                "passwordEncryption" : "NONE",
                "type" : "INMEMORY",
                "users" : [
                    {
                        "ignoresFallbacks" : false,
                        "resolved" : true,
                        "value" : {
                            "loadFactor" : 0.75,
                            "modCount" : 3,
                            "size" : 3,
                            "table" : {},
                            "threshold" : 3
                        }
                    }
                ]
            }
        }
    },
    "sshd" : {
        "port" : 2223
    },
    "trustStorePassword" : "*****",
    "useTestClock" : false,
    "verifierType" : "InMemory"
}

[INFO ] 2021-10-04T00:35:39,564Z [main] internal.Node. - Vendor: Corda Open Source
[INFO ] 2021-10-04T00:35:39,574Z [main] internal.Node. - Release: 4.7
[INFO ] 2021-10-04T00:35:39,574Z [main] internal.Node. - Platform Version: 9
[INFO ] 2021-10-04T00:35:39,574Z [main] internal.Node. - Revision: 75618ca7e3150b74de7f6708bda54f56fc6b1cae
[INFO ] 2021-10-04T00:35:39,574Z [main] internal.Node. - PID: 5751
[INFO ] 2021-10-04T00:35:39,575Z [main] internal.Node. - Main class: /home/nslm/docchain/build/nodes/.cache/apps/net.corda.node.Corda_4.7/corda-node-4.7.jar
[INFO ] 2021-10-04T00:35:39,575Z [main] internal.Node. - CommandLine Args: -Xmx512m -XX:+UseG1GC -XX:+HeapDumpOnOutOfMemoryError -XX:+CrashOnOutOfMemoryError -javaagent:/home/nslm/docchain/build/nodes/.cache/apps/net.corda.node.Corda_4.7/quasar-core-0.7.13_r3.jar=x(antlr**;bftsmart**;co.paralleluniverse**;com.codahale**;com.esotericsoftware**;com.fasterxml**;com.google**;com.ibm**;com.intellij**;com.jcabi**;com.nhaarman**;com.opengamma**;com.typesafe**;com.zaxxer**;de.javakaffee**;groovy**;groovyjarjarantlr**;groovyjarjarasm**;io.atomix**;io.github**;io.netty**;jdk**;kotlin**;net.corda.djvm**;djvm**;net.bytebuddy**;net.i2p**;org.apache**;org.bouncycastle**;org.codehaus**;org.crsh**;org.dom4j**;org.fusesource**;org.h2**;org.hibernate**;org.jboss**;org.jcp**;org.joda**;org.objectweb**;org.objenesis**;org.slf4j**;org.w3c**;org.xml**;org.yaml**;reflectasm**;rx**;org.jolokia**;com.lmax**;picocli**;liquibase**;com.github.benmanes**;org.json**;org.postgresql**;nonapi.io.github.classgraph**)l(net.corda.djvm.**;net.corda.core.serialization.internal.**) -Dvisualvm.display.name=Corda -Djava.library.path=/usr/java/packages/lib/amd64:/usr/lib/x86_64-linux-gnu/jni:/lib/x86_64-linux-gnu:/usr/lib/x86_64-linux-gnu:/usr/lib/jni:/lib:/usr/lib:/home/nslm/docchain/build/nodes/.cache/apps/net.corda.node.Corda_4.7 -Dcapsule.app=net.corda.node.Corda_4.7 -Dcapsule.dir=/home/nslm/docchain/build/nodes/.cache/apps/net.corda.node.Corda_4.7 -Dcapsule.jar=/home/nslm/docchain/build/nodes/PartyB/corda.jar
[INFO ] 2021-10-04T00:35:39,575Z [main] internal.Node. - bootclasspath: /usr/lib/jvm/java-8-openjdk-amd64/jre/lib/resources.jar:/usr/lib/jvm/java-8-openjdk-amd64/jre/lib/rt.jar:/usr/lib/jvm/java-8-openjdk-amd64/jre/lib/sunrsasign.jar:/usr/lib/jvm/java-8-openjdk-amd64/jre/lib/jsse.jar:/usr/lib/jvm/java-8-openjdk-amd64/jre/lib/jce.jar:/usr/lib/jvm/java-8-openjdk-amd64/jre/lib/charsets.jar:/usr/lib/jvm/java-8-openjdk-amd64/jre/lib/jfr.jar:/usr/lib/jvm/java-8-openjdk-amd64/jre/classes
[INFO ] 2021-10-04T00:35:39,575Z [main] internal.Node. - classpath: /home/nslm/docchain/build/nodes/PartyB/corda.jar:/home/nslm/docchain/build/nodes/.cache/apps/net.corda.node.Corda_4.7/corda-shell-4.7.jar:/home/nslm/docchain/build/nodes/.cache/apps/net.corda.node.Corda_4.7/corda-rpc-4.7.jar:/home/nslm/docchain/build/nodes/.cache/apps/net.corda.node.Corda_4.7/corda-node-api-4.7.jar:/home/nslm/docchain/build/nodes/.cache/apps/net.corda.node.Corda_4.7/corda-tools-cliutils-4.7.jar:/home/nslm/docchain/build/nodes/.cache/apps/net.corda.node.Corda_4.7/corda-common-configuration-parsing-4.7.jar:/home/nslm/docchain/build/nodes/.cache/apps/net.corda.node.Corda_4.7/corda-common-validation-4.7.jar:/home/nslm/docchain/build/nodes/.cache/apps/net.corda.node.Corda_4.7/corda-common-logging-4.7.jar:/home/nslm/docchain/build/nodes/.cache/apps/net.corda.node.Corda_4.7/corda-confidential-identities-4.7.jar:/home/nslm/docchain/build/nodes/.cache/apps/net.corda.node.Corda_4.7/log4j-slf4j-impl-2.13.3.jar:/home/nslm/docchain/build/nodes/.cache/apps/net.corda.node.Corda_4.7/log4j-web-2.13.3.jar:/home/nslm/docchain/build/nodes/.cache/apps/net.corda.node.Corda_4.7/jul-to-slf4j-1.7.30.jar:/home/nslm/docchain/build/nodes/.cache/apps/net.corda.node.Corda_4.7/corda-serialization-djvm-4.7.jar:/home/nslm/docchain/build/nodes/.cache/apps/net.corda.node.Corda_4.7/corda-djvm-1.1.1.jar:/home/nslm/docchain/build/nodes/.cache/apps/net.corda.node.Corda_4.7/corda-jackson-4.7.jar:/home/nslm/docchain/build/nodes/.cache/apps/net.corda.node.Corda_4.7/corda-serialization-4.7.jar:/home/nslm/docchain/build/nodes/.cache/apps/net.corda.node.Corda_4.7/corda-core-4.7.jar:/home/nslm/docchain/build/nodes/.cache/apps/net.corda.node.Corda_4.7/kotlin-stdlib-jdk8-1.2.71.jar:/home/nslm/docchain/build/nodes/.cache/apps/net.corda.node.Corda_4.7/jackson-module-kotlin-2.9.7.jar:/home/nslm/docchain/build/nodes/.cache/apps/net.corda.node.Corda_4.7/kotlin-reflect-1.2.71.jar:/home/nslm/docchain/build/nodes/.cache/apps/net.corda.node.Corda_4.7/jansi-1.18.jar:/home/nslm/docchain/build/nodes/.cache/apps/net.corda.node.Corda_4.7/metrics-new-relic-1.1.1.jar:/home/nslm/docchain/build/nodes/.cache/apps/net.corda.node.Corda_4.7/quasar-core-0.7.13_r3.jar:/home/nslm/docchain/build/nodes/.cache/apps/net.corda.node.Corda_4.7/guava-28.0-jre.jar:/home/nslm/docchain/build/nodes/.cache/apps/net.corda.node.Corda_4.7/caffeine-2.7.0.jar:/home/nslm/docchain/build/nodes/.cache/apps/net.corda.node.Corda_4.7/disruptor-3.4.2.jar:/home/nslm/docchain/build/nodes/.cache/apps/net.corda.node.Corda_4.7/commons-collections4-4.3.jar:/home/nslm/docchain/build/nodes/.cache/apps/net.corda.node.Corda_4.7/artemis-amqp-protocol-2.6.2.jar:/home/nslm/docchain/build/nodes/.cache/apps/net.corda.node.Corda_4.7/artemis-server-2.6.2.jar:/home/nslm/docchain/build/nodes/.cache/apps/net.corda.node.Corda_4.7/artemis-jdbc-store-2.6.2.jar:/home/nslm/docchain/build/nodes/.cache/apps/net.corda.node.Corda_4.7/artemis-jms-client-2.6.2.jar:/home/nslm/docchain/build/nodes/.cache/apps/net.corda.node.Corda_4.7/artemis-core-client-2.6.2.jar:/home/nslm/docchain/build/nodes/.cache/apps/net.corda.node.Corda_4.7/artemis-journal-2.6.2.jar:/home/nslm/docchain/build/nodes/.cache/apps/net.corda.node.Corda_4.7/artemis-commons-2.6.2.jar:/home/nslm/docchain/build/nodes/.cache/apps/net.corda.node.Corda_4.7/shiro-core-1.4.1.jar:/home/nslm/docchain/build/nodes/.cache/apps/net.corda.node.Corda_4.7/shiro-config-ogdl-1.4.1.jar:/home/nslm/docchain/build/nodes/.cache/apps/net.corda.node.Corda_4.7/commons-beanutils-1.9.4.jar:/home/nslm/docchain/build/nodes/.cache/apps/net.corda.node.Corda_4.7/jcabi-manifests-1.1.jar:/home/nslm/docchain/build/nodes/.cache/apps/net.corda.node.Corda_4.7/metrics-jmx-4.1.0.jar:/home/nslm/docchain/build/nodes/.cache/apps/net.corda.node.Corda_4.7/config-1.3.4.jar:/home/nslm/docchain/build/nodes/.cache/apps/net.corda.node.Corda_4.7/corda-node-djvm-4.7.jar:/home/nslm/docchain/build/nodes/.cache/apps/net.corda.node.Corda_4.7/h2-1.4.199.jar:/home/nslm/docchain/build/nodes/.cache/apps/net.corda.node.Corda_4.7/HikariCP-3.3.1.jar:/home/nslm/docchain/build/nodes/.cache/apps/net.corda.node.Corda_4.7/hibernate-java8-5.4.3.Final.jar:/home/nslm/docchain/build/nodes/.cache/apps/net.corda.node.Corda_4.7/hibernate-core-5.4.3.Final.jar:/home/nslm/docchain/build/nodes/.cache/apps/net.corda.node.Corda_4.7/okhttp-3.14.2.jar:/home/nslm/docchain/build/nodes/.cache/apps/net.corda.node.Corda_4.7/picocli-3.9.6.jar:/home/nslm/docchain/build/nodes/.cache/apps/net.corda.node.Corda_4.7/library-master-v1.1-beta-g6215ec8-87.jar:/home/nslm/docchain/build/nodes/.cache/apps/net.corda.node.Corda_4.7/commons-codec-1.13.jar:/home/nslm/docchain/build/nodes/.cache/apps/net.corda.node.Corda_4.7/copycat-client-1.2.3.jar:/home/nslm/docchain/build/nodes/.cache/apps/net.corda.node.Corda_4.7/copycat-server-1.2.3.jar:/home/nslm/docchain/build/nodes/.cache/apps/net.corda.node.Corda_4.7/catalyst-netty-1.1.2.jar:/home/nslm/docchain/build/nodes/.cache/apps/net.corda.node.Corda_4.7/jolokia-jvm-1.6.1-agent.jar:/home/nslm/docchain/build/nodes/.cache/apps/net.corda.node.Corda_4.7/netty-tcnative-boringssl-static-2.0.29.Final.jar:/home/nslm/docchain/build/nodes/.cache/apps/net.corda.node.Corda_4.7/kotlin-stdlib-jre8-1.2.71.jar:/home/nslm/docchain/build/nodes/.cache/apps/net.corda.node.Corda_4.7/netty-handler-proxy-4.1.46.Final.jar:/home/nslm/docchain/build/nodes/.cache/apps/net.corda.node.Corda_4.7/proton-j-0.33.0.jar:/home/nslm/docchain/build/nodes/.cache/apps/net.corda.node.Corda_4.7/classgraph-4.8.90.jar:/home/nslm/docchain/build/nodes/.cache/apps/net.corda.node.Corda_4.7/kryo-serializers-0.43.jar:/home/nslm/docchain/build/nodes/.cache/apps/net.corda.node.Corda_4.7/kryo-4.0.2.jar:/home/nslm/docchain/build/nodes/.cache/apps/net.corda.node.Corda_4.7/liquibase-core-3.6.3.jar:/home/nslm/docchain/build/nodes/.cache/apps/net.corda.node.Corda_4.7/jackson-datatype-jsr310-2.9.7.jar:/home/nslm/docchain/build/nodes/.cache/apps/net.corda.node.Corda_4.7/jackson-databind-2.9.7.jar:/home/nslm/docchain/build/nodes/.cache/apps/net.corda.node.Corda_4.7/liquibase-slf4j-2.0.0.jar:/home/nslm/docchain/build/nodes/.cache/apps/net.corda.node.Corda_4.7/crash.connectors.ssh-1.7.4.jar:/home/nslm/docchain/build/nodes/.cache/apps/net.corda.node.Corda_4.7/crash.shell-1.7.4.jar:/home/nslm/docchain/build/nodes/.cache/apps/net.corda.node.Corda_4.7/log4j-core-2.13.3.jar:/home/nslm/docchain/build/nodes/.cache/apps/net.corda.node.Corda_4.7/commons-io-2.6.jar:/home/nslm/docchain/build/nodes/.cache/apps/net.corda.node.Corda_4.7/jcabi-log-0.14.jar:/home/nslm/docchain/build/nodes/.cache/apps/net.corda.node.Corda_4.7/metrics-core-4.1.0.jar:/home/nslm/docchain/build/nodes/.cache/apps/net.corda.node.Corda_4.7/shiro-cache-1.4.1.jar:/home/nslm/docchain/build/nodes/.cache/apps/net.corda.node.Corda_4.7/shiro-crypto-hash-1.4.1.jar:/home/nslm/docchain/build/nodes/.cache/apps/net.corda.node.Corda_4.7/shiro-crypto-cipher-1.4.1.jar:/home/nslm/docchain/build/nodes/.cache/apps/net.corda.node.Corda_4.7/shiro-config-core-1.4.1.jar:/home/nslm/docchain/build/nodes/.cache/apps/net.corda.node.Corda_4.7/shiro-event-1.4.1.jar:/home/nslm/docchain/build/nodes/.cache/apps/net.corda.node.Corda_4.7/shiro-crypto-core-1.4.1.jar:/home/nslm/docchain/build/nodes/.cache/apps/net.corda.node.Corda_4.7/shiro-lang-1.4.1.jar:/home/nslm/docchain/build/nodes/.cache/apps/net.corda.node.Corda_4.7/copycat-protocol-1.2.3.jar:/home/nslm/docchain/build/nodes/.cache/apps/net.corda.node.Corda_4.7/catalyst-transport-1.1.2.jar:/home/nslm/docchain/build/nodes/.cache/apps/net.corda.node.Corda_4.7/jcl-over-slf4j-1.7.30.jar:/home/nslm/docchain/build/nodes/.cache/apps/net.corda.node.Corda_4.7/mina-core-2.0.16.jar:/home/nslm/docchain/build/nodes/.cache/apps/net.corda.node.Corda_4.7/catalyst-concurrent-1.1.2.jar:/home/nslm/docchain/build/nodes/.cache/apps/net.corda.node.Corda_4.7/catalyst-serializer-1.1.2.jar:/home/nslm/docchain/build/nodes/.cache/apps/net.corda.node.Corda_4.7/catalyst-buffer-1.1.2.jar:/home/nslm/docchain/build/nodes/.cache/apps/net.corda.node.Corda_4.7/catalyst-common-1.1.2.jar:/home/nslm/docchain/build/nodes/.cache/apps/net.corda.node.Corda_4.7/slf4j-api-1.7.30.jar:/home/nslm/docchain/build/nodes/.cache/apps/net.corda.node.Corda_4.7/log4j-api-2.13.3.jar:/home/nslm/docchain/build/nodes/.cache/apps/net.corda.node.Corda_4.7/kotlin-stdlib-jdk7-1.2.71.jar:/home/nslm/docchain/build/nodes/.cache/apps/net.corda.node.Corda_4.7/kotlin-stdlib-jre7-1.2.71.jar:/home/nslm/docchain/build/nodes/.cache/apps/net.corda.node.Corda_4.7/kotlin-stdlib-1.2.71.jar:/home/nslm/docchain/build/nodes/.cache/apps/net.corda.node.Corda_4.7/failureaccess-1.0.1.jar:/home/nslm/docchain/build/nodes/.cache/apps/net.corda.node.Corda_4.7/listenablefuture-9999.0-empty-to-avoid-conflict-with-guava.jar:/home/nslm/docchain/build/nodes/.cache/apps/net.corda.node.Corda_4.7/jsr305-3.0.2.jar:/home/nslm/docchain/build/nodes/.cache/apps/net.corda.node.Corda_4.7/checker-qual-2.8.1.jar:/home/nslm/docchain/build/nodes/.cache/apps/net.corda.node.Corda_4.7/error_prone_annotations-2.3.3.jar:/home/nslm/docchain/build/nodes/.cache/apps/net.corda.node.Corda_4.7/j2objc-annotations-1.3.jar:/home/nslm/docchain/build/nodes/.cache/apps/net.corda.node.Corda_4.7/animal-sniffer-annotations-1.17.jar:/home/nslm/docchain/build/nodes/.cache/apps/net.corda.node.Corda_4.7/commons-collections-3.2.2.jar:/home/nslm/docchain/build/nodes/.cache/apps/net.corda.node.Corda_4.7/artemis-native-2.6.2.jar:/home/nslm/docchain/build/nodes/.cache/apps/net.corda.node.Corda_4.7/hibernate-commons-annotations-5.1.0.Final.jar:/home/nslm/docchain/build/nodes/.cache/apps/net.corda.node.Corda_4.7/jboss-logging-3.3.2.Final.jar:/home/nslm/docchain/build/nodes/.cache/apps/net.corda.node.Corda_4.7/artemis-selector-2.6.2.jar:/home/nslm/docchain/build/nodes/.cache/apps/net.corda.node.Corda_4.7/netty-codec-http-4.1.46.Final.jar:/home/nslm/docchain/build/nodes/.cache/apps/net.corda.node.Corda_4.7/netty-handler-4.1.46.Final.jar:/home/nslm/docchain/build/nodes/.cache/apps/net.corda.node.Corda_4.7/netty-transport-native-epoll-4.1.46.Final-linux-x86_64.jar:/home/nslm/docchain/build/nodes/.cache/apps/net.corda.node.Corda_4.7/netty-transport-native-kqueue-4.1.46.Final-osx-x86_64.jar:/home/nslm/docchain/build/nodes/.cache/apps/net.corda.node.Corda_4.7/netty-codec-socks-4.1.46.Final.jar:/home/nslm/docchain/build/nodes/.cache/apps/net.corda.node.Corda_4.7/netty-codec-4.1.46.Final.jar:/home/nslm/docchain/build/nodes/.cache/apps/net.corda.node.Corda_4.7/netty-transport-native-unix-common-4.1.46.Final.jar:/home/nslm/docchain/build/nodes/.cache/apps/net.corda.node.Corda_4.7/netty-transport-4.1.46.Final.jar:/home/nslm/docchain/build/nodes/.cache/apps/net.corda.node.Corda_4.7/netty-buffer-4.1.46.Final.jar:/home/nslm/docchain/build/nodes/.cache/apps/net.corda.node.Corda_4.7/netty-resolver-4.1.46.Final.jar:/home/nslm/docchain/build/nodes/.cache/apps/net.corda.node.Corda_4.7/netty-common-4.1.46.Final.jar:/home/nslm/docchain/build/nodes/.cache/apps/net.corda.node.Corda_4.7/geronimo-json_1.0_spec-1.0-alpha-1.jar:/home/nslm/docchain/build/nodes/.cache/apps/net.corda.node.Corda_4.7/jgroups-3.6.13.Final.jar:/home/nslm/docchain/build/nodes/.cache/apps/net.corda.node.Corda_4.7/johnzon-core-0.9.5.jar:/home/nslm/docchain/build/nodes/.cache/apps/net.corda.node.Corda_4.7/corda-deserializers-djvm-4.7.jar:/home/nslm/docchain/build/nodes/.cache/apps/net.corda.node.Corda_4.7/javax.persistence-api-2.2.jar:/home/nslm/docchain/build/nodes/.cache/apps/net.corda.node.Corda_4.7/javassist-3.24.0-GA.jar:/home/nslm/docchain/build/nodes/.cache/apps/net.corda.node.Corda_4.7/byte-buddy-1.9.10.jar:/home/nslm/docchain/build/nodes/.cache/apps/net.corda.node.Corda_4.7/antlr-2.7.7.jar:/home/nslm/docchain/build/nodes/.cache/apps/net.corda.node.Corda_4.7/jboss-transaction-api_1.2_spec-1.1.1.Final.jar:/home/nslm/docchain/build/nodes/.cache/apps/net.corda.node.Corda_4.7/jandex-2.0.5.Final.jar:/home/nslm/docchain/build/nodes/.cache/apps/net.corda.node.Corda_4.7/classmate-1.3.4.jar:/home/nslm/docchain/build/nodes/.cache/apps/net.corda.node.Corda_4.7/jaxb-runtime-2.3.1.jar:/home/nslm/docchain/build/nodes/.cache/apps/net.corda.node.Corda_4.7/jaxb-api-2.3.1.jar:/home/nslm/docchain/build/nodes/.cache/apps/net.corda.node.Corda_4.7/javax.activation-api-1.2.0.jar:/home/nslm/docchain/build/nodes/.cache/apps/net.corda.node.Corda_4.7/dom4j-2.1.1.jar:/home/nslm/docchain/build/nodes/.cache/apps/net.corda.node.Corda_4.7/okio-1.17.2.jar:/home/nslm/docchain/build/nodes/.cache/apps/net.corda.node.Corda_4.7/jolokia-core-1.6.1.jar:/home/nslm/docchain/build/nodes/.cache/apps/net.corda.node.Corda_4.7/json-simple-1.1.1.jar:/home/nslm/docchain/build/nodes/.cache/apps/net.corda.node.Corda_4.7/newrelic-api-3.10.0.jar:/home/nslm/docchain/build/nodes/.cache/apps/net.corda.node.Corda_4.7/LatencyUtils-2.0.3.jar:/home/nslm/docchain/build/nodes/.cache/apps/net.corda.node.Corda_4.7/HdrHistogram-2.1.9.jar:/home/nslm/docchain/build/nodes/.cache/apps/net.corda.node.Corda_4.7/reflectasm-1.11.3.jar:/home/nslm/docchain/build/nodes/.cache/apps/net.corda.node.Corda_4.7/asm-analysis-5.2.jar:/home/nslm/docchain/build/nodes/.cache/apps/net.corda.node.Corda_4.7/asm-commons-5.2.jar:/home/nslm/docchain/build/nodes/.cache/apps/net.corda.node.Corda_4.7/asm-util-5.2.jar:/home/nslm/docchain/build/nodes/.cache/apps/net.corda.node.Corda_4.7/asm-tree-5.2.jar:/home/nslm/docchain/build/nodes/.cache/apps/net.corda.node.Corda_4.7/asm-7.1.jar:/home/nslm/docchain/build/nodes/.cache/apps/net.corda.node.Corda_4.7/rxjava-1.3.8.jar:/home/nslm/docchain/build/nodes/.cache/apps/net.corda.node.Corda_4.7/commons-lang3-3.9.jar:/home/nslm/docchain/build/nodes/.cache/apps/net.corda.node.Corda_4.7/eddsa-0.3.0.jar:/home/nslm/docchain/build/nodes/.cache/apps/net.corda.node.Corda_4.7/bcpkix-jdk15on-1.66.jar:/home/nslm/docchain/build/nodes/.cache/apps/net.corda.node.Corda_4.7/bcprov-jdk15on-1.66.jar:/home/nslm/docchain/build/nodes/.cache/apps/net.corda.node.Corda_4.7/snappy-0.4.jar:/home/nslm/docchain/build/nodes/.cache/apps/net.corda.node.Corda_4.7/minlog-1.3.0.jar:/home/nslm/docchain/build/nodes/.cache/apps/net.corda.node.Corda_4.7/objenesis-2.5.1.jar:/home/nslm/docchain/build/nodes/.cache/apps/net.corda.node.Corda_4.7/jackson-dataformat-yaml-2.9.7.jar:/home/nslm/docchain/build/nodes/.cache/apps/net.corda.node.Corda_4.7/snakeyaml-1.23.jar:/home/nslm/docchain/build/nodes/.cache/apps/net.corda.node.Corda_4.7/jackson-annotations-2.9.0.jar:/home/nslm/docchain/build/nodes/.cache/apps/net.corda.node.Corda_4.7/jackson-core-2.9.7.jar:/home/nslm/docchain/build/nodes/.cache/apps/net.corda.node.Corda_4.7/crash.cli-1.7.4.jar:/home/nslm/docchain/build/nodes/.cache/apps/net.corda.node.Corda_4.7/groovy-all-1.8.9.jar:/home/nslm/docchain/build/nodes/.cache/apps/net.corda.node.Corda_4.7/sshd-pam-0.11.0.jar:/home/nslm/docchain/build/nodes/.cache/apps/net.corda.node.Corda_4.7/sshd-core-2.3.0.jar:/home/nslm/docchain/build/nodes/.cache/apps/net.corda.node.Corda_4.7/kotlin-stdlib-common-1.2.71.jar:/home/nslm/docchain/build/nodes/.cache/apps/net.corda.node.Corda_4.7/annotations-13.0.jar:/home/nslm/docchain/build/nodes/.cache/apps/net.corda.node.Corda_4.7/txw2-2.3.1.jar:/home/nslm/docchain/build/nodes/.cache/apps/net.corda.node.Corda_4.7/istack-commons-runtime-3.0.7.jar:/home/nslm/docchain/build/nodes/.cache/apps/net.corda.node.Corda_4.7/stax-ex-1.8.jar:/home/nslm/docchain/build/nodes/.cache/apps/net.corda.node.Corda_4.7/FastInfoset-1.2.15.jar:/home/nslm/docchain/build/nodes/.cache/apps/net.corda.node.Corda_4.7/geronimo-jms_2.0_spec-1.0-alpha-2.jar:/home/nslm/docchain/build/nodes/.cache/apps/net.corda.node.Corda_4.7/sshd-common-2.3.0.jar:/home/nslm/docchain/build/nodes/.cache/apps/net.corda.node.Corda_4.7/jpam-1.1.jar:/home/nslm/docchain/build/nodes/.cache/apps/net.corda.node.Corda_4.7/corda-node-4.7.jar:/home/nslm/docchain/build/nodes/PartyB/drivers/postgresql-42.1.4.jar:/home/nslm/docchain/drivers/postgresql-42.1.4.jar:/home/nslm/docchain/build/nodes/.cache/apps/net.corda.node.Corda_4.7/quasar-core-0.7.13_r3.jar
[INFO ] 2021-10-04T00:35:39,575Z [main] internal.Node. - VM OpenJDK 64-Bit Server VM Private Build 25.292-b10
[INFO ] 2021-10-04T00:35:39,575Z [main] internal.Node. - Machine: vm-docchain
[INFO ] 2021-10-04T00:35:39,575Z [main] internal.Node. - Working Directory: /home/nslm/docchain/build/nodes/PartyB
[INFO ] 2021-10-04T00:35:39,577Z [main] internal.Node. - Starting as node on partyb:10003
[INFO ] 2021-10-04T00:35:39,774Z [main] cordapp.JarScanningCordappLoader. - Looking for CorDapps in [/home/nslm/docchain/build/nodes/PartyB/cordapps]
[INFO ] 2021-10-04T00:35:39,794Z [main] cordapp.JarScanningCordappLoader. - Loading CorDapps from RestrictedURL(url=file:/home/nslm/docchain/build/nodes/PartyB/cordapps/workflows-0.1.jar, rootPackageName=null), RestrictedURL(url=file:/home/nslm/docchain/build/nodes/PartyB/cordapps/contracts-0.1.jar, rootPackageName=null)
[INFO ] 2021-10-04T00:35:39,809Z [main] cordapp.JarScanningCordappLoader. - Scanning CorDapp in file:/home/nslm/docchain/build/nodes/PartyB/cordapps/workflows-0.1.jar
[INFO ] 2021-10-04T00:35:40,083Z [main] cordapp.JarScanningCordappLoader. - Scanning CorDapp in file:/home/nslm/docchain/build/nodes/PartyB/cordapps/contracts-0.1.jar
[INFO ] 2021-10-04T00:35:41,615Z [main] internal.Node. - MessagingService active change to: false
[INFO ] 2021-10-04T00:35:41,981Z [main] internal.Node. - Flow external operation executor has a max of 2 threads
[INFO ] 2021-10-04T00:35:42,078Z [main] BasicInfo. - Running database schema migration scripts ...
[INFO ] 2021-10-04T00:35:42,118Z [main] hikari.HikariDataSource. - HikariPool-1 - Starting...
[INFO ] 2021-10-04T00:35:43,657Z [main] pool.PoolBase. - HikariPool-1 - Driver does not support get/set network timeout for connections. (Method org.postgresql.jdbc.PgConnection.getNetworkTimeout() is not yet implemented.)
[INFO ] 2021-10-04T00:35:43,973Z [main] hikari.HikariDataSource. - HikariPool-1 - Start completed.
[INFO ] 2021-10-04T00:35:49,342Z [main] jvm.JdbcExecutor. - SELECT MD5SUM FROM partyb_schema.databasechangelog WHERE MD5SUM IS NOT NULL LIMIT 1
[INFO ] 2021-10-04T00:35:49,485Z [main] jvm.JdbcExecutor. - SELECT COUNT(*) FROM partyb_schema.databasechangelog
[INFO ] 2021-10-04T00:35:49,626Z [main] changelog.StandardChangeLogHistoryService. - Reading from partyb_schema.databasechangelog
[INFO ] 2021-10-04T00:35:49,627Z [main] jvm.JdbcExecutor. - SELECT * FROM partyb_schema.databasechangelog ORDER BY DATEEXECUTED ASC, ORDEREXECUTED ASC
[INFO ] 2021-10-04T00:35:50,077Z [main] jvm.JdbcExecutor. - SELECT COUNT(*) FROM partyb_schema.databasechangeloglock
[INFO ] 2021-10-04T00:35:50,219Z [main] jvm.JdbcExecutor. - SELECT COUNT(*) FROM partyb_schema.databasechangeloglock
[INFO ] 2021-10-04T00:35:50,709Z [main] jvm.JdbcExecutor. - SELECT LOCKED FROM partyb_schema.databasechangeloglock WHERE ID=1
[INFO ] 2021-10-04T00:35:51,135Z [main] lockservice.StandardLockService. - Successfully acquired change log lock
[INFO ] 2021-10-04T00:35:51,425Z [main] lockservice.StandardLockService. - Successfully released change log lock
[WARN ] 2021-10-04T00:35:51,444Z [main] persistence.SchemaMigration. - No migration defined for schema: com.docchain.Schema.RegisterSchemaV v1
[INFO ] 2021-10-04T00:35:52,020Z [main] jvm.JdbcExecutor. - SELECT MD5SUM FROM partyb_schema.databasechangelog WHERE MD5SUM IS NOT NULL LIMIT 1
[INFO ] 2021-10-04T00:35:52,161Z [main] jvm.JdbcExecutor. - SELECT COUNT(*) FROM partyb_schema.databasechangelog
[INFO ] 2021-10-04T00:35:52,302Z [main] changelog.StandardChangeLogHistoryService. - Reading from partyb_schema.databasechangelog
[INFO ] 2021-10-04T00:35:52,302Z [main] jvm.JdbcExecutor. - SELECT * FROM partyb_schema.databasechangelog ORDER BY DATEEXECUTED ASC, ORDEREXECUTED ASC
[INFO ] 2021-10-04T00:35:52,600Z [main] jvm.JdbcExecutor. - SELECT COUNT(*) FROM partyb_schema.databasechangeloglock
[INFO ] 2021-10-04T00:35:52,744Z [main] jvm.JdbcExecutor. - SELECT COUNT(*) FROM partyb_schema.databasechangeloglock
[INFO ] 2021-10-04T00:35:53,026Z [main] jvm.JdbcExecutor. - SELECT LOCKED FROM partyb_schema.databasechangeloglock WHERE ID=1
[INFO ] 2021-10-04T00:35:53,450Z [main] lockservice.StandardLockService. - Successfully acquired change log lock
[INFO ] 2021-10-04T00:35:53,734Z [main] lockservice.StandardLockService. - Successfully released change log lock
[INFO ] 2021-10-04T00:35:54,045Z [main] internal.Node. - Connected to PostgreSQL database.
[INFO ] 2021-10-04T00:35:54,049Z [main] BasicInfo. - Database migration scripts for core and app schemas complete. There are no outstanding database changes.
