[WARN ] 2021-10-08T16:52:02,550Z [Thread-1 (activemq-netty-threads)] channel.DefaultChannelPipeline. - An exceptionCaught() event was fired, and it reached at the tail of the pipeline. It usually means the last handler in the pipeline did not handle the exception.
io.netty.channel.unix.Errors$NativeIoException: readAddress(..) failed: Connection reset by peer
[WARN ] 2021-10-08T16:52:08,740Z [Thread-252] core.client. - AMQ212037: Connection failure has been detected: readAddress(..) failed: Connection reset by peer [code=GENERIC_EXCEPTION]
[WARN ] 2021-10-08T16:52:09,909Z [Thread-3 (activemq-netty-threads)] channel.DefaultChannelPipeline. - An exceptionCaught() event was fired, and it reached at the tail of the pipeline. It usually means the last handler in the pipeline did not handle the exception.
io.netty.channel.unix.Errors$NativeIoException: readAddress(..) failed: Connection reset by peer
[WARN ] 2021-10-08T16:52:09,922Z [Thread-4 (activemq-netty-threads)] channel.DefaultChannelPipeline. - An exceptionCaught() event was fired, and it reached at the tail of the pipeline. It usually means the last handler in the pipeline did not handle the exception.
io.netty.channel.unix.Errors$NativeIoException: readAddress(..) failed: Connection reset by peer
[WARN ] 2021-10-08T17:19:04,588Z [Thread-5 (activemq-netty-threads)] channel.DefaultChannelPipeline. - An exceptionCaught() event was fired, and it reached at the tail of the pipeline. It usually means the last handler in the pipeline did not handle the exception.
io.netty.channel.unix.Errors$NativeIoException: readAddress(..) failed: Connection reset by peer
[WARN ] 2021-10-08T17:19:06,101Z [Thread-0 (activemq-netty-threads)] channel.DefaultChannelPipeline. - An exceptionCaught() event was fired, and it reached at the tail of the pipeline. It usually means the last handler in the pipeline did not handle the exception.
io.netty.channel.unix.Errors$NativeIoException: readAddress(..) failed: Connection reset by peer
[WARN ] 2021-10-08T17:19:07,694Z [Thread-256] core.client. - AMQ212037: Connection failure has been detected: readAddress(..) failed: Connection reset by peer [code=GENERIC_EXCEPTION]
[INFO ] 2021-10-08T19:30:10,114Z [main] cliutils.CordaCliWrapper. - Application Args: --base-directory /opt/corda --config-file /etc/corda/node.conf
[INFO ] 2021-10-08T19:30:20,240Z [main] manifests.Manifests. - 131 attributes loaded from 167 stream(s) in 1s, 131 saved, 2694 ignored: ["ActiveMQ-Version", "Agent-Class", "Ant-Version", "Application-Class", "Application-ID", "Application-Library-Allowable-Codebase", "Application-Name", "Application-Version", "Apr-Version", "Archiver-Version", "Automatic-Module-Name", "Bnd-LastModified", "BoringSSL-Branch", "BoringSSL-Revision", "Branch", "Build-Date", "Build-Host", "Build-Id", "Build-Java-Version", "Build-Jdk", "Build-Jdk-Spec", "Build-Job", "Build-Number", "Build-Time", "Build-Timestamp", "Build-Version", "Built-By", "Built-OS", "Built-Status", "Bundle-Activator", "Bundle-Category", "Bundle-ClassPath", "Bundle-Copyright", "Bundle-Description", "Bundle-DocURL", "Bundle-License", "Bundle-ManifestVersion", "Bundle-Name", "Bundle-NativeCode", "Bundle-RequiredExecutionEnvironment", "Bundle-SymbolicName", "Bundle-Vendor", "Bundle-Version", "Caller-Allowable-Codebase", "Can-Redefine-Classes", "Can-Retransform-Classes", "Can-Set-Native-Method-Prefix", "Caplets", "Change", "Class-Path", "Codebase", "Corda-DJVM-Dependencies", "Corda-Deterministic-Classpath", "Corda-Deterministic-Runtime", "Corda-Docs-Link", "Corda-Platform-Version", "Corda-Release-Version", "Corda-Revision", "Corda-Vendor", "Created-By", "DynamicImport-Package", "Eclipse-BuddyPolicy", "Eclipse-LazyStart", "Export-Package", "Extension-Name", "Fragment-Host", "Git-Revision", "Git-Url", "Gradle-Version", "Hibernate-JpaVersion", "Hibernate-VersionFamily", "Implementation-Build", "Implementation-Build-Date", "Implementation-Build-Id", "Implementation-Title", "Implementation-URL", "Implementation-Url", "Implementation-Vendor", "Implementation-Vendor-Id", "Implementation-Version", "Import-Package", "Include-Resource", "JCabi-Build", "JCabi-Date", "JCabi-Version", "JVM-Args", "Java-Agents", "Java-Vendor", "Java-Version", "Kotlin-Runtime-Component", "Kotlin-Version", "Liquibase-Package", "Log4jReleaseKey", "Log4jReleaseManager", "Log4jReleaseVersion", "Main-Class", "Main-class", "Major-Version", "Manifest-Version", "Min-Java-Version", "Min-Update-Version", "Module-Email", "Module-Origin", "Module-Owner", "Module-Source", "Multi-Release", "Originally-Created-By", "Os-Arch", "Os-Name", "Os-Version", "Permissions", "Premain-Class", "Private-Package", "Provide-Capability", "Require-Capability", "SCM-Revision", "SCM-url", "Scm-Connection", "Scm-Revision", "Scm-Url", "Sealed", "Service-Component", "Specification-Title", "Specification-Vendor", "Specification-Version", "System-Properties", "Tool", "Trusted-Library", "URL", "X-Compile-Source-JDK", "X-Compile-Target-JDK"]
[INFO ] 2021-10-08T19:30:20,601Z [main] BasicInfo. - Logs can be found in                    : /opt/corda/logs
[INFO ] 2021-10-08T19:30:27,612Z [main] subcommands.ValidateConfigurationCli. - Actual configuration:
{
    "additionalNodeInfoPollingFrequencyMsec" : 5000,
    "additionalP2PAddresses" : [],
    "attachmentCacheBound" : 1024,
    "baseDirectory" : "/opt/corda",
    "blacklistedAttachmentSigningKeys" : [],
    "certificateChainCheckPolicies" : [],
    "cordappSignerKeyFingerprintBlacklist" : [
        "56CA54E803CB87C8472EBD3FBC6A2F1876E814CEEBF74860BD46997F40729367",
        "83088052AF16700457AE2C978A7D8AC38DD6A7C713539D00B897CD03A5E5D31D",
        "6F6696296C3F58B55FB6CA865A025A3A6CC27AD17C4AFABA1E8EF062E0A82739"
    ],
    "crlCheckArtemisServer" : false,
    "crlCheckSoftFail" : true,
    "dataSourceProperties" : "*****",
    "database" : {
        "exportHibernateJMXStatistics" : false,
        "mappedSchemaCacheSize" : 100
    },
    "detectPublicIp" : false,
    "devMode" : true,
    "emailAddress" : "admin@company.com",
    "extraNetworkMapKeys" : [],
    "flowExternalOperationThreadPoolSize" : 2,
    "flowMonitorPeriodMillis" : {
        "nanos" : 0,
        "seconds" : 60
    },
    "flowMonitorSuspensionLoggingThresholdMillis" : {
        "nanos" : 0,
        "seconds" : 60
    },
    "flowTimeout" : {
        "backoffBase" : 1.8,
        "maxRestartCount" : 6,
        "timeout" : {
            "nanos" : 0,
            "seconds" : 30
        }
    },
    "jarDirs" : [
        "../../../drivers"
    ],
    "jmxReporterType" : "JOLOKIA",
    "keyStorePassword" : "*****",
    "lazyBridgeStart" : true,
    "localShellAllowExitInSafeMode" : true,
    "localShellUnsafe" : false,
    "myLegalName" : "CN=PartyB,O=PartyB,L=Boston,C=US",
    "networkParameterAcceptanceSettings" : {
        "autoAcceptEnabled" : true,
        "excludedAutoAcceptableParameters" : []
    },
    "noLocalShell" : false,
    "p2pAddress" : "partyb:10003",
    "quasarExcludePackages" : [],
    "reloadCheckpointAfterSuspend" : false,
    "rpcSettings" : {
        "address" : "partyb:10013",
        "adminAddress" : "partyb:10043",
        "standAloneBroker" : false,
        "useSsl" : false
    },
    "rpcUsers" : [],
    "security" : {
        "authService" : {
            "dataSource" : {
                "passwordEncryption" : "NONE",
                "type" : "INMEMORY",
                "users" : [
                    {
                        "ignoresFallbacks" : false,
                        "resolved" : true,
                        "value" : {
                            "loadFactor" : 0.75,
                            "modCount" : 3,
                            "size" : 3,
                            "table" : {},
                            "threshold" : 3
                        }
                    }
                ]
            }
        }
    },
    "sshd" : {
        "port" : 2223
    },
    "trustStorePassword" : "*****",
    "useTestClock" : false,
    "verifierType" : "InMemory"
}

[INFO ] 2021-10-08T19:30:27,777Z [main] internal.Node. - Vendor: Corda Open Source
[INFO ] 2021-10-08T19:30:27,811Z [main] internal.Node. - Release: 4.7
[INFO ] 2021-10-08T19:30:27,811Z [main] internal.Node. - Platform Version: 9
[INFO ] 2021-10-08T19:30:27,811Z [main] internal.Node. - Revision: 75618ca7e3150b74de7f6708bda54f56fc6b1cae
[INFO ] 2021-10-08T19:30:27,811Z [main] internal.Node. - PID: 22
[INFO ] 2021-10-08T19:30:27,811Z [main] internal.Node. - Main class: /opt/corda/.capsule/apps/net.corda.node.Corda_4.7/corda-node-4.7.jar
[INFO ] 2021-10-08T19:30:27,811Z [main] internal.Node. - CommandLine Args: -Xmx512m -XX:+UseG1GC -XX:+HeapDumpOnOutOfMemoryError -XX:+CrashOnOutOfMemoryError -XX:+UnlockExperimentalVMOptions -XX:+UseCGroupMemoryLimitForHeap -javaagent:/opt/corda/.capsule/apps/net.corda.node.Corda_4.7/quasar-core-0.7.13_r3.jar=x(antlr**;bftsmart**;co.paralleluniverse**;com.codahale**;com.esotericsoftware**;com.fasterxml**;com.google**;com.ibm**;com.intellij**;com.jcabi**;com.nhaarman**;com.opengamma**;com.typesafe**;com.zaxxer**;de.javakaffee**;groovy**;groovyjarjarantlr**;groovyjarjarasm**;io.atomix**;io.github**;io.netty**;jdk**;kotlin**;net.corda.djvm**;djvm**;net.bytebuddy**;net.i2p**;org.apache**;org.bouncycastle**;org.codehaus**;org.crsh**;org.dom4j**;org.fusesource**;org.h2**;org.hibernate**;org.jboss**;org.jcp**;org.joda**;org.objectweb**;org.objenesis**;org.slf4j**;org.w3c**;org.xml**;org.yaml**;reflectasm**;rx**;org.jolokia**;com.lmax**;picocli**;liquibase**;com.github.benmanes**;org.json**;org.postgresql**;nonapi.io.github.classgraph**)l(net.corda.djvm.**;net.corda.core.serialization.internal.**) -Dvisualvm.display.name=Corda -Djava.library.path=/usr/java/packages/lib/amd64:/usr/lib64:/lib64:/lib:/usr/lib:/opt/corda/.capsule/apps/net.corda.node.Corda_4.7 -Dcapsule.app=net.corda.node.Corda_4.7 -Dcapsule.dir=/opt/corda/.capsule/apps/net.corda.node.Corda_4.7 -Dcapsule.jar=/opt/corda/bin/corda.jar -Djava.security.egd=file:/dev/./urandom
[INFO ] 2021-10-08T19:30:27,811Z [main] internal.Node. - bootclasspath: /usr/lib/jvm/zulu-8-amd64/jre/lib/resources.jar:/usr/lib/jvm/zulu-8-amd64/jre/lib/rt.jar:/usr/lib/jvm/zulu-8-amd64/jre/lib/sunrsasign.jar:/usr/lib/jvm/zulu-8-amd64/jre/lib/jsse.jar:/usr/lib/jvm/zulu-8-amd64/jre/lib/jce.jar:/usr/lib/jvm/zulu-8-amd64/jre/lib/charsets.jar:/usr/lib/jvm/zulu-8-amd64/jre/lib/jfr.jar:/usr/lib/jvm/zulu-8-amd64/jre/classes
[INFO ] 2021-10-08T19:30:27,812Z [main] internal.Node. - classpath: /opt/corda/bin/corda.jar:/opt/corda/.capsule/apps/net.corda.node.Corda_4.7/corda-shell-4.7.jar:/opt/corda/.capsule/apps/net.corda.node.Corda_4.7/corda-rpc-4.7.jar:/opt/corda/.capsule/apps/net.corda.node.Corda_4.7/corda-node-api-4.7.jar:/opt/corda/.capsule/apps/net.corda.node.Corda_4.7/corda-tools-cliutils-4.7.jar:/opt/corda/.capsule/apps/net.corda.node.Corda_4.7/corda-common-configuration-parsing-4.7.jar:/opt/corda/.capsule/apps/net.corda.node.Corda_4.7/corda-common-validation-4.7.jar:/opt/corda/.capsule/apps/net.corda.node.Corda_4.7/corda-common-logging-4.7.jar:/opt/corda/.capsule/apps/net.corda.node.Corda_4.7/corda-confidential-identities-4.7.jar:/opt/corda/.capsule/apps/net.corda.node.Corda_4.7/log4j-slf4j-impl-2.13.3.jar:/opt/corda/.capsule/apps/net.corda.node.Corda_4.7/log4j-web-2.13.3.jar:/opt/corda/.capsule/apps/net.corda.node.Corda_4.7/jul-to-slf4j-1.7.30.jar:/opt/corda/.capsule/apps/net.corda.node.Corda_4.7/corda-serialization-djvm-4.7.jar:/opt/corda/.capsule/apps/net.corda.node.Corda_4.7/corda-djvm-1.1.1.jar:/opt/corda/.capsule/apps/net.corda.node.Corda_4.7/corda-jackson-4.7.jar:/opt/corda/.capsule/apps/net.corda.node.Corda_4.7/corda-serialization-4.7.jar:/opt/corda/.capsule/apps/net.corda.node.Corda_4.7/corda-core-4.7.jar:/opt/corda/.capsule/apps/net.corda.node.Corda_4.7/kotlin-stdlib-jdk8-1.2.71.jar:/opt/corda/.capsule/apps/net.corda.node.Corda_4.7/jackson-module-kotlin-2.9.7.jar:/opt/corda/.capsule/apps/net.corda.node.Corda_4.7/kotlin-reflect-1.2.71.jar:/opt/corda/.capsule/apps/net.corda.node.Corda_4.7/jansi-1.18.jar:/opt/corda/.capsule/apps/net.corda.node.Corda_4.7/metrics-new-relic-1.1.1.jar:/opt/corda/.capsule/apps/net.corda.node.Corda_4.7/quasar-core-0.7.13_r3.jar:/opt/corda/.capsule/apps/net.corda.node.Corda_4.7/guava-28.0-jre.jar:/opt/corda/.capsule/apps/net.corda.node.Corda_4.7/caffeine-2.7.0.jar:/opt/corda/.capsule/apps/net.corda.node.Corda_4.7/disruptor-3.4.2.jar:/opt/corda/.capsule/apps/net.corda.node.Corda_4.7/commons-collections4-4.3.jar:/opt/corda/.capsule/apps/net.corda.node.Corda_4.7/artemis-amqp-protocol-2.6.2.jar:/opt/corda/.capsule/apps/net.corda.node.Corda_4.7/artemis-server-2.6.2.jar:/opt/corda/.capsule/apps/net.corda.node.Corda_4.7/artemis-jdbc-store-2.6.2.jar:/opt/corda/.capsule/apps/net.corda.node.Corda_4.7/artemis-jms-client-2.6.2.jar:/opt/corda/.capsule/apps/net.corda.node.Corda_4.7/artemis-core-client-2.6.2.jar:/opt/corda/.capsule/apps/net.corda.node.Corda_4.7/artemis-journal-2.6.2.jar:/opt/corda/.capsule/apps/net.corda.node.Corda_4.7/artemis-commons-2.6.2.jar:/opt/corda/.capsule/apps/net.corda.node.Corda_4.7/shiro-core-1.4.1.jar:/opt/corda/.capsule/apps/net.corda.node.Corda_4.7/shiro-config-ogdl-1.4.1.jar:/opt/corda/.capsule/apps/net.corda.node.Corda_4.7/commons-beanutils-1.9.4.jar:/opt/corda/.capsule/apps/net.corda.node.Corda_4.7/jcabi-manifests-1.1.jar:/opt/corda/.capsule/apps/net.corda.node.Corda_4.7/metrics-jmx-4.1.0.jar:/opt/corda/.capsule/apps/net.corda.node.Corda_4.7/config-1.3.4.jar:/opt/corda/.capsule/apps/net.corda.node.Corda_4.7/corda-node-djvm-4.7.jar:/opt/corda/.capsule/apps/net.corda.node.Corda_4.7/h2-1.4.199.jar:/opt/corda/.capsule/apps/net.corda.node.Corda_4.7/HikariCP-3.3.1.jar:/opt/corda/.capsule/apps/net.corda.node.Corda_4.7/hibernate-java8-5.4.3.Final.jar:/opt/corda/.capsule/apps/net.corda.node.Corda_4.7/hibernate-core-5.4.3.Final.jar:/opt/corda/.capsule/apps/net.corda.node.Corda_4.7/okhttp-3.14.2.jar:/opt/corda/.capsule/apps/net.corda.node.Corda_4.7/picocli-3.9.6.jar:/opt/corda/.capsule/apps/net.corda.node.Corda_4.7/library-master-v1.1-beta-g6215ec8-87.jar:/opt/corda/.capsule/apps/net.corda.node.Corda_4.7/commons-codec-1.13.jar:/opt/corda/.capsule/apps/net.corda.node.Corda_4.7/copycat-client-1.2.3.jar:/opt/corda/.capsule/apps/net.corda.node.Corda_4.7/copycat-server-1.2.3.jar:/opt/corda/.capsule/apps/net.corda.node.Corda_4.7/catalyst-netty-1.1.2.jar:/opt/corda/.capsule/apps/net.corda.node.Corda_4.7/jolokia-jvm-1.6.1-agent.jar:/opt/corda/.capsule/apps/net.corda.node.Corda_4.7/netty-tcnative-boringssl-static-2.0.29.Final.jar:/opt/corda/.capsule/apps/net.corda.node.Corda_4.7/kotlin-stdlib-jre8-1.2.71.jar:/opt/corda/.capsule/apps/net.corda.node.Corda_4.7/netty-handler-proxy-4.1.46.Final.jar:/opt/corda/.capsule/apps/net.corda.node.Corda_4.7/proton-j-0.33.0.jar:/opt/corda/.capsule/apps/net.corda.node.Corda_4.7/classgraph-4.8.90.jar:/opt/corda/.capsule/apps/net.corda.node.Corda_4.7/kryo-serializers-0.43.jar:/opt/corda/.capsule/apps/net.corda.node.Corda_4.7/kryo-4.0.2.jar:/opt/corda/.capsule/apps/net.corda.node.Corda_4.7/liquibase-core-3.6.3.jar:/opt/corda/.capsule/apps/net.corda.node.Corda_4.7/jackson-datatype-jsr310-2.9.7.jar:/opt/corda/.capsule/apps/net.corda.node.Corda_4.7/jackson-databind-2.9.7.jar:/opt/corda/.capsule/apps/net.corda.node.Corda_4.7/liquibase-slf4j-2.0.0.jar:/opt/corda/.capsule/apps/net.corda.node.Corda_4.7/crash.connectors.ssh-1.7.4.jar:/opt/corda/.capsule/apps/net.corda.node.Corda_4.7/crash.shell-1.7.4.jar:/opt/corda/.capsule/apps/net.corda.node.Corda_4.7/log4j-core-2.13.3.jar:/opt/corda/.capsule/apps/net.corda.node.Corda_4.7/commons-io-2.6.jar:/opt/corda/.capsule/apps/net.corda.node.Corda_4.7/jcabi-log-0.14.jar:/opt/corda/.capsule/apps/net.corda.node.Corda_4.7/metrics-core-4.1.0.jar:/opt/corda/.capsule/apps/net.corda.node.Corda_4.7/shiro-cache-1.4.1.jar:/opt/corda/.capsule/apps/net.corda.node.Corda_4.7/shiro-crypto-hash-1.4.1.jar:/opt/corda/.capsule/apps/net.corda.node.Corda_4.7/shiro-crypto-cipher-1.4.1.jar:/opt/corda/.capsule/apps/net.corda.node.Corda_4.7/shiro-config-core-1.4.1.jar:/opt/corda/.capsule/apps/net.corda.node.Corda_4.7/shiro-event-1.4.1.jar:/opt/corda/.capsule/apps/net.corda.node.Corda_4.7/shiro-crypto-core-1.4.1.jar:/opt/corda/.capsule/apps/net.corda.node.Corda_4.7/shiro-lang-1.4.1.jar:/opt/corda/.capsule/apps/net.corda.node.Corda_4.7/copycat-protocol-1.2.3.jar:/opt/corda/.capsule/apps/net.corda.node.Corda_4.7/catalyst-transport-1.1.2.jar:/opt/corda/.capsule/apps/net.corda.node.Corda_4.7/jcl-over-slf4j-1.7.30.jar:/opt/corda/.capsule/apps/net.corda.node.Corda_4.7/mina-core-2.0.16.jar:/opt/corda/.capsule/apps/net.corda.node.Corda_4.7/catalyst-concurrent-1.1.2.jar:/opt/corda/.capsule/apps/net.corda.node.Corda_4.7/catalyst-serializer-1.1.2.jar:/opt/corda/.capsule/apps/net.corda.node.Corda_4.7/catalyst-buffer-1.1.2.jar:/opt/corda/.capsule/apps/net.corda.node.Corda_4.7/catalyst-common-1.1.2.jar:/opt/corda/.capsule/apps/net.corda.node.Corda_4.7/slf4j-api-1.7.30.jar:/opt/corda/.capsule/apps/net.corda.node.Corda_4.7/log4j-api-2.13.3.jar:/opt/corda/.capsule/apps/net.corda.node.Corda_4.7/kotlin-stdlib-jdk7-1.2.71.jar:/opt/corda/.capsule/apps/net.corda.node.Corda_4.7/kotlin-stdlib-jre7-1.2.71.jar:/opt/corda/.capsule/apps/net.corda.node.Corda_4.7/kotlin-stdlib-1.2.71.jar:/opt/corda/.capsule/apps/net.corda.node.Corda_4.7/failureaccess-1.0.1.jar:/opt/corda/.capsule/apps/net.corda.node.Corda_4.7/listenablefuture-9999.0-empty-to-avoid-conflict-with-guava.jar:/opt/corda/.capsule/apps/net.corda.node.Corda_4.7/jsr305-3.0.2.jar:/opt/corda/.capsule/apps/net.corda.node.Corda_4.7/checker-qual-2.8.1.jar:/opt/corda/.capsule/apps/net.corda.node.Corda_4.7/error_prone_annotations-2.3.3.jar:/opt/corda/.capsule/apps/net.corda.node.Corda_4.7/j2objc-annotations-1.3.jar:/opt/corda/.capsule/apps/net.corda.node.Corda_4.7/animal-sniffer-annotations-1.17.jar:/opt/corda/.capsule/apps/net.corda.node.Corda_4.7/commons-collections-3.2.2.jar:/opt/corda/.capsule/apps/net.corda.node.Corda_4.7/artemis-native-2.6.2.jar:/opt/corda/.capsule/apps/net.corda.node.Corda_4.7/hibernate-commons-annotations-5.1.0.Final.jar:/opt/corda/.capsule/apps/net.corda.node.Corda_4.7/jboss-logging-3.3.2.Final.jar:/opt/corda/.capsule/apps/net.corda.node.Corda_4.7/artemis-selector-2.6.2.jar:/opt/corda/.capsule/apps/net.corda.node.Corda_4.7/netty-codec-http-4.1.46.Final.jar:/opt/corda/.capsule/apps/net.corda.node.Corda_4.7/netty-handler-4.1.46.Final.jar:/opt/corda/.capsule/apps/net.corda.node.Corda_4.7/netty-transport-native-epoll-4.1.46.Final-linux-x86_64.jar:/opt/corda/.capsule/apps/net.corda.node.Corda_4.7/netty-transport-native-kqueue-4.1.46.Final-osx-x86_64.jar:/opt/corda/.capsule/apps/net.corda.node.Corda_4.7/netty-codec-socks-4.1.46.Final.jar:/opt/corda/.capsule/apps/net.corda.node.Corda_4.7/netty-codec-4.1.46.Final.jar:/opt/corda/.capsule/apps/net.corda.node.Corda_4.7/netty-transport-native-unix-common-4.1.46.Final.jar:/opt/corda/.capsule/apps/net.corda.node.Corda_4.7/netty-transport-4.1.46.Final.jar:/opt/corda/.capsule/apps/net.corda.node.Corda_4.7/netty-buffer-4.1.46.Final.jar:/opt/corda/.capsule/apps/net.corda.node.Corda_4.7/netty-resolver-4.1.46.Final.jar:/opt/corda/.capsule/apps/net.corda.node.Corda_4.7/netty-common-4.1.46.Final.jar:/opt/corda/.capsule/apps/net.corda.node.Corda_4.7/geronimo-json_1.0_spec-1.0-alpha-1.jar:/opt/corda/.capsule/apps/net.corda.node.Corda_4.7/jgroups-3.6.13.Final.jar:/opt/corda/.capsule/apps/net.corda.node.Corda_4.7/johnzon-core-0.9.5.jar:/opt/corda/.capsule/apps/net.corda.node.Corda_4.7/corda-deserializers-djvm-4.7.jar:/opt/corda/.capsule/apps/net.corda.node.Corda_4.7/javax.persistence-api-2.2.jar:/opt/corda/.capsule/apps/net.corda.node.Corda_4.7/javassist-3.24.0-GA.jar:/opt/corda/.capsule/apps/net.corda.node.Corda_4.7/byte-buddy-1.9.10.jar:/opt/corda/.capsule/apps/net.corda.node.Corda_4.7/antlr-2.7.7.jar:/opt/corda/.capsule/apps/net.corda.node.Corda_4.7/jboss-transaction-api_1.2_spec-1.1.1.Final.jar:/opt/corda/.capsule/apps/net.corda.node.Corda_4.7/jandex-2.0.5.Final.jar:/opt/corda/.capsule/apps/net.corda.node.Corda_4.7/classmate-1.3.4.jar:/opt/corda/.capsule/apps/net.corda.node.Corda_4.7/jaxb-runtime-2.3.1.jar:/opt/corda/.capsule/apps/net.corda.node.Corda_4.7/jaxb-api-2.3.1.jar:/opt/corda/.capsule/apps/net.corda.node.Corda_4.7/javax.activation-api-1.2.0.jar:/opt/corda/.capsule/apps/net.corda.node.Corda_4.7/dom4j-2.1.1.jar:/opt/corda/.capsule/apps/net.corda.node.Corda_4.7/okio-1.17.2.jar:/opt/corda/.capsule/apps/net.corda.node.Corda_4.7/jolokia-core-1.6.1.jar:/opt/corda/.capsule/apps/net.corda.node.Corda_4.7/json-simple-1.1.1.jar:/opt/corda/.capsule/apps/net.corda.node.Corda_4.7/newrelic-api-3.10.0.jar:/opt/corda/.capsule/apps/net.corda.node.Corda_4.7/LatencyUtils-2.0.3.jar:/opt/corda/.capsule/apps/net.corda.node.Corda_4.7/HdrHistogram-2.1.9.jar:/opt/corda/.capsule/apps/net.corda.node.Corda_4.7/reflectasm-1.11.3.jar:/opt/corda/.capsule/apps/net.corda.node.Corda_4.7/asm-analysis-5.2.jar:/opt/corda/.capsule/apps/net.corda.node.Corda_4.7/asm-commons-5.2.jar:/opt/corda/.capsule/apps/net.corda.node.Corda_4.7/asm-util-5.2.jar:/opt/corda/.capsule/apps/net.corda.node.Corda_4.7/asm-tree-5.2.jar:/opt/corda/.capsule/apps/net.corda.node.Corda_4.7/asm-7.1.jar:/opt/corda/.capsule/apps/net.corda.node.Corda_4.7/rxjava-1.3.8.jar:/opt/corda/.capsule/apps/net.corda.node.Corda_4.7/commons-lang3-3.9.jar:/opt/corda/.capsule/apps/net.corda.node.Corda_4.7/eddsa-0.3.0.jar:/opt/corda/.capsule/apps/net.corda.node.Corda_4.7/bcpkix-jdk15on-1.66.jar:/opt/corda/.capsule/apps/net.corda.node.Corda_4.7/bcprov-jdk15on-1.66.jar:/opt/corda/.capsule/apps/net.corda.node.Corda_4.7/snappy-0.4.jar:/opt/corda/.capsule/apps/net.corda.node.Corda_4.7/minlog-1.3.0.jar:/opt/corda/.capsule/apps/net.corda.node.Corda_4.7/objenesis-2.5.1.jar:/opt/corda/.capsule/apps/net.corda.node.Corda_4.7/jackson-dataformat-yaml-2.9.7.jar:/opt/corda/.capsule/apps/net.corda.node.Corda_4.7/snakeyaml-1.23.jar:/opt/corda/.capsule/apps/net.corda.node.Corda_4.7/jackson-annotations-2.9.0.jar:/opt/corda/.capsule/apps/net.corda.node.Corda_4.7/jackson-core-2.9.7.jar:/opt/corda/.capsule/apps/net.corda.node.Corda_4.7/crash.cli-1.7.4.jar:/opt/corda/.capsule/apps/net.corda.node.Corda_4.7/groovy-all-1.8.9.jar:/opt/corda/.capsule/apps/net.corda.node.Corda_4.7/sshd-pam-0.11.0.jar:/opt/corda/.capsule/apps/net.corda.node.Corda_4.7/sshd-core-2.3.0.jar:/opt/corda/.capsule/apps/net.corda.node.Corda_4.7/kotlin-stdlib-common-1.2.71.jar:/opt/corda/.capsule/apps/net.corda.node.Corda_4.7/annotations-13.0.jar:/opt/corda/.capsule/apps/net.corda.node.Corda_4.7/txw2-2.3.1.jar:/opt/corda/.capsule/apps/net.corda.node.Corda_4.7/istack-commons-runtime-3.0.7.jar:/opt/corda/.capsule/apps/net.corda.node.Corda_4.7/stax-ex-1.8.jar:/opt/corda/.capsule/apps/net.corda.node.Corda_4.7/FastInfoset-1.2.15.jar:/opt/corda/.capsule/apps/net.corda.node.Corda_4.7/geronimo-jms_2.0_spec-1.0-alpha-2.jar:/opt/corda/.capsule/apps/net.corda.node.Corda_4.7/sshd-common-2.3.0.jar:/opt/corda/.capsule/apps/net.corda.node.Corda_4.7/jpam-1.1.jar:/opt/corda/.capsule/apps/net.corda.node.Corda_4.7/corda-node-4.7.jar:/opt/corda/drivers/postgresql-42.1.4.jar:/opt/corda/.capsule/apps/net.corda.node.Corda_4.7/quasar-core-0.7.13_r3.jar
[INFO ] 2021-10-08T19:30:27,812Z [main] internal.Node. - VM OpenJDK 64-Bit Server VM Azul Systems, Inc. 25.192-b01
[INFO ] 2021-10-08T19:30:27,812Z [main] internal.Node. - Machine: 41b5a54a9a8a
[INFO ] 2021-10-08T19:30:27,812Z [main] internal.Node. - Working Directory: /opt/corda
[INFO ] 2021-10-08T19:30:27,831Z [main] internal.Node. - Starting as node on partyb:10003
[INFO ] 2021-10-08T19:30:28,750Z [main] cordapp.JarScanningCordappLoader. - Looking for CorDapps in [/opt/corda/cordapps]
[INFO ] 2021-10-08T19:30:28,855Z [main] cordapp.JarScanningCordappLoader. - Loading CorDapps from RestrictedURL(url=file:/opt/corda/cordapps/workflows-0.1.jar, rootPackageName=null), RestrictedURL(url=file:/opt/corda/cordapps/contracts-0.1.jar, rootPackageName=null)
[INFO ] 2021-10-08T19:30:28,910Z [main] cordapp.JarScanningCordappLoader. - Scanning CorDapp in file:/opt/corda/cordapps/workflows-0.1.jar
[INFO ] 2021-10-08T19:30:29,909Z [main] cordapp.JarScanningCordappLoader. - Scanning CorDapp in file:/opt/corda/cordapps/contracts-0.1.jar
[INFO ] 2021-10-08T19:30:36,672Z [main] internal.Node. - MessagingService active change to: false
[INFO ] 2021-10-08T19:30:38,173Z [main] internal.Node. - Flow external operation executor has a max of 2 threads
[WARN ] 2021-10-08T19:30:38,659Z [main] internal.Node. - This node is running in development mode!  This is not safe for production deployment.
[INFO ] 2021-10-08T19:30:39,489Z [main] internal.Node. - Node starting up ...
[INFO ] 2021-10-08T19:30:39,571Z [main] internal.KeyStoreHandler. - Loaded trusted root certificate: DL7fwxLm5xbiMD8adUuYTsPZHAict46Ng4w6RNcySt5vAw, alias: cordarootca
[INFO ] 2021-10-08T19:30:39,638Z [main] internal.KeyStoreHandler. - Loaded node identity key: DL7sniQs6xDixwmfuPiwoXVTthu2D4kXsvHNgBwzke7BgC, alias: identity-private-key
[INFO ] 2021-10-08T19:30:41,028Z [main] internal.NodeFlowManager. - Registered com.docchain.flows.RegisterFlow to initiate com.docchain.flows.RegisterFlow$Acceptor (version 1)
[INFO ] 2021-10-08T19:30:41,087Z [main] internal.Node. - Binding Shell SSHD server on port 2223.
[INFO ] 2021-10-08T19:30:41,147Z [main] internal.Node. - Setting unsafe users as: [user1]
[INFO ] 2021-10-08T19:30:41,411Z [main] shell.InteractiveShell. - launchShell: User=internalShell perm=[]
[INFO ] 2021-10-08T19:30:41,411Z [main] shell.InteractiveShell. - Shell: PermitExit= true, UNSAFELOCAL=false
[INFO ] 2021-10-08T19:30:41,795Z [main] plugin.PluginManager. - Loaded plugin Plugin[type=SSHPlugin,interface=SSHPlugin]
[INFO ] 2021-10-08T19:30:41,824Z [main] plugin.PluginManager. - Loaded plugin Plugin[type=SSHInlinePlugin,interface=CommandPlugin]
[INFO ] 2021-10-08T19:30:41,826Z [main] plugin.PluginManager. - Loaded plugin Plugin[type=KeyAuthenticationPlugin,interface=KeyAuthenticationPlugin]
[INFO ] 2021-10-08T19:30:41,859Z [main] plugin.PluginManager. - Loaded plugin Plugin[type=CRaSHShellFactory,interface=ShellFactory]
[INFO ] 2021-10-08T19:30:41,883Z [main] plugin.PluginManager. - Loaded plugin Plugin[type=GroovyLanguageProxy,interface=Language]
[INFO ] 2021-10-08T19:30:41,900Z [main] plugin.PluginManager. - Loaded plugin Plugin[type=JavaLanguage,interface=Language]
[INFO ] 2021-10-08T19:30:41,901Z [main] plugin.PluginManager. - Loaded plugin Plugin[type=ScriptLanguage,interface=Language]
[INFO ] 2021-10-08T19:30:41,902Z [main] plugin.PluginManager. - Loaded plugin Plugin[type=JaasAuthenticationPlugin,interface=AuthenticationPlugin]
[INFO ] 2021-10-08T19:30:41,904Z [main] plugin.PluginManager. - Loaded plugin Plugin[type=SimpleAuthenticationPlugin,interface=AuthenticationPlugin]
[INFO ] 2021-10-08T19:30:41,955Z [main] shell.InteractiveShell$ShellLifecycle. - Configuring property ssh.port=2223 from properties
[INFO ] 2021-10-08T19:30:41,956Z [main] shell.InteractiveShell$ShellLifecycle. - Configuring property ssh.keypath=/opt/corda/ssh/hostkey.pem from properties
[INFO ] 2021-10-08T19:30:41,956Z [main] shell.InteractiveShell$ShellLifecycle. - Configuring property ssh.keygen=true from properties
[INFO ] 2021-10-08T19:30:41,956Z [main] shell.InteractiveShell$ShellLifecycle. - Configuring property auth=corda from properties
[INFO ] 2021-10-08T19:30:42,467Z [main] eddsa.EdDSASecurityProviderRegistrar. - getOrCreateProvider(EdDSA) created instance of net.i2p.crypto.eddsa.EdDSASecurityProvider
[INFO ] 2021-10-08T19:30:42,657Z [main] plugin.PluginManager. - Initialized plugin Plugin[type=KeyAuthenticationPlugin,interface=KeyAuthenticationPlugin]
[INFO ] 2021-10-08T19:30:42,657Z [main] plugin.PluginManager. - Initialized plugin Plugin[type=JaasAuthenticationPlugin,interface=AuthenticationPlugin]
[INFO ] 2021-10-08T19:30:42,657Z [main] plugin.PluginManager. - Initialized plugin Plugin[type=SimpleAuthenticationPlugin,interface=AuthenticationPlugin]
[INFO ] 2021-10-08T19:30:42,658Z [main] plugin.PluginManager. - Initialized plugin Plugin[type=CordaAuthenticationPlugin,interface=AuthenticationPlugin]
[INFO ] 2021-10-08T19:30:42,658Z [main] ssh.SSHPlugin. - Booting SSHD
[INFO ] 2021-10-08T19:30:42,811Z [main] plugin.PluginManager. - Initialized plugin Plugin[type=GroovyLanguageProxy,interface=Language]
[INFO ] 2021-10-08T19:30:42,811Z [main] plugin.PluginManager. - Initialized plugin Plugin[type=ScriptLanguage,interface=Language]
[INFO ] 2021-10-08T19:30:42,898Z [main] plugin.PluginManager. - Initialized plugin Plugin[type=CRaSHShellFactory,interface=ShellFactory]
[INFO ] 2021-10-08T19:30:44,019Z [main] term.SSHLifeCycle. - About to start CRaSSHD
[INFO ] 2021-10-08T19:30:44,144Z [main] io.DefaultIoServiceFactoryFactory. - No detected/configured IoServiceFactoryFactory using Nio2ServiceFactoryFactory
[INFO ] 2021-10-08T19:30:44,298Z [main] term.SSHLifeCycle. - CRaSSHD started on port 2223
[INFO ] 2021-10-08T19:30:44,326Z [main] plugin.PluginManager. - Initialized plugin Plugin[type=SSHPlugin,interface=SSHPlugin]
[INFO ] 2021-10-08T19:30:44,326Z [main] plugin.PluginManager. - Initialized plugin Plugin[type=SSHInlinePlugin,interface=CommandPlugin]
[INFO ] 2021-10-08T19:30:44,326Z [main] plugin.PluginManager. - Initialized plugin Plugin[type=CordaDisconnectPlugin,interface=DisconnectPlugin]
[INFO ] 2021-10-08T19:30:56,184Z [main] internal.Node. - Loaded network parameters: NetworkParameters {
      minimumPlatformVersion=9
      notaries=[NotaryInfo(identity=O=Notary, L=London, C=GB, validating=false)]
      maxMessageSize=10485760
      maxTransactionSize=524288000
      whitelistedContractImplementations {
        
      }
      eventHorizon=PT720H
      packageOwnership {
        
      }
      modifiedTime=2021-10-04T00:34:51.381Z
      epoch=1
  }
[INFO ] 2021-10-08T19:30:56,401Z [main] hikari.HikariDataSource. - HikariPool-1 - Starting...
[INFO ] 2021-10-08T19:30:58,820Z [main] pool.PoolBase. - HikariPool-1 - Driver does not support get/set network timeout for connections. (Method org.postgresql.jdbc.PgConnection.getNetworkTimeout() is not yet implemented.)
[INFO ] 2021-10-08T19:30:59,290Z [main] hikari.HikariDataSource. - HikariPool-1 - Start completed.
[INFO ] 2021-10-08T19:31:21,055Z [main] jvm.JdbcExecutor. - SELECT MD5SUM FROM partyb_schema.databasechangelog WHERE MD5SUM IS NOT NULL LIMIT 1
[INFO ] 2021-10-08T19:31:21,206Z [main] jvm.JdbcExecutor. - SELECT COUNT(*) FROM partyb_schema.databasechangelog
[INFO ] 2021-10-08T19:31:21,352Z [main] changelog.StandardChangeLogHistoryService. - Reading from partyb_schema.databasechangelog
[INFO ] 2021-10-08T19:31:21,352Z [main] jvm.JdbcExecutor. - SELECT * FROM partyb_schema.databasechangelog ORDER BY DATEEXECUTED ASC, ORDEREXECUTED ASC
[INFO ] 2021-10-08T19:31:21,863Z [main] jvm.JdbcExecutor. - SELECT COUNT(*) FROM partyb_schema.databasechangeloglock
[INFO ] 2021-10-08T19:31:22,009Z [main] jvm.JdbcExecutor. - SELECT COUNT(*) FROM partyb_schema.databasechangeloglock
[WARN ] 2021-10-08T19:31:23,251Z [main] persistence.SchemaMigration. - No migration defined for schema: com.docchain.Schema.RegisterSchemaV v1
[INFO ] 2021-10-08T19:31:23,900Z [main] jvm.JdbcExecutor. - SELECT MD5SUM FROM partyb_schema.databasechangelog WHERE MD5SUM IS NOT NULL LIMIT 1
[INFO ] 2021-10-08T19:31:24,043Z [main] jvm.JdbcExecutor. - SELECT COUNT(*) FROM partyb_schema.databasechangelog
[INFO ] 2021-10-08T19:31:24,184Z [main] changelog.StandardChangeLogHistoryService. - Reading from partyb_schema.databasechangelog
[INFO ] 2021-10-08T19:31:24,185Z [main] jvm.JdbcExecutor. - SELECT * FROM partyb_schema.databasechangelog ORDER BY DATEEXECUTED ASC, ORDEREXECUTED ASC
[INFO ] 2021-10-08T19:31:24,485Z [main] jvm.JdbcExecutor. - SELECT COUNT(*) FROM partyb_schema.databasechangeloglock
[INFO ] 2021-10-08T19:31:24,627Z [main] jvm.JdbcExecutor. - SELECT COUNT(*) FROM partyb_schema.databasechangeloglock
[INFO ] 2021-10-08T19:31:25,316Z [main] internal.Node. - Connected to PostgreSQL database.
[INFO ] 2021-10-08T19:31:25,820Z [main] persistence.HibernateConfiguration. - Init HibernateConfiguration for schemas: [CommonSchemaV1(name=net.corda.core.schemas.CommonSchema, version=1), VaultSchemaV1(name=net.corda.node.services.vault.VaultSchema, version=1), NodeInfoSchemaV1(name=net.corda.node.internal.schemas.NodeInfoSchema, version=1), NodeCoreV1(name=net.corda.node.services.schema.NodeSchemaService$NodeCore, version=1), RegisterSchema(name=com.docchain.Schema.RegisterSchemaV, version=1)]
[INFO ] 2021-10-08T19:31:25,823Z [main] factory.BaseSessionFactoryFactory. - Creating session factory for schemas: [CommonSchemaV1(name=net.corda.core.schemas.CommonSchema, version=1), VaultSchemaV1(name=net.corda.node.services.vault.VaultSchema, version=1), NodeInfoSchemaV1(name=net.corda.node.internal.schemas.NodeInfoSchema, version=1), NodeCoreV1(name=net.corda.node.services.schema.NodeSchemaService$NodeCore, version=1), RegisterSchema(name=com.docchain.Schema.RegisterSchemaV, version=1)]
[INFO ] 2021-10-08T19:32:35,293Z [main] factory.BaseSessionFactoryFactory. - Created session factory for schemas: [CommonSchemaV1(name=net.corda.core.schemas.CommonSchema, version=1), VaultSchemaV1(name=net.corda.node.services.vault.VaultSchema, version=1), NodeInfoSchemaV1(name=net.corda.node.internal.schemas.NodeInfoSchema, version=1), NodeCoreV1(name=net.corda.node.services.schema.NodeSchemaService$NodeCore, version=1), RegisterSchema(name=com.docchain.Schema.RegisterSchemaV, version=1)]
[INFO ] 2021-10-08T19:32:39,580Z [main] network.NetworkMapUpdater. - Auto-accept enabled for network parameter changes which modify only: [epoch, modifiedTime, packageOwnership, whitelistedContractImplementations]
[INFO ] 2021-10-08T19:32:39,874Z [main] security.RPCSecurityManagerImpl. - Constructing realm from list of users in config [User(user1, permissions=[ALL])]
[INFO ] 2021-10-08T19:32:41,747Z [main] BasicInfo. - Advertised P2P messaging addresses      : partyb:10003
[INFO ] 2021-10-08T19:32:41,795Z [main] BasicInfo. - RPC connection address                  : partyb:10013
[INFO ] 2021-10-08T19:32:41,795Z [main] BasicInfo. - RPC admin connection address            : partyb:10043
[INFO ] 2021-10-08T19:32:42,397Z [RxIoScheduler-2] network.PersistentNetworkMapCache. - Adding node with info: NodeInfo(addresses=[partyc:10004], legalIdentitiesAndCerts=[CN=PartyC, O=PartyC, L=Boston, C=US], platformVersion=9, serial=1633307615736), owningKey=DL8GqDx8ZZmZaXeUJMagti9TiJt4xrjVpiyug7bdoW3KVH
[INFO ] 2021-10-08T19:32:42,397Z [RxIoScheduler-2] network.PersistentNetworkMapCache. - Previous node was identical to incoming one - doing nothing
[INFO ] 2021-10-08T19:32:44,264Z [RxIoScheduler-2] network.PersistentNetworkMapCache. - Adding node with info: NodeInfo(addresses=[notary:10001], legalIdentitiesAndCerts=[O=Notary, L=London, C=GB], platformVersion=9, serial=1633307501158), owningKey=DL4KaLUspTpYAfpFrfzrsfqxcFcCdGRNWWzk1mxhVJhPYM
[INFO ] 2021-10-08T19:32:44,264Z [RxIoScheduler-2] network.PersistentNetworkMapCache. - Previous node was identical to incoming one - doing nothing
[INFO ] 2021-10-08T19:32:46,159Z [RxIoScheduler-2] network.PersistentNetworkMapCache. - Adding node with info: NodeInfo(addresses=[partya:10002], legalIdentitiesAndCerts=[CN=PartyA, O=PartyA, L=Boston, C=US], platformVersion=9, serial=1633307569615), owningKey=DLEm1qu5yeYgisp1wiyTD5T5bwWjoknFZKS6h7CiBkDJPo
[INFO ] 2021-10-08T19:32:46,159Z [RxIoScheduler-2] network.PersistentNetworkMapCache. - Previous node was identical to incoming one - doing nothing
[INFO ] 2021-10-08T19:32:47,222Z [main] messaging.ArtemisMessagingServer. - P2P messaging server listening on 0.0.0.0:10003
[INFO ] 2021-10-08T19:32:47,977Z [main] internal.ArtemisMessagingClient. - Connecting to message broker: localhost:10003
[INFO ] 2021-10-08T19:32:48,049Z [RxIoScheduler-2] network.PersistentNetworkMapCache. - Adding node with info: NodeInfo(addresses=[partyb:10003], legalIdentitiesAndCerts=[CN=PartyB, O=PartyB, L=Boston, C=US], platformVersion=9, serial=1633307685222), owningKey=DL7sniQs6xDixwmfuPiwoXVTthu2D4kXsvHNgBwzke7BgC
[INFO ] 2021-10-08T19:32:48,049Z [RxIoScheduler-2] network.PersistentNetworkMapCache. - Previous node was identical to incoming one - doing nothing
[INFO ] 2021-10-08T19:32:50,847Z [main] internal.ArtemisMessagingClient. - Connecting to message broker: localhost:10003
[INFO ] 2021-10-08T19:32:51,567Z [main] bridging.BridgeControlListener. - Found inboxes: [p2p.inbound.DL7sniQs6xDixwmfuPiwoXVTthu2D4kXsvHNgBwzke7BgC]
[INFO ] 2021-10-08T19:32:51,739Z [main] messaging.P2PMessagingClient. - Connecting to message broker: localhost:10003
[INFO ] 2021-10-08T19:32:52,386Z [Thread-4 (ActiveMQ-client-global-threads)] bridging.BridgeControlListener. - Received bridge control message NodeToBridgeSnapshot(nodeIdentity=CN=PartyB, O=PartyB, L=Boston, C=US, inboxQueues=[p2p.inbound.DL7sniQs6xDixwmfuPiwoXVTthu2D4kXsvHNgBwzke7BgC], sendQueues=[])
[INFO ] 2021-10-08T19:32:52,394Z [Thread-4 (ActiveMQ-client-global-threads)] bridging.BridgeControlListener. - Added inbox: [p2p.inbound.DL7sniQs6xDixwmfuPiwoXVTthu2D4kXsvHNgBwzke7BgC]. Current inboxes: [p2p.inbound.DL7sniQs6xDixwmfuPiwoXVTthu2D4kXsvHNgBwzke7BgC].
[INFO ] 2021-10-08T19:32:57,248Z [main] ClassloaderUtils. - Contracts loading for '/tmp/attachment4980834903785388370.jar' took 48 msec
[INFO ] 2021-10-08T19:33:02,084Z [main] statemachine.SingleThreadedStateMachineManager. - Node ready, info: NodeInfo(addresses=[partyb:10003], legalIdentitiesAndCerts=[CN=PartyB, O=PartyB, L=Boston, C=US], platformVersion=9, serial=1633307685222)
[INFO ] 2021-10-08T19:33:02,208Z [Node thread-1] internal.Node. - Registering JMX reporter:
[INFO ] 2021-10-08T19:33:02,198Z [main] BasicInfo. - Loaded 2 CorDapp(s)                     : Workflow CorDapp: Docchain version 1 by vendor Corda Open Source with licence Apache License, Version 2.0, Contract CorDapp: Docchain version 1 by vendor Corda Open Source with licence Apache License, Version 2.0
[INFO ] 2021-10-08T19:33:02,209Z [Node thread-1] internal.Node. - Registering Jolokia JMX reporter:
[INFO ] 2021-10-08T19:33:02,210Z [main] BasicInfo. - Node for "PartyB" started up and registered in 171.96 sec
[INFO ] 2021-10-08T19:33:02,210Z [main] BasicInfo. - SSH server listening on port            : 2223
[INFO ] 2021-10-08T19:33:02,210Z [main] rpc.RPCServer. - Starting RPC server with configuration RPCServerConfiguration(rpcThreadPoolSize=4, reapInterval=PT1S, deduplicationCacheExpiry=PT24H)
[INFO ] 2021-10-08T19:33:02,652Z [main] BasicInfo. - Running P2PMessaging loop
[INFO ] 2021-10-08T19:33:03,270Z [main] messaging.P2PMessagingClient. - Status change to true
[INFO ] 2021-10-08T19:33:03,273Z [main] internal.Node. - MessagingService active change to: true
